number,value,datetime_start,datetime_complete,duration,params_algorithm,params_filter_criteria,params_filter_threshold,params_k,state
948,0.692566830918446,2024-12-18 23:49:49.040403,2024-12-18 23:49:49.170767,0 days 00:00:00.130364,kmeans,abundance,2.1,10,COMPLETE
949,0.5397863108364935,2024-12-18 23:49:49.172385,2024-12-18 23:49:49.304791,0 days 00:00:00.132406,kmeans,abundance,2.2,10,COMPLETE
950,0.5284455854513485,2024-12-18 23:49:49.306448,2024-12-18 23:49:49.440669,0 days 00:00:00.134221,kmeans,abundance,2.1,10,COMPLETE
951,0.581608115074018,2024-12-18 23:49:49.442300,2024-12-18 23:49:49.579384,0 days 00:00:00.137084,kmeans,abundance,2.1,10,COMPLETE
952,0.6552054138070543,2024-12-18 23:49:49.581003,2024-12-18 23:49:49.710460,0 days 00:00:00.129457,kmeans,abundance,2.2,10,COMPLETE
953,0.5408521627216235,2024-12-18 23:49:49.712072,2024-12-18 23:49:49.843710,0 days 00:00:00.131638,kmeans,abundance,2.1,10,COMPLETE
954,0.5108479172218864,2024-12-18 23:49:49.845242,2024-12-18 23:49:49.977082,0 days 00:00:00.131840,kmeans,abundance,2.2,10,COMPLETE
955,0.5995224506866167,2024-12-18 23:49:49.978726,2024-12-18 23:49:50.111653,0 days 00:00:00.132927,kmeans,abundance,2.1,10,COMPLETE
956,0.6543196241802165,2024-12-18 23:49:50.113302,2024-12-18 23:49:50.244828,0 days 00:00:00.131526,kmeans,abundance,2.1,10,COMPLETE
957,0.46472632566105765,2024-12-18 23:49:50.246458,2024-12-18 23:49:50.376998,0 days 00:00:00.130540,kmeans,abundance,1.9000000000000001,10,COMPLETE
958,0.5426058645063703,2024-12-18 23:49:50.378643,2024-12-18 23:49:50.509104,0 days 00:00:00.130461,kmeans,abundance,1.8,10,COMPLETE
959,0.590223846006812,2024-12-18 23:49:50.510729,2024-12-18 23:49:50.642372,0 days 00:00:00.131643,kmeans,abundance,2.0,10,COMPLETE
960,0.5743732789180988,2024-12-18 23:49:50.643854,2024-12-18 23:49:50.771267,0 days 00:00:00.127413,kmeans,abundance,2.2,10,COMPLETE
961,0.47304976887360156,2024-12-18 23:49:50.773005,2024-12-18 23:49:50.905858,0 days 00:00:00.132853,kmeans,abundance,1.9000000000000001,10,COMPLETE
962,0.5268782761392788,2024-12-18 23:49:50.907420,2024-12-18 23:49:51.043937,0 days 00:00:00.136517,kmeans,abundance,2.0,10,COMPLETE
963,0.44635459614172174,2024-12-18 23:49:51.045549,2024-12-18 23:49:51.181868,0 days 00:00:00.136319,kmeans,abundance,2.1,10,COMPLETE
964,0.6937344324712079,2024-12-18 23:49:51.183428,2024-12-18 23:49:51.314455,0 days 00:00:00.131027,kmeans,abundance,1.9000000000000001,10,COMPLETE
965,0.49960823209102534,2024-12-18 23:49:51.316107,2024-12-18 23:49:51.451034,0 days 00:00:00.134927,kmeans,abundance,2.1,10,COMPLETE
966,0.5731113024678406,2024-12-18 23:49:51.452569,2024-12-18 23:49:51.586048,0 days 00:00:00.133479,kmeans,abundance,1.8,10,COMPLETE
967,0.5581254089138968,2024-12-18 23:49:51.587680,2024-12-18 23:49:51.717090,0 days 00:00:00.129410,kmeans,abundance,2.0,10,COMPLETE
968,0.5290958135363415,2024-12-18 23:49:51.718706,2024-12-18 23:49:51.850964,0 days 00:00:00.132258,kmeans,abundance,1.8,10,COMPLETE
969,0.5359459737741183,2024-12-18 23:49:51.852594,2024-12-18 23:49:51.983462,0 days 00:00:00.130868,kmeans,abundance,2.2,9,COMPLETE
970,0.6031791520338303,2024-12-18 23:49:51.985000,2024-12-18 23:49:52.123991,0 days 00:00:00.138991,kmeans,abundance,1.9000000000000001,10,COMPLETE
971,0.5586597568968718,2024-12-18 23:49:52.125599,2024-12-18 23:49:52.265107,0 days 00:00:00.139508,kmeans,abundance,2.0,10,COMPLETE
972,0.5177496770159198,2024-12-18 23:49:52.266762,2024-12-18 23:49:52.401930,0 days 00:00:00.135168,kmeans,abundance,2.1,10,COMPLETE
973,0.5717725927160218,2024-12-18 23:49:52.403566,2024-12-18 23:49:52.538956,0 days 00:00:00.135390,kmeans,abundance,1.9000000000000001,10,COMPLETE
974,0.5015955390649051,2024-12-18 23:49:52.540547,2024-12-18 23:49:52.676478,0 days 00:00:00.135931,kmeans,abundance,2.0,10,COMPLETE
975,0.5566073094003232,2024-12-18 23:49:52.678125,2024-12-18 23:49:52.811265,0 days 00:00:00.133140,kmeans,abundance,2.1,9,COMPLETE
976,0.6757563125635516,2024-12-18 23:49:52.812905,2024-12-18 23:49:52.945182,0 days 00:00:00.132277,kmeans,abundance,1.9000000000000001,10,COMPLETE
977,0.47963891793842756,2024-12-18 23:49:52.946831,2024-12-18 23:49:53.077896,0 days 00:00:00.131065,kmeans,abundance,2.2,10,COMPLETE
978,0.4572156189172434,2024-12-18 23:49:53.079436,2024-12-18 23:49:53.212238,0 days 00:00:00.132802,kmeans,abundance,1.8,10,COMPLETE
979,0.5839062818953197,2024-12-18 23:49:53.213487,2024-12-18 23:49:53.346139,0 days 00:00:00.132652,kmeans,abundance,1.9000000000000001,10,COMPLETE
980,0.5082451008827474,2024-12-18 23:49:53.347765,2024-12-18 23:49:53.478179,0 days 00:00:00.130414,kmeans,abundance,2.0,10,COMPLETE
981,0.6530184246210737,2024-12-18 23:49:53.479814,2024-12-18 23:49:53.609949,0 days 00:00:00.130135,kmeans,abundance,1.9000000000000001,10,COMPLETE
982,0.6062465811609911,2024-12-18 23:49:53.611539,2024-12-18 23:49:53.740620,0 days 00:00:00.129081,kmeans,abundance,2.0,10,COMPLETE
983,0.5227090630327512,2024-12-18 23:49:53.742240,2024-12-18 23:49:53.874253,0 days 00:00:00.132013,kmeans,abundance,2.1,9,COMPLETE
984,0.6010729015391093,2024-12-18 23:49:53.875787,2024-12-18 23:49:54.008773,0 days 00:00:00.132986,kmeans,abundance,1.8,10,COMPLETE
985,0.5812895251975734,2024-12-18 23:49:54.010413,2024-12-18 23:49:54.143167,0 days 00:00:00.132754,kmeans,abundance,1.9000000000000001,10,COMPLETE
986,0.4841010155566061,2024-12-18 23:49:54.144806,2024-12-18 23:49:54.280201,0 days 00:00:00.135395,kmeans,abundance,2.0,10,COMPLETE
987,0.439606643264646,2024-12-18 23:49:54.281713,2024-12-18 23:49:54.415249,0 days 00:00:00.133536,kmeans,abundance,1.8,10,COMPLETE
988,0.5553599254075512,2024-12-18 23:49:54.416916,2024-12-18 23:49:54.548907,0 days 00:00:00.131991,kmeans,abundance,2.1,10,COMPLETE
989,0.5398828848305743,2024-12-18 23:49:54.550576,2024-12-18 23:49:54.679029,0 days 00:00:00.128453,kmeans,abundance,2.2,10,COMPLETE
990,0.5432117445578865,2024-12-18 23:49:54.680673,2024-12-18 23:49:54.814288,0 days 00:00:00.133615,kmeans,abundance,2.0,10,COMPLETE
991,0.5243397953527617,2024-12-18 23:49:54.815590,2024-12-18 23:49:54.952018,0 days 00:00:00.136428,kmeans,abundance,1.5,10,COMPLETE
992,0.558974712528156,2024-12-18 23:49:54.953701,2024-12-18 23:49:55.082319,0 days 00:00:00.128618,kmeans,abundance,2.1,9,COMPLETE
993,0.5961099258448748,2024-12-18 23:49:55.083963,2024-12-18 23:49:55.217633,0 days 00:00:00.133670,kmeans,abundance,1.9000000000000001,10,COMPLETE
994,0.6391013864673998,2024-12-18 23:49:55.218957,2024-12-18 23:49:55.349643,0 days 00:00:00.130686,kmeans,abundance,1.9000000000000001,10,COMPLETE
995,0.5308113673452656,2024-12-18 23:49:55.351308,2024-12-18 23:49:55.484787,0 days 00:00:00.133479,kmeans,abundance,1.5,10,COMPLETE
996,0.5425330209378979,2024-12-18 23:49:55.486438,2024-12-18 23:49:55.616115,0 days 00:00:00.129677,kmeans,abundance,2.0,9,COMPLETE
997,0.4413590963956983,2024-12-18 23:49:55.617748,2024-12-18 23:49:55.752400,0 days 00:00:00.134652,kmeans,abundance,1.9000000000000001,10,COMPLETE
998,0.5282372684043665,2024-12-18 23:49:55.754067,2024-12-18 23:49:55.887614,0 days 00:00:00.133547,kmeans,abundance,2.0,10,COMPLETE
999,0.5252236916748589,2024-12-18 23:49:55.889242,2024-12-18 23:49:56.025128,0 days 00:00:00.135886,kmeans,abundance,1.9000000000000001,10,COMPLETE
