number,value,datetime_start,datetime_complete,duration,params_algorithm,params_filter_criteria,params_filter_threshold,params_k,state
0,0.5357862512429249,2024-12-18 23:47:51.288498,2024-12-18 23:47:51.389369,0 days 00:00:00.100871,kmeans,abundance,1.8,3,COMPLETE
1,0.4715475409661783,2024-12-18 23:47:51.391004,2024-12-18 23:47:51.484895,0 days 00:00:00.093891,kmeans,abundance,2.1,5,COMPLETE
2,0.40877554612695,2024-12-18 23:47:51.486245,2024-12-18 23:47:51.642096,0 days 00:00:00.155851,kmeans,abundance,0.1,10,COMPLETE
3,0.5856306178251075,2024-12-18 23:47:51.643350,2024-12-18 23:47:51.737246,0 days 00:00:00.093896,kmeans,abundance,2.1,3,COMPLETE
4,0.3729024119671009,2024-12-18 23:47:51.738454,2024-12-18 23:47:51.865023,0 days 00:00:00.126569,kmeans,abundance,0.2,4,COMPLETE
5,0.4947552044193026,2024-12-18 23:47:51.866234,2024-12-18 23:47:51.959466,0 days 00:00:00.093232,kmeans,abundance,2.2,10,COMPLETE
6,0.6337513093241742,2024-12-18 23:47:51.960798,2024-12-18 23:47:52.070514,0 days 00:00:00.109716,kmeans,abundance,0.4,8,COMPLETE
7,0.5825935548714498,2024-12-18 23:47:52.071739,2024-12-18 23:47:52.170501,0 days 00:00:00.098762,kmeans,abundance,1.3,3,COMPLETE
8,0.5480440099208699,2024-12-18 23:47:52.171626,2024-12-18 23:47:52.271090,0 days 00:00:00.099464,kmeans,abundance,1.1,9,COMPLETE
9,0.562976007603108,2024-12-18 23:47:52.272290,2024-12-18 23:47:52.368684,0 days 00:00:00.096394,kmeans,abundance,1.8,5,COMPLETE
10,0.5188140600185497,2024-12-18 23:47:52.369898,2024-12-18 23:47:52.481727,0 days 00:00:00.111829,kmeans,abundance,0.6000000000000001,7,COMPLETE
11,0.6553545337400336,2024-12-18 23:47:52.483063,2024-12-18 23:47:52.587917,0 days 00:00:00.104854,kmeans,abundance,2.5,7,COMPLETE
12,0.4630363581767382,2024-12-18 23:47:52.589044,2024-12-18 23:47:52.704621,0 days 00:00:00.115577,kmeans,abundance,0.8,7,COMPLETE
13,0.5590220852774356,2024-12-18 23:47:52.705951,2024-12-18 23:47:52.813152,0 days 00:00:00.107201,kmeans,abundance,1.3,8,COMPLETE
14,0.506215447740891,2024-12-18 23:47:52.814500,2024-12-18 23:47:52.931635,0 days 00:00:00.117135,kmeans,abundance,0.6000000000000001,7,COMPLETE
15,0.5395644559539221,2024-12-18 23:47:52.932963,2024-12-18 23:47:53.037009,0 days 00:00:00.104046,kmeans,abundance,2.5,8,COMPLETE
16,0.5243767219343817,2024-12-18 23:47:53.038311,2024-12-18 23:47:53.144839,0 days 00:00:00.106528,kmeans,abundance,1.6,6,COMPLETE
17,0.45836276554776373,2024-12-18 23:47:53.146167,2024-12-18 23:47:53.268494,0 days 00:00:00.122327,kmeans,abundance,0.4,9,COMPLETE
18,0.5143492415945429,2024-12-18 23:47:53.269719,2024-12-18 23:47:53.379628,0 days 00:00:00.109909,kmeans,abundance,0.9,6,COMPLETE
19,0.21754586256593544,2024-12-18 23:47:53.380873,2024-12-18 23:47:54.173248,0 days 00:00:00.792375,kmeans,abundance,0.0,8,COMPLETE
20,0.6225905232401049,2024-12-18 23:47:54.174634,2024-12-18 23:47:54.285145,0 days 00:00:00.110511,kmeans,abundance,2.4000000000000004,9,COMPLETE
21,0.5181377375500175,2024-12-18 23:47:54.286503,2024-12-18 23:47:54.389201,0 days 00:00:00.102698,kmeans,abundance,2.5,9,COMPLETE
22,0.5581609076586554,2024-12-18 23:47:54.390525,2024-12-18 23:47:54.494191,0 days 00:00:00.103666,kmeans,abundance,2.3000000000000003,8,COMPLETE
23,0.551692983165931,2024-12-18 23:47:54.495499,2024-12-18 23:47:54.601121,0 days 00:00:00.105622,kmeans,abundance,1.6,9,COMPLETE
24,0.5425602272143831,2024-12-18 23:47:54.602434,2024-12-18 23:47:54.705464,0 days 00:00:00.103030,kmeans,abundance,1.9000000000000001,7,COMPLETE
25,0.58187032866542,2024-12-18 23:47:54.706790,2024-12-18 23:47:54.811124,0 days 00:00:00.104334,kmeans,abundance,2.5,5,COMPLETE
26,0.6322517249657055,2024-12-18 23:47:54.812445,2024-12-18 23:47:54.920327,0 days 00:00:00.107882,kmeans,abundance,1.5,10,COMPLETE
27,0.4475535200450023,2024-12-18 23:47:54.921672,2024-12-18 23:47:55.029993,0 days 00:00:00.108321,kmeans,abundance,1.5,10,COMPLETE
28,0.5480493130884061,2024-12-18 23:47:55.031331,2024-12-18 23:47:55.143017,0 days 00:00:00.111686,kmeans,abundance,0.9,2,COMPLETE
29,0.5363114938274377,2024-12-18 23:47:55.144359,2024-12-18 23:47:55.255816,0 days 00:00:00.111457,kmeans,abundance,1.1,6,COMPLETE
30,0.5841785319130329,2024-12-18 23:47:55.257160,2024-12-18 23:47:55.359038,0 days 00:00:00.101878,kmeans,abundance,1.9000000000000001,10,COMPLETE
31,0.5021809710377968,2024-12-18 23:47:55.360379,2024-12-18 23:47:55.468848,0 days 00:00:00.108469,kmeans,abundance,2.2,9,COMPLETE
32,0.5701226844013434,2024-12-18 23:47:55.470185,2024-12-18 23:47:55.575920,0 days 00:00:00.105735,kmeans,abundance,2.3000000000000003,8,COMPLETE
33,0.6068209007852803,2024-12-18 23:47:55.577252,2024-12-18 23:47:55.684057,0 days 00:00:00.106805,kmeans,abundance,2.0,9,COMPLETE
34,0.623246421570238,2024-12-18 23:47:55.685374,2024-12-18 23:47:55.795724,0 days 00:00:00.110350,kmeans,abundance,1.7000000000000002,10,COMPLETE
35,0.505515957658839,2024-12-18 23:47:55.797070,2024-12-18 23:47:55.907193,0 days 00:00:00.110123,kmeans,abundance,1.5,10,COMPLETE
36,0.6005036228052928,2024-12-18 23:47:55.908546,2024-12-18 23:47:56.018945,0 days 00:00:00.110399,kmeans,abundance,1.7000000000000002,10,COMPLETE
37,0.5490530214100685,2024-12-18 23:47:56.020285,2024-12-18 23:47:56.127793,0 days 00:00:00.107508,kmeans,abundance,1.4000000000000001,4,COMPLETE
38,0.6272427242344834,2024-12-18 23:47:56.129139,2024-12-18 23:47:56.240032,0 days 00:00:00.110893,kmeans,abundance,1.1,10,COMPLETE
39,0.5384551410605511,2024-12-18 23:47:56.241373,2024-12-18 23:47:56.376576,0 days 00:00:00.135203,kmeans,abundance,0.2,7,COMPLETE
40,0.5325805052129275,2024-12-18 23:47:56.377943,2024-12-18 23:47:56.489080,0 days 00:00:00.111137,kmeans,abundance,1.1,5,COMPLETE
41,0.44272254092390306,2024-12-18 23:47:56.490422,2024-12-18 23:47:56.608734,0 days 00:00:00.118312,kmeans,abundance,0.5,10,COMPLETE
42,0.46725806145601195,2024-12-18 23:47:56.610080,2024-12-18 23:47:56.718793,0 days 00:00:00.108713,kmeans,abundance,1.2000000000000002,10,COMPLETE
43,0.4630188230528353,2024-12-18 23:47:56.720124,2024-12-18 23:47:56.833721,0 days 00:00:00.113597,kmeans,abundance,0.8,9,COMPLETE
44,0.4626362392389738,2024-12-18 23:47:56.835063,2024-12-18 23:47:56.960772,0 days 00:00:00.125709,kmeans,abundance,0.30000000000000004,10,COMPLETE
45,0.4938931760352688,2024-12-18 23:47:56.962153,2024-12-18 23:47:57.071769,0 days 00:00:00.109616,kmeans,abundance,1.7000000000000002,8,COMPLETE
46,0.5653974407614463,2024-12-18 23:47:57.073129,2024-12-18 23:47:57.185364,0 days 00:00:00.112235,kmeans,abundance,1.4000000000000001,10,COMPLETE
47,0.5793276526852605,2024-12-18 23:47:57.186535,2024-12-18 23:47:57.292657,0 days 00:00:00.106122,kmeans,abundance,2.0,8,COMPLETE
48,0.5479243084313338,2024-12-18 23:47:57.293985,2024-12-18 23:47:57.407237,0 days 00:00:00.113252,kmeans,abundance,1.0,9,COMPLETE
49,0.4088852563685063,2024-12-18 23:47:57.408568,2024-12-18 23:47:57.522931,0 days 00:00:00.114363,kmeans,abundance,0.6000000000000001,7,COMPLETE
50,0.5359200527924313,2024-12-18 23:47:57.524163,2024-12-18 23:47:57.636062,0 days 00:00:00.111899,kmeans,abundance,0.7000000000000001,9,COMPLETE
51,0.6108537439591791,2024-12-18 23:47:57.637349,2024-12-18 23:47:57.739366,0 days 00:00:00.102017,kmeans,abundance,2.3000000000000003,9,COMPLETE
52,0.497317046457652,2024-12-18 23:47:57.740694,2024-12-18 23:47:57.844860,0 days 00:00:00.104166,kmeans,abundance,2.4000000000000004,10,COMPLETE
53,0.5296645433022377,2024-12-18 23:47:57.846137,2024-12-18 23:47:57.949427,0 days 00:00:00.103290,kmeans,abundance,2.1,9,COMPLETE
54,0.5829575438189037,2024-12-18 23:47:57.950749,2024-12-18 23:47:58.063107,0 days 00:00:00.112358,kmeans,abundance,1.3,8,COMPLETE
55,0.5154862614076002,2024-12-18 23:47:58.064436,2024-12-18 23:47:58.169404,0 days 00:00:00.104968,kmeans,abundance,2.4000000000000004,9,COMPLETE
56,0.6114062694839534,2024-12-18 23:47:58.170484,2024-12-18 23:47:58.274361,0 days 00:00:00.103877,kmeans,abundance,1.8,10,COMPLETE
57,0.5347072051854093,2024-12-18 23:47:58.275706,2024-12-18 23:47:58.378813,0 days 00:00:00.103107,kmeans,abundance,2.2,7,COMPLETE
58,0.1472014328536947,2024-12-18 23:47:58.380164,2024-12-18 23:47:59.153086,0 days 00:00:00.772922,kmeans,abundance,0.0,8,COMPLETE
59,0.5390624749856231,2024-12-18 23:47:59.154359,2024-12-18 23:47:59.270717,0 days 00:00:00.116358,kmeans,abundance,1.2000000000000002,10,COMPLETE
60,0.461329422263276,2024-12-18 23:47:59.272084,2024-12-18 23:47:59.377235,0 days 00:00:00.105151,kmeans,abundance,1.6,9,COMPLETE
61,0.5695183386981174,2024-12-18 23:47:59.378592,2024-12-18 23:47:59.483058,0 days 00:00:00.104466,kmeans,abundance,1.9000000000000001,10,COMPLETE
62,0.6462654948658183,2024-12-18 23:47:59.484378,2024-12-18 23:47:59.589558,0 days 00:00:00.105180,kmeans,abundance,1.8,10,COMPLETE
63,0.5383666529431639,2024-12-18 23:47:59.590831,2024-12-18 23:47:59.697885,0 days 00:00:00.107054,kmeans,abundance,1.7000000000000002,10,COMPLETE
64,0.6361509577117527,2024-12-18 23:47:59.699222,2024-12-18 23:47:59.806351,0 days 00:00:00.107129,kmeans,abundance,1.5,9,COMPLETE
65,0.5975303831929454,2024-12-18 23:47:59.807618,2024-12-18 23:47:59.913920,0 days 00:00:00.106302,kmeans,abundance,1.5,9,COMPLETE
66,0.5326494051099514,2024-12-18 23:47:59.915263,2024-12-18 23:48:00.024747,0 days 00:00:00.109484,kmeans,abundance,1.4000000000000001,6,COMPLETE
67,0.5911712022396983,2024-12-18 23:48:00.026118,2024-12-18 23:48:00.132865,0 days 00:00:00.106747,kmeans,abundance,1.5,10,COMPLETE
68,0.5359142136799792,2024-12-18 23:48:00.134225,2024-12-18 23:48:00.245000,0 days 00:00:00.110775,kmeans,abundance,1.8,9,COMPLETE
69,0.6229830440952304,2024-12-18 23:48:00.246315,2024-12-18 23:48:00.350839,0 days 00:00:00.104524,kmeans,abundance,1.8,8,COMPLETE
70,0.5779957564883219,2024-12-18 23:48:00.352188,2024-12-18 23:48:00.464229,0 days 00:00:00.112041,kmeans,abundance,1.6,10,COMPLETE
71,0.6293169933592636,2024-12-18 23:48:00.465306,2024-12-18 23:48:00.578383,0 days 00:00:00.113077,kmeans,abundance,1.8,8,COMPLETE
72,0.4857375844251833,2024-12-18 23:48:00.579697,2024-12-18 23:48:00.687149,0 days 00:00:00.107452,kmeans,abundance,2.0,7,COMPLETE
73,0.5909900830039209,2024-12-18 23:48:00.688444,2024-12-18 23:48:00.794696,0 days 00:00:00.106252,kmeans,abundance,1.7000000000000002,8,COMPLETE
74,0.4877601744711153,2024-12-18 23:48:00.796028,2024-12-18 23:48:00.907264,0 days 00:00:00.111236,kmeans,abundance,1.4000000000000001,7,COMPLETE
75,0.606965878813455,2024-12-18 23:48:00.908572,2024-12-18 23:48:01.018981,0 days 00:00:00.110409,kmeans,abundance,1.5,9,COMPLETE
76,0.5464011141258578,2024-12-18 23:48:01.020458,2024-12-18 23:48:01.128918,0 days 00:00:00.108460,kmeans,abundance,1.3,10,COMPLETE
77,0.5854696314822073,2024-12-18 23:48:01.130222,2024-12-18 23:48:01.237302,0 days 00:00:00.107080,kmeans,abundance,2.1,8,COMPLETE
78,0.5804391801923239,2024-12-18 23:48:01.238530,2024-12-18 23:48:01.343007,0 days 00:00:00.104477,kmeans,abundance,1.9000000000000001,8,COMPLETE
79,0.6580653993213085,2024-12-18 23:48:01.344345,2024-12-18 23:48:01.457895,0 days 00:00:00.113550,kmeans,abundance,1.0,9,COMPLETE
80,0.4444134672909996,2024-12-18 23:48:01.459245,2024-12-18 23:48:01.568929,0 days 00:00:00.109684,kmeans,abundance,1.0,2,COMPLETE
81,0.5971528489782073,2024-12-18 23:48:01.570175,2024-12-18 23:48:01.679540,0 days 00:00:00.109365,kmeans,abundance,1.2000000000000002,10,COMPLETE
82,0.5683783360821306,2024-12-18 23:48:01.680894,2024-12-18 23:48:01.794316,0 days 00:00:00.113422,kmeans,abundance,0.8,9,COMPLETE
83,0.5277487149570689,2024-12-18 23:48:01.795338,2024-12-18 23:48:01.907908,0 days 00:00:00.112570,kmeans,abundance,1.0,9,COMPLETE
84,0.5211857081992353,2024-12-18 23:48:01.909229,2024-12-18 23:48:02.024080,0 days 00:00:00.114851,kmeans,abundance,0.9,10,COMPLETE
85,0.5634320398791672,2024-12-18 23:48:02.025435,2024-12-18 23:48:02.137402,0 days 00:00:00.111967,kmeans,abundance,1.1,7,COMPLETE
86,0.4825647399752562,2024-12-18 23:48:02.138642,2024-12-18 23:48:02.268602,0 days 00:00:00.129960,kmeans,abundance,0.30000000000000004,10,COMPLETE
87,0.6151502321246224,2024-12-18 23:48:02.269958,2024-12-18 23:48:02.378549,0 days 00:00:00.108591,kmeans,abundance,1.3,6,COMPLETE
88,0.5128308079829469,2024-12-18 23:48:02.379883,2024-12-18 23:48:02.499285,0 days 00:00:00.119402,kmeans,abundance,0.5,9,COMPLETE
89,0.45446027465851135,2024-12-18 23:48:02.500634,2024-12-18 23:48:02.608439,0 days 00:00:00.107805,kmeans,abundance,1.6,8,COMPLETE
90,0.574678276742679,2024-12-18 23:48:02.609770,2024-12-18 23:48:02.716488,0 days 00:00:00.106718,kmeans,abundance,1.8,9,COMPLETE
91,0.5138515866639787,2024-12-18 23:48:02.717810,2024-12-18 23:48:02.824359,0 days 00:00:00.106549,kmeans,abundance,1.8,8,COMPLETE
92,0.5574926809783989,2024-12-18 23:48:02.825686,2024-12-18 23:48:02.932535,0 days 00:00:00.106849,kmeans,abundance,1.7000000000000002,7,COMPLETE
93,0.4840261432523383,2024-12-18 23:48:02.933841,2024-12-18 23:48:03.042277,0 days 00:00:00.108436,kmeans,abundance,1.9000000000000001,8,COMPLETE
94,0.712954953253529,2024-12-18 23:48:03.043625,2024-12-18 23:48:03.152387,0 days 00:00:00.108762,kmeans,abundance,1.4000000000000001,10,COMPLETE
95,0.5752035796340507,2024-12-18 23:48:03.153718,2024-12-18 23:48:03.262825,0 days 00:00:00.109107,kmeans,abundance,1.4000000000000001,10,COMPLETE
96,0.5101041521872743,2024-12-18 23:48:03.264177,2024-12-18 23:48:03.374926,0 days 00:00:00.110749,kmeans,abundance,1.2000000000000002,10,COMPLETE
97,0.6248123311963791,2024-12-18 23:48:03.376286,2024-12-18 23:48:03.485378,0 days 00:00:00.109092,kmeans,abundance,1.5,10,COMPLETE
98,0.6094476228581757,2024-12-18 23:48:03.486713,2024-12-18 23:48:03.594141,0 days 00:00:00.107428,kmeans,abundance,1.5,10,COMPLETE
99,0.5916436300670004,2024-12-18 23:48:03.595459,2024-12-18 23:48:03.710009,0 days 00:00:00.114550,kmeans,abundance,1.3,9,COMPLETE
100,0.519638125761536,2024-12-18 23:48:03.711303,2024-12-18 23:48:03.822355,0 days 00:00:00.111052,kmeans,abundance,1.4000000000000001,10,COMPLETE
101,0.5628497324934525,2024-12-18 23:48:03.823651,2024-12-18 23:48:03.933219,0 days 00:00:00.109568,kmeans,abundance,1.6,10,COMPLETE
102,0.5948952455830674,2024-12-18 23:48:03.934552,2024-12-18 23:48:04.045834,0 days 00:00:00.111282,kmeans,abundance,1.5,10,COMPLETE
103,0.48914205562633883,2024-12-18 23:48:04.047051,2024-12-18 23:48:04.155053,0 days 00:00:00.108002,kmeans,abundance,1.6,10,COMPLETE
104,0.6391973087741528,2024-12-18 23:48:04.156404,2024-12-18 23:48:04.265609,0 days 00:00:00.109205,kmeans,abundance,1.4000000000000001,9,COMPLETE
105,0.5406274283076404,2024-12-18 23:48:04.266959,2024-12-18 23:48:04.376761,0 days 00:00:00.109802,kmeans,abundance,1.2000000000000002,9,COMPLETE
106,0.5179347021080981,2024-12-18 23:48:04.378133,2024-12-18 23:48:04.490190,0 days 00:00:00.112057,kmeans,abundance,1.1,9,COMPLETE
107,0.570009828513532,2024-12-18 23:48:04.491544,2024-12-18 23:48:04.602147,0 days 00:00:00.110603,kmeans,abundance,1.4000000000000001,9,COMPLETE
108,0.6352664273483062,2024-12-18 23:48:04.603504,2024-12-18 23:48:04.714082,0 days 00:00:00.110578,kmeans,abundance,1.3,9,COMPLETE
109,0.6135824043926497,2024-12-18 23:48:04.715416,2024-12-18 23:48:04.825920,0 days 00:00:00.110504,kmeans,abundance,1.3,9,COMPLETE
110,0.5543604145922079,2024-12-18 23:48:04.827268,2024-12-18 23:48:04.941247,0 days 00:00:00.113979,kmeans,abundance,1.1,9,COMPLETE
111,0.5218393230244525,2024-12-18 23:48:04.942568,2024-12-18 23:48:05.055242,0 days 00:00:00.112674,kmeans,abundance,1.5,10,COMPLETE
112,0.4701145717532258,2024-12-18 23:48:05.056280,2024-12-18 23:48:05.169844,0 days 00:00:00.113564,kmeans,abundance,1.3,9,COMPLETE
113,0.40774631177002024,2024-12-18 23:48:05.170781,2024-12-18 23:48:05.288646,0 days 00:00:00.117865,kmeans,abundance,0.7000000000000001,10,COMPLETE
114,0.6089597387134192,2024-12-18 23:48:05.290011,2024-12-18 23:48:05.399848,0 days 00:00:00.109837,kmeans,abundance,1.4000000000000001,9,COMPLETE
115,0.44911520232609514,2024-12-18 23:48:05.401214,2024-12-18 23:48:05.513688,0 days 00:00:00.112474,kmeans,abundance,1.0,10,COMPLETE
116,0.47859819664691433,2024-12-18 23:48:05.515043,2024-12-18 23:48:05.623401,0 days 00:00:00.108358,kmeans,abundance,1.4000000000000001,8,COMPLETE
117,0.4946829009787404,2024-12-18 23:48:05.624720,2024-12-18 23:48:05.733800,0 days 00:00:00.109080,kmeans,abundance,1.2000000000000002,4,COMPLETE
118,0.5380584144570676,2024-12-18 23:48:05.735140,2024-12-18 23:48:05.844510,0 days 00:00:00.109370,kmeans,abundance,1.5,9,COMPLETE
119,0.6154412603333648,2024-12-18 23:48:05.845841,2024-12-18 23:48:05.954204,0 days 00:00:00.108363,kmeans,abundance,2.1,10,COMPLETE
120,0.5701683698577119,2024-12-18 23:48:05.955527,2024-12-18 23:48:06.067166,0 days 00:00:00.111639,kmeans,abundance,1.3,8,COMPLETE
121,0.6315714057365374,2024-12-18 23:48:06.068198,2024-12-18 23:48:06.177507,0 days 00:00:00.109309,kmeans,abundance,1.7000000000000002,10,COMPLETE
122,0.3027432725862467,2024-12-18 23:48:06.178550,2024-12-18 23:48:06.344344,0 days 00:00:00.165794,kmeans,abundance,0.1,10,COMPLETE
123,0.6431860560420494,2024-12-18 23:48:06.345606,2024-12-18 23:48:06.455358,0 days 00:00:00.109752,kmeans,abundance,1.7000000000000002,10,COMPLETE
124,0.5215417757794275,2024-12-18 23:48:06.456709,2024-12-18 23:48:06.568866,0 days 00:00:00.112157,kmeans,abundance,1.6,10,COMPLETE
125,0.5843225521570957,2024-12-18 23:48:06.570177,2024-12-18 23:48:06.681249,0 days 00:00:00.111072,kmeans,abundance,1.7000000000000002,5,COMPLETE
126,0.6037574674822824,2024-12-18 23:48:06.682606,2024-12-18 23:48:06.790824,0 days 00:00:00.108218,kmeans,abundance,1.7000000000000002,9,COMPLETE
127,0.5769604474352105,2024-12-18 23:48:06.792222,2024-12-18 23:48:06.901828,0 days 00:00:00.109606,kmeans,abundance,1.8,10,COMPLETE
128,0.5459559316084311,2024-12-18 23:48:06.903091,2024-12-18 23:48:07.011807,0 days 00:00:00.108716,kmeans,abundance,1.9000000000000001,9,COMPLETE
129,0.5312969321620349,2024-12-18 23:48:07.013181,2024-12-18 23:48:07.137229,0 days 00:00:00.124048,kmeans,abundance,0.4,7,COMPLETE
130,0.5376003330079872,2024-12-18 23:48:07.138608,2024-12-18 23:48:07.247598,0 days 00:00:00.108990,kmeans,abundance,2.0,10,COMPLETE
131,0.5950027334747102,2024-12-18 23:48:07.248930,2024-12-18 23:48:07.355359,0 days 00:00:00.106429,kmeans,abundance,1.5,10,COMPLETE
132,0.5720450478819928,2024-12-18 23:48:07.356707,2024-12-18 23:48:07.467454,0 days 00:00:00.110747,kmeans,abundance,1.6,10,COMPLETE
133,0.5895944961764307,2024-12-18 23:48:07.468795,2024-12-18 23:48:07.577204,0 days 00:00:00.108409,kmeans,abundance,1.7000000000000002,10,COMPLETE
134,0.5638471426643955,2024-12-18 23:48:07.578807,2024-12-18 23:48:07.689551,0 days 00:00:00.110744,kmeans,abundance,1.6,10,COMPLETE
135,0.649044312340849,2024-12-18 23:48:07.690831,2024-12-18 23:48:07.801537,0 days 00:00:00.110706,kmeans,abundance,1.5,10,COMPLETE
136,0.5833499709121809,2024-12-18 23:48:07.802742,2024-12-18 23:48:07.907897,0 days 00:00:00.105155,kmeans,abundance,2.5,9,COMPLETE
137,0.5513394204245757,2024-12-18 23:48:07.909138,2024-12-18 23:48:08.020267,0 days 00:00:00.111129,kmeans,abundance,1.4000000000000001,10,COMPLETE
138,0.6207816248955105,2024-12-18 23:48:08.021611,2024-12-18 23:48:08.133619,0 days 00:00:00.112008,kmeans,abundance,1.2000000000000002,9,COMPLETE
139,0.5625928238315953,2024-12-18 23:48:08.134974,2024-12-18 23:48:08.245285,0 days 00:00:00.110311,kmeans,abundance,1.8,10,COMPLETE
140,0.47952201580111903,2024-12-18 23:48:08.246644,2024-12-18 23:48:08.359995,0 days 00:00:00.113351,kmeans,abundance,0.9,8,COMPLETE
141,0.5624240643016849,2024-12-18 23:48:08.361372,2024-12-18 23:48:08.473260,0 days 00:00:00.111888,kmeans,abundance,1.5,10,COMPLETE
142,0.5647454150816558,2024-12-18 23:48:08.474585,2024-12-18 23:48:08.586670,0 days 00:00:00.112085,kmeans,abundance,1.4000000000000001,10,COMPLETE
143,0.555036553763434,2024-12-18 23:48:08.588015,2024-12-18 23:48:08.694189,0 days 00:00:00.106174,kmeans,abundance,2.2,10,COMPLETE
144,0.5947317726712301,2024-12-18 23:48:08.695503,2024-12-18 23:48:08.803396,0 days 00:00:00.107893,kmeans,abundance,1.7000000000000002,10,COMPLETE
145,0.48205678901899657,2024-12-18 23:48:08.804766,2024-12-18 23:48:08.914281,0 days 00:00:00.109515,kmeans,abundance,1.6,7,COMPLETE
146,0.5697729498801086,2024-12-18 23:48:08.915632,2024-12-18 23:48:09.028479,0 days 00:00:00.112847,kmeans,abundance,1.3,10,COMPLETE
147,0.5431090043546384,2024-12-18 23:48:09.030006,2024-12-18 23:48:09.143454,0 days 00:00:00.113448,kmeans,abundance,1.1,9,COMPLETE
148,0.5115105008208637,2024-12-18 23:48:09.144947,2024-12-18 23:48:09.256387,0 days 00:00:00.111440,kmeans,abundance,1.4000000000000001,10,COMPLETE
149,0.4991842400792086,2024-12-18 23:48:09.257752,2024-12-18 23:48:09.365727,0 days 00:00:00.107975,kmeans,abundance,1.5,9,COMPLETE
150,0.6008378235058419,2024-12-18 23:48:09.367085,2024-12-18 23:48:09.476064,0 days 00:00:00.108979,kmeans,abundance,1.5,10,COMPLETE
151,0.4759507657094671,2024-12-18 23:48:09.477374,2024-12-18 23:48:09.586596,0 days 00:00:00.109222,kmeans,abundance,1.6,10,COMPLETE
152,0.5591738423672469,2024-12-18 23:48:09.587936,2024-12-18 23:48:09.698228,0 days 00:00:00.110292,kmeans,abundance,1.7000000000000002,10,COMPLETE
153,0.6423299863880024,2024-12-18 23:48:09.699575,2024-12-18 23:48:09.811564,0 days 00:00:00.111989,kmeans,abundance,1.7000000000000002,10,COMPLETE
154,0.4778746591366522,2024-12-18 23:48:09.812935,2024-12-18 23:48:09.921654,0 days 00:00:00.108719,kmeans,abundance,1.9000000000000001,10,COMPLETE
155,0.6207529447773045,2024-12-18 23:48:09.923041,2024-12-18 23:48:10.036277,0 days 00:00:00.113236,kmeans,abundance,1.6,10,COMPLETE
156,0.5667124145803454,2024-12-18 23:48:10.037567,2024-12-18 23:48:10.148965,0 days 00:00:00.111398,kmeans,abundance,1.8,9,COMPLETE
157,0.5225338600733753,2024-12-18 23:48:10.150348,2024-12-18 23:48:10.260311,0 days 00:00:00.109963,kmeans,abundance,1.4000000000000001,10,COMPLETE
