number,value,datetime_start,datetime_complete,duration,params_algorithm,params_filter_criteria,params_filter_threshold,params_k,state
315,0.516376607238947,2024-12-18 23:48:29.022169,2024-12-18 23:48:29.144759,0 days 00:00:00.122590,kmeans,abundance,0.9,5,COMPLETE
316,0.5903366123972191,2024-12-18 23:48:29.146100,2024-12-18 23:48:29.261391,0 days 00:00:00.115291,kmeans,abundance,1.5,10,COMPLETE
317,0.5803132708963098,2024-12-18 23:48:29.262698,2024-12-18 23:48:29.374648,0 days 00:00:00.111950,kmeans,abundance,1.7000000000000002,9,COMPLETE
318,0.5503344703624474,2024-12-18 23:48:29.376072,2024-12-18 23:48:29.490507,0 days 00:00:00.114435,kmeans,abundance,1.6,10,COMPLETE
319,0.5958670457847881,2024-12-18 23:48:29.491918,2024-12-18 23:48:29.605605,0 days 00:00:00.113687,kmeans,abundance,1.9000000000000001,10,COMPLETE
320,0.6279187787678122,2024-12-18 23:48:29.606954,2024-12-18 23:48:29.724419,0 days 00:00:00.117465,kmeans,abundance,1.3,10,COMPLETE
321,0.6424395825718058,2024-12-18 23:48:29.725822,2024-12-18 23:48:29.843153,0 days 00:00:00.117331,kmeans,abundance,1.2000000000000002,8,COMPLETE
322,0.580871545085429,2024-12-18 23:48:29.844584,2024-12-18 23:48:29.961629,0 days 00:00:00.117045,kmeans,abundance,1.2000000000000002,8,COMPLETE
323,0.643745869477201,2024-12-18 23:48:29.962957,2024-12-18 23:48:30.081312,0 days 00:00:00.118355,kmeans,abundance,1.1,8,COMPLETE
324,0.5672587997053598,2024-12-18 23:48:30.082624,2024-12-18 23:48:30.202422,0 days 00:00:00.119798,kmeans,abundance,1.2000000000000002,8,COMPLETE
325,0.599084331757702,2024-12-18 23:48:30.203854,2024-12-18 23:48:30.321874,0 days 00:00:00.118020,kmeans,abundance,1.2000000000000002,8,COMPLETE
326,0.45856692413174827,2024-12-18 23:48:30.322949,2024-12-18 23:48:30.441683,0 days 00:00:00.118734,kmeans,abundance,1.1,8,COMPLETE
327,0.5929449086556978,2024-12-18 23:48:30.443102,2024-12-18 23:48:30.566822,0 days 00:00:00.123720,kmeans,abundance,1.1,8,COMPLETE
328,0.5019333216561056,2024-12-18 23:48:30.568315,2024-12-18 23:48:30.687125,0 days 00:00:00.118810,kmeans,abundance,1.1,8,COMPLETE
329,0.416741494321498,2024-12-18 23:48:30.688305,2024-12-18 23:48:30.805456,0 days 00:00:00.117151,kmeans,abundance,1.2000000000000002,8,COMPLETE
330,0.5009115512220629,2024-12-18 23:48:30.806882,2024-12-18 23:48:30.920540,0 days 00:00:00.113658,kmeans,abundance,1.3,8,COMPLETE
331,0.4845541291284101,2024-12-18 23:48:30.921937,2024-12-18 23:48:31.048418,0 days 00:00:00.126481,kmeans,abundance,0.5,8,COMPLETE
332,0.5072700975994027,2024-12-18 23:48:31.049801,2024-12-18 23:48:31.166100,0 days 00:00:00.116299,kmeans,abundance,1.3,8,COMPLETE
333,0.5476071890284174,2024-12-18 23:48:31.167531,2024-12-18 23:48:31.286168,0 days 00:00:00.118637,kmeans,abundance,1.1,9,COMPLETE
334,0.5721393894231132,2024-12-18 23:48:31.287599,2024-12-18 23:48:31.403477,0 days 00:00:00.115878,kmeans,abundance,1.2000000000000002,7,COMPLETE
335,0.59019535751026,2024-12-18 23:48:31.404903,2024-12-18 23:48:31.522936,0 days 00:00:00.118033,kmeans,abundance,1.1,8,COMPLETE
336,0.5272412226450979,2024-12-18 23:48:31.524345,2024-12-18 23:48:31.640501,0 days 00:00:00.116156,kmeans,abundance,1.3,7,COMPLETE
337,0.49919216686733187,2024-12-18 23:48:31.641563,2024-12-18 23:48:31.759200,0 days 00:00:00.117637,kmeans,abundance,1.0,9,COMPLETE
338,0.5280534215128727,2024-12-18 23:48:31.760627,2024-12-18 23:48:31.877338,0 days 00:00:00.116711,kmeans,abundance,1.4000000000000001,8,COMPLETE
339,0.605005819163261,2024-12-18 23:48:31.878682,2024-12-18 23:48:31.999499,0 days 00:00:00.120817,kmeans,abundance,1.2000000000000002,9,COMPLETE
340,0.6910540537007489,2024-12-18 23:48:32.000799,2024-12-18 23:48:32.117321,0 days 00:00:00.116522,kmeans,abundance,1.4000000000000001,8,COMPLETE
341,0.5482255116315057,2024-12-18 23:48:32.118753,2024-12-18 23:48:32.240651,0 days 00:00:00.121898,kmeans,abundance,1.3,8,COMPLETE
342,0.5301852977772344,2024-12-18 23:48:32.242086,2024-12-18 23:48:32.357070,0 days 00:00:00.114984,kmeans,abundance,1.4000000000000001,8,COMPLETE
343,0.6059740837328699,2024-12-18 23:48:32.358486,2024-12-18 23:48:32.474933,0 days 00:00:00.116447,kmeans,abundance,1.4000000000000001,9,COMPLETE
344,0.551858149802689,2024-12-18 23:48:32.476373,2024-12-18 23:48:32.594086,0 days 00:00:00.117713,kmeans,abundance,1.3,8,COMPLETE
345,0.5098058822179727,2024-12-18 23:48:32.595800,2024-12-18 23:48:32.712250,0 days 00:00:00.116450,kmeans,abundance,1.4000000000000001,8,COMPLETE
346,0.5820501185631372,2024-12-18 23:48:32.713576,2024-12-18 23:48:32.826028,0 days 00:00:00.112452,kmeans,abundance,2.0,8,COMPLETE
347,0.5132338880701646,2024-12-18 23:48:32.827477,2024-12-18 23:48:32.942210,0 days 00:00:00.114733,kmeans,abundance,1.5,8,COMPLETE
348,0.49764716528687086,2024-12-18 23:48:32.943644,2024-12-18 23:48:33.060746,0 days 00:00:00.117102,kmeans,abundance,1.4000000000000001,8,COMPLETE
349,0.44902285969909256,2024-12-18 23:48:33.062188,2024-12-18 23:48:33.177710,0 days 00:00:00.115522,kmeans,abundance,1.8,8,COMPLETE
350,0.468725068472341,2024-12-18 23:48:33.179042,2024-12-18 23:48:33.308913,0 days 00:00:00.129871,kmeans,abundance,0.4,9,COMPLETE
351,0.6077098204749966,2024-12-18 23:48:33.310244,2024-12-18 23:48:33.426063,0 days 00:00:00.115819,kmeans,abundance,1.3,8,COMPLETE
352,0.6034505565292244,2024-12-18 23:48:33.427463,2024-12-18 23:48:33.546405,0 days 00:00:00.118942,kmeans,abundance,1.5,9,COMPLETE
353,0.4965596735123156,2024-12-18 23:48:33.547579,2024-12-18 23:48:33.663045,0 days 00:00:00.115466,kmeans,abundance,1.4000000000000001,10,COMPLETE
354,0.5289177469793604,2024-12-18 23:48:33.664470,2024-12-18 23:48:33.782528,0 days 00:00:00.118058,kmeans,abundance,1.6,10,COMPLETE
355,0.5624092264971141,2024-12-18 23:48:33.783935,2024-12-18 23:48:33.899202,0 days 00:00:00.115267,kmeans,abundance,1.7000000000000002,7,COMPLETE
356,0.5507550948191285,2024-12-18 23:48:33.900530,2024-12-18 23:48:34.018725,0 days 00:00:00.118195,kmeans,abundance,1.8,9,COMPLETE
357,0.6002628509081002,2024-12-18 23:48:34.020151,2024-12-18 23:48:34.138335,0 days 00:00:00.118184,kmeans,abundance,1.4000000000000001,8,COMPLETE
358,0.579973518598497,2024-12-18 23:48:34.139766,2024-12-18 23:48:34.256988,0 days 00:00:00.117222,kmeans,abundance,1.5,3,COMPLETE
359,0.5819552974991443,2024-12-18 23:48:34.258401,2024-12-18 23:48:34.372661,0 days 00:00:00.114260,kmeans,abundance,1.3,7,COMPLETE
360,0.513842500750458,2024-12-18 23:48:34.374017,2024-12-18 23:48:34.491569,0 days 00:00:00.117552,kmeans,abundance,1.6,10,COMPLETE
361,0.6258340949433554,2024-12-18 23:48:34.492999,2024-12-18 23:48:34.607130,0 days 00:00:00.114131,kmeans,abundance,1.9000000000000001,10,COMPLETE
362,0.4889536515772481,2024-12-18 23:48:34.608445,2024-12-18 23:48:34.723318,0 days 00:00:00.114873,kmeans,abundance,1.7000000000000002,10,COMPLETE
363,0.610132003888549,2024-12-18 23:48:34.724769,2024-12-18 23:48:34.842527,0 days 00:00:00.117758,kmeans,abundance,1.3,10,COMPLETE
364,0.3765841258961304,2024-12-18 23:48:34.843943,2024-12-18 23:48:34.985972,0 days 00:00:00.142029,kmeans,abundance,0.2,9,COMPLETE
365,0.5318878527384027,2024-12-18 23:48:34.987409,2024-12-18 23:48:35.115456,0 days 00:00:00.128047,kmeans,abundance,0.6000000000000001,10,COMPLETE
366,0.5730045950252741,2024-12-18 23:48:35.116437,2024-12-18 23:48:35.235923,0 days 00:00:00.119486,kmeans,abundance,1.5,8,COMPLETE
367,0.6039631695055226,2024-12-18 23:48:35.237352,2024-12-18 23:48:35.354941,0 days 00:00:00.117589,kmeans,abundance,1.4000000000000001,10,COMPLETE
368,0.6756759347598987,2024-12-18 23:48:35.356366,2024-12-18 23:48:35.472467,0 days 00:00:00.116101,kmeans,abundance,2.1,10,COMPLETE
369,0.5073150909660821,2024-12-18 23:48:35.473791,2024-12-18 23:48:35.589912,0 days 00:00:00.116121,kmeans,abundance,1.7000000000000002,6,COMPLETE
370,0.6189582722037864,2024-12-18 23:48:35.591329,2024-12-18 23:48:35.703822,0 days 00:00:00.112493,kmeans,abundance,2.3000000000000003,8,COMPLETE
371,0.5525571763631781,2024-12-18 23:48:35.705260,2024-12-18 23:48:35.817515,0 days 00:00:00.112255,kmeans,abundance,2.2,9,COMPLETE
372,0.6788790025109318,2024-12-18 23:48:35.818939,2024-12-18 23:48:35.933353,0 days 00:00:00.114414,kmeans,abundance,2.1,8,COMPLETE
373,0.6698414830166497,2024-12-18 23:48:35.934793,2024-12-18 23:48:36.053228,0 days 00:00:00.118435,kmeans,abundance,2.1,10,COMPLETE
374,0.5219523638181788,2024-12-18 23:48:36.054674,2024-12-18 23:48:36.169456,0 days 00:00:00.114782,kmeans,abundance,2.3000000000000003,10,COMPLETE
375,0.540623353520279,2024-12-18 23:48:36.170872,2024-12-18 23:48:36.283698,0 days 00:00:00.112826,kmeans,abundance,2.0,9,COMPLETE
376,0.5402190973614398,2024-12-18 23:48:36.285145,2024-12-18 23:48:36.397057,0 days 00:00:00.111912,kmeans,abundance,2.1,10,COMPLETE
377,0.6020290417864399,2024-12-18 23:48:36.398482,2024-12-18 23:48:36.512637,0 days 00:00:00.114155,kmeans,abundance,2.1,10,COMPLETE
378,0.5709514090111272,2024-12-18 23:48:36.513961,2024-12-18 23:48:36.629409,0 days 00:00:00.115448,kmeans,abundance,2.2,8,COMPLETE
379,0.5371956807059126,2024-12-18 23:48:36.630782,2024-12-18 23:48:36.746193,0 days 00:00:00.115411,kmeans,abundance,2.1,10,COMPLETE
380,0.6587416314419182,2024-12-18 23:48:36.747526,2024-12-18 23:48:36.862928,0 days 00:00:00.115402,kmeans,abundance,2.0,8,COMPLETE
381,0.5624053149256351,2024-12-18 23:48:36.864360,2024-12-18 23:48:36.981353,0 days 00:00:00.116993,kmeans,abundance,2.0,8,COMPLETE
382,0.5392007623721335,2024-12-18 23:48:36.982429,2024-12-18 23:48:37.096086,0 days 00:00:00.113657,kmeans,abundance,2.1,8,COMPLETE
383,0.43441236634958896,2024-12-18 23:48:37.097477,2024-12-18 23:48:37.213765,0 days 00:00:00.116288,kmeans,abundance,2.2,8,COMPLETE
384,0.5557907704183916,2024-12-18 23:48:37.215221,2024-12-18 23:48:37.326570,0 days 00:00:00.111349,kmeans,abundance,2.1,8,COMPLETE
385,0.6053455426895047,2024-12-18 23:48:37.328007,2024-12-18 23:48:37.441340,0 days 00:00:00.113333,kmeans,abundance,2.0,7,COMPLETE
386,0.6301290611613402,2024-12-18 23:48:37.442685,2024-12-18 23:48:37.557275,0 days 00:00:00.114590,kmeans,abundance,2.2,8,COMPLETE
387,0.6292589698165383,2024-12-18 23:48:37.558730,2024-12-18 23:48:37.673165,0 days 00:00:00.114435,kmeans,abundance,2.1,8,COMPLETE
388,0.5494235621354026,2024-12-18 23:48:37.674609,2024-12-18 23:48:37.788630,0 days 00:00:00.114021,kmeans,abundance,2.2,8,COMPLETE
389,0.534121457171212,2024-12-18 23:48:37.790074,2024-12-18 23:48:37.904982,0 days 00:00:00.114908,kmeans,abundance,2.0,8,COMPLETE
390,0.6277435710489346,2024-12-18 23:48:37.906434,2024-12-18 23:48:38.023731,0 days 00:00:00.117297,kmeans,abundance,2.1,9,COMPLETE
391,0.5514814507795319,2024-12-18 23:48:38.025177,2024-12-18 23:48:38.140450,0 days 00:00:00.115273,kmeans,abundance,2.0,7,COMPLETE
392,0.5996909285841217,2024-12-18 23:48:38.141894,2024-12-18 23:48:38.259255,0 days 00:00:00.117361,kmeans,abundance,2.0,8,COMPLETE
393,0.6347124548003201,2024-12-18 23:48:38.260344,2024-12-18 23:48:38.373380,0 days 00:00:00.113036,kmeans,abundance,1.9000000000000001,9,COMPLETE
394,0.5750747314242889,2024-12-18 23:48:38.374736,2024-12-18 23:48:38.493159,0 days 00:00:00.118423,kmeans,abundance,1.9000000000000001,9,COMPLETE
395,0.5251757203492797,2024-12-18 23:48:38.494702,2024-12-18 23:48:38.612993,0 days 00:00:00.118291,kmeans,abundance,1.9000000000000001,9,COMPLETE
396,0.583928020194917,2024-12-18 23:48:38.614204,2024-12-18 23:48:38.728327,0 days 00:00:00.114123,kmeans,abundance,1.9000000000000001,9,COMPLETE
397,0.5868014624766448,2024-12-18 23:48:38.729752,2024-12-18 23:48:38.849500,0 days 00:00:00.119748,kmeans,abundance,1.0,9,COMPLETE
398,0.5859203648129724,2024-12-18 23:48:38.850935,2024-12-18 23:48:38.965819,0 days 00:00:00.114884,kmeans,abundance,1.9000000000000001,9,COMPLETE
399,0.46666071241573054,2024-12-18 23:48:38.967282,2024-12-18 23:48:39.083334,0 days 00:00:00.116052,kmeans,abundance,1.8,9,COMPLETE
400,0.5640135254962736,2024-12-18 23:48:39.084762,2024-12-18 23:48:39.201296,0 days 00:00:00.116534,kmeans,abundance,2.1,9,COMPLETE
401,0.6197084308157846,2024-12-18 23:48:39.202734,2024-12-18 23:48:39.315426,0 days 00:00:00.112692,kmeans,abundance,2.0,10,COMPLETE
402,0.5548859408224008,2024-12-18 23:48:39.316866,2024-12-18 23:48:39.431425,0 days 00:00:00.114559,kmeans,abundance,1.8,9,COMPLETE
403,0.5809065171398512,2024-12-18 23:48:39.432868,2024-12-18 23:48:39.545514,0 days 00:00:00.112646,kmeans,abundance,2.0,10,COMPLETE
404,0.6204003390685064,2024-12-18 23:48:39.546943,2024-12-18 23:48:39.661515,0 days 00:00:00.114572,kmeans,abundance,1.9000000000000001,10,COMPLETE
405,0.49675136083825316,2024-12-18 23:48:39.662958,2024-12-18 23:48:39.782743,0 days 00:00:00.119785,kmeans,abundance,1.0,10,COMPLETE
406,0.652973257868579,2024-12-18 23:48:39.784276,2024-12-18 23:48:39.903142,0 days 00:00:00.118866,kmeans,abundance,1.8,9,COMPLETE
407,0.45836331633580474,2024-12-18 23:48:39.904216,2024-12-18 23:48:40.025009,0 days 00:00:00.120793,kmeans,abundance,1.6,10,COMPLETE
408,0.5256141586594614,2024-12-18 23:48:40.026476,2024-12-18 23:48:40.145088,0 days 00:00:00.118612,kmeans,abundance,1.7000000000000002,10,COMPLETE
409,0.5990822872640867,2024-12-18 23:48:40.146197,2024-12-18 23:48:40.261669,0 days 00:00:00.115472,kmeans,abundance,1.8,9,COMPLETE
410,0.47474578047942245,2024-12-18 23:48:40.263021,2024-12-18 23:48:40.378422,0 days 00:00:00.115401,kmeans,abundance,1.6,10,COMPLETE
411,0.5286466449533723,2024-12-18 23:48:40.379843,2024-12-18 23:48:40.494049,0 days 00:00:00.114206,kmeans,abundance,2.1,6,COMPLETE
412,0.48544978076822876,2024-12-18 23:48:40.495502,2024-12-18 23:48:40.613209,0 days 00:00:00.117707,kmeans,abundance,1.7000000000000002,10,COMPLETE
413,0.5185920896562394,2024-12-18 23:48:40.614554,2024-12-18 23:48:40.728982,0 days 00:00:00.114428,kmeans,abundance,2.2,9,COMPLETE
414,0.5496809762108034,2024-12-18 23:48:40.730323,2024-12-18 23:48:40.853752,0 days 00:00:00.123429,kmeans,abundance,0.9,10,COMPLETE
415,0.517909981720441,2024-12-18 23:48:40.855214,2024-12-18 23:48:40.971732,0 days 00:00:00.116518,kmeans,abundance,1.8,10,COMPLETE
416,0.569361829979388,2024-12-18 23:48:40.973187,2024-12-18 23:48:41.090618,0 days 00:00:00.117431,kmeans,abundance,1.7000000000000002,10,COMPLETE
417,0.5010696853330828,2024-12-18 23:48:41.092034,2024-12-18 23:48:41.213607,0 days 00:00:00.121573,kmeans,abundance,1.5,9,COMPLETE
418,0.5383132153156499,2024-12-18 23:48:41.215063,2024-12-18 23:48:41.328066,0 days 00:00:00.113003,kmeans,abundance,2.3000000000000003,10,COMPLETE
419,0.5579836822200631,2024-12-18 23:48:41.329529,2024-12-18 23:48:41.451353,0 days 00:00:00.121824,kmeans,abundance,1.6,10,COMPLETE
420,0.5847838076263182,2024-12-18 23:48:41.452367,2024-12-18 23:48:41.571447,0 days 00:00:00.119080,kmeans,abundance,1.5,10,COMPLETE
421,0.4792663897636314,2024-12-18 23:48:41.572798,2024-12-18 23:48:41.694798,0 days 00:00:00.122000,kmeans,abundance,1.1,9,COMPLETE
422,0.5191806963221103,2024-12-18 23:48:41.695926,2024-12-18 23:48:41.816555,0 days 00:00:00.120629,kmeans,abundance,1.8,8,COMPLETE
423,0.5688834617600865,2024-12-18 23:48:41.817997,2024-12-18 23:48:41.935832,0 days 00:00:00.117835,kmeans,abundance,1.2000000000000002,10,COMPLETE
424,0.5211538113515659,2024-12-18 23:48:41.937274,2024-12-18 23:48:42.056726,0 days 00:00:00.119452,kmeans,abundance,1.4000000000000001,8,COMPLETE
425,0.6139269670715948,2024-12-18 23:48:42.058101,2024-12-18 23:48:42.176097,0 days 00:00:00.117996,kmeans,abundance,1.7000000000000002,10,COMPLETE
426,0.5544935279960117,2024-12-18 23:48:42.177562,2024-12-18 23:48:42.296028,0 days 00:00:00.118466,kmeans,abundance,1.6,9,COMPLETE
427,0.5962182332810942,2024-12-18 23:48:42.297486,2024-12-18 23:48:42.415377,0 days 00:00:00.117891,kmeans,abundance,1.4000000000000001,10,COMPLETE
428,0.5314760792325063,2024-12-18 23:48:42.416820,2024-12-18 23:48:42.537752,0 days 00:00:00.120932,kmeans,abundance,1.0,9,COMPLETE
429,0.5724706044426981,2024-12-18 23:48:42.539211,2024-12-18 23:48:42.653119,0 days 00:00:00.113908,kmeans,abundance,2.2,10,COMPLETE
430,0.5527134833848003,2024-12-18 23:48:42.654557,2024-12-18 23:48:42.771718,0 days 00:00:00.117161,kmeans,abundance,1.5,8,COMPLETE
431,0.5791526019957701,2024-12-18 23:48:42.773069,2024-12-18 23:48:42.886944,0 days 00:00:00.113875,kmeans,abundance,2.1,10,COMPLETE
432,0.6432169575535092,2024-12-18 23:48:42.888392,2024-12-18 23:48:43.009567,0 days 00:00:00.121175,kmeans,abundance,1.7000000000000002,8,COMPLETE
433,0.6145346362032007,2024-12-18 23:48:43.010697,2024-12-18 23:48:43.128833,0 days 00:00:00.118136,kmeans,abundance,1.7000000000000002,4,COMPLETE
434,0.5728876562731892,2024-12-18 23:48:43.130323,2024-12-18 23:48:43.250551,0 days 00:00:00.120228,kmeans,abundance,1.7000000000000002,8,COMPLETE
435,0.5800247244677169,2024-12-18 23:48:43.252263,2024-12-18 23:48:43.371458,0 days 00:00:00.119195,kmeans,abundance,1.6,8,COMPLETE
436,0.572649137211873,2024-12-18 23:48:43.372800,2024-12-18 23:48:43.490747,0 days 00:00:00.117947,kmeans,abundance,1.7000000000000002,8,COMPLETE
437,0.5358235340473122,2024-12-18 23:48:43.492220,2024-12-18 23:48:43.606915,0 days 00:00:00.114695,kmeans,abundance,1.8,7,COMPLETE
438,0.5569787962945957,2024-12-18 23:48:43.608387,2024-12-18 23:48:43.726870,0 days 00:00:00.118483,kmeans,abundance,1.6,8,COMPLETE
439,0.5103154524424948,2024-12-18 23:48:43.728346,2024-12-18 23:48:43.845144,0 days 00:00:00.116798,kmeans,abundance,1.7000000000000002,8,COMPLETE
440,0.4416895734074018,2024-12-18 23:48:43.846468,2024-12-18 23:48:43.963399,0 days 00:00:00.116931,kmeans,abundance,1.8,8,COMPLETE
441,0.6270931864260794,2024-12-18 23:48:43.964761,2024-12-18 23:48:44.082435,0 days 00:00:00.117674,kmeans,abundance,1.6,8,COMPLETE
442,0.4639525869082736,2024-12-18 23:48:44.083890,2024-12-18 23:48:44.203346,0 days 00:00:00.119456,kmeans,abundance,1.8,7,COMPLETE
443,0.4953794070036268,2024-12-18 23:48:44.204709,2024-12-18 23:48:44.320687,0 days 00:00:00.115978,kmeans,abundance,1.7000000000000002,10,COMPLETE
444,0.5931069882235093,2024-12-18 23:48:44.322197,2024-12-18 23:48:44.438978,0 days 00:00:00.116781,kmeans,abundance,1.6,8,COMPLETE
445,0.44916674076216867,2024-12-18 23:48:44.440460,2024-12-18 23:48:44.562672,0 days 00:00:00.122212,kmeans,abundance,1.1,10,COMPLETE
446,0.5051280169334745,2024-12-18 23:48:44.563855,2024-12-18 23:48:44.682029,0 days 00:00:00.118174,kmeans,abundance,1.8,7,COMPLETE
447,0.5689296187144116,2024-12-18 23:48:44.683253,2024-12-18 23:48:44.804296,0 days 00:00:00.121043,kmeans,abundance,1.5,10,COMPLETE
448,0.4936553817099627,2024-12-18 23:48:44.805760,2024-12-18 23:48:44.925612,0 days 00:00:00.119852,kmeans,abundance,1.6,10,COMPLETE
449,0.5757973552812219,2024-12-18 23:48:44.926721,2024-12-18 23:48:45.044577,0 days 00:00:00.117856,kmeans,abundance,1.7000000000000002,8,COMPLETE
450,0.546344484289652,2024-12-18 23:48:45.045927,2024-12-18 23:48:45.163094,0 days 00:00:00.117167,kmeans,abundance,2.2,10,COMPLETE
451,0.4867535939262588,2024-12-18 23:48:45.164567,2024-12-18 23:48:45.282258,0 days 00:00:00.117691,kmeans,abundance,2.1,10,COMPLETE
452,0.4632954486486405,2024-12-18 23:48:45.283608,2024-12-18 23:48:45.406151,0 days 00:00:00.122543,kmeans,abundance,1.5,8,COMPLETE
453,0.6386536896683798,2024-12-18 23:48:45.407627,2024-12-18 23:48:45.526205,0 days 00:00:00.118578,kmeans,abundance,1.7000000000000002,10,COMPLETE
454,0.5185733735805237,2024-12-18 23:48:45.527685,2024-12-18 23:48:45.647421,0 days 00:00:00.119736,kmeans,abundance,1.8,10,COMPLETE
455,0.5947067476217752,2024-12-18 23:48:45.648569,2024-12-18 23:48:45.766179,0 days 00:00:00.117610,kmeans,abundance,1.7000000000000002,10,COMPLETE
456,0.6972365082575106,2024-12-18 23:48:45.767642,2024-12-18 23:48:45.889278,0 days 00:00:00.121636,kmeans,abundance,1.6,10,COMPLETE
457,0.5873309207243639,2024-12-18 23:48:45.890731,2024-12-18 23:48:46.014185,0 days 00:00:00.123454,kmeans,abundance,1.6,10,COMPLETE
458,0.523795390828054,2024-12-18 23:48:46.015669,2024-12-18 23:48:46.139969,0 days 00:00:00.124300,kmeans,abundance,1.7000000000000002,10,COMPLETE
459,0.5034642023908195,2024-12-18 23:48:46.141181,2024-12-18 23:48:46.263981,0 days 00:00:00.122800,kmeans,abundance,1.6,10,COMPLETE
460,0.5531300642843359,2024-12-18 23:48:46.265208,2024-12-18 23:48:46.389713,0 days 00:00:00.124505,kmeans,abundance,1.0,10,COMPLETE
461,0.5221681746658019,2024-12-18 23:48:46.391216,2024-12-18 23:48:46.512832,0 days 00:00:00.121616,kmeans,abundance,1.7000000000000002,5,COMPLETE
462,0.5719514404715612,2024-12-18 23:48:46.513958,2024-12-18 23:48:46.630372,0 days 00:00:00.116414,kmeans,abundance,2.0,10,COMPLETE
463,0.5428209314929703,2024-12-18 23:48:46.631759,2024-12-18 23:48:46.748024,0 days 00:00:00.116265,kmeans,abundance,1.9000000000000001,10,COMPLETE
464,0.5028621004139721,2024-12-18 23:48:46.749551,2024-12-18 23:48:46.867734,0 days 00:00:00.118183,kmeans,abundance,1.7000000000000002,10,COMPLETE
465,0.5740717754388169,2024-12-18 23:48:46.869225,2024-12-18 23:48:46.987340,0 days 00:00:00.118115,kmeans,abundance,1.8,10,COMPLETE
466,0.498808276632638,2024-12-18 23:48:46.988812,2024-12-18 23:48:47.110293,0 days 00:00:00.121481,kmeans,abundance,1.6,10,COMPLETE
467,0.6193295569864823,2024-12-18 23:48:47.111675,2024-12-18 23:48:47.228916,0 days 00:00:00.117241,kmeans,abundance,2.3000000000000003,10,COMPLETE
468,0.5406330575605425,2024-12-18 23:48:47.230211,2024-12-18 23:48:47.349256,0 days 00:00:00.119045,kmeans,abundance,1.1,10,COMPLETE
469,0.5917889852188872,2024-12-18 23:48:47.350618,2024-12-18 23:48:47.469014,0 days 00:00:00.118396,kmeans,abundance,1.6,10,COMPLETE
470,0.5312050022891992,2024-12-18 23:48:47.470491,2024-12-18 23:48:47.588061,0 days 00:00:00.117570,kmeans,abundance,1.7000000000000002,10,COMPLETE
471,0.5672276186250059,2024-12-18 23:48:47.589410,2024-12-18 23:48:47.707708,0 days 00:00:00.118298,kmeans,abundance,2.1,10,COMPLETE
472,0.5474302455113826,2024-12-18 23:48:47.709204,2024-12-18 23:48:47.829040,0 days 00:00:00.119836,kmeans,abundance,1.5,10,COMPLETE
473,0.6061845390720189,2024-12-18 23:48:47.830484,2024-12-18 23:48:47.950211,0 days 00:00:00.119727,kmeans,abundance,1.6,10,COMPLETE
