number,value,datetime_start,datetime_complete,duration,params_algorithm,params_filter_criteria,params_filter_threshold,params_k,state
631,0.5626173814661555,2024-12-18 23:49:07.144264,2024-12-18 23:49:07.268371,0 days 00:00:00.124107,kmeans,abundance,1.4000000000000001,10,COMPLETE
632,0.5962875964620805,2024-12-18 23:49:07.269891,2024-12-18 23:49:07.390559,0 days 00:00:00.120668,kmeans,abundance,2.0,10,COMPLETE
633,0.6704466375489654,2024-12-18 23:49:07.391963,2024-12-18 23:49:07.516524,0 days 00:00:00.124561,kmeans,abundance,1.8,7,COMPLETE
634,0.6049381766277042,2024-12-18 23:49:07.518020,2024-12-18 23:49:07.641471,0 days 00:00:00.123451,kmeans,abundance,1.8,7,COMPLETE
635,0.591276321906497,2024-12-18 23:49:07.642988,2024-12-18 23:49:07.767484,0 days 00:00:00.124496,kmeans,abundance,1.8,7,COMPLETE
636,0.5352080303744898,2024-12-18 23:49:07.769038,2024-12-18 23:49:07.892963,0 days 00:00:00.123925,kmeans,abundance,1.8,7,COMPLETE
637,0.6581681067815799,2024-12-18 23:49:07.894401,2024-12-18 23:49:08.021234,0 days 00:00:00.126833,kmeans,abundance,1.9000000000000001,7,COMPLETE
638,0.6476027223053712,2024-12-18 23:49:08.022661,2024-12-18 23:49:08.147662,0 days 00:00:00.125001,kmeans,abundance,1.9000000000000001,7,COMPLETE
639,0.49179274844674775,2024-12-18 23:49:08.149212,2024-12-18 23:49:08.273309,0 days 00:00:00.124097,kmeans,abundance,1.8,7,COMPLETE
640,0.5939947672068463,2024-12-18 23:49:08.274871,2024-12-18 23:49:08.402587,0 days 00:00:00.127716,kmeans,abundance,1.9000000000000001,7,COMPLETE
641,0.5672961526124922,2024-12-18 23:49:08.404009,2024-12-18 23:49:08.535057,0 days 00:00:00.131048,kmeans,abundance,1.8,6,COMPLETE
642,0.6057886484059268,2024-12-18 23:49:08.536601,2024-12-18 23:49:08.663182,0 days 00:00:00.126581,kmeans,abundance,1.9000000000000001,7,COMPLETE
643,0.5933486333092312,2024-12-18 23:49:08.664723,2024-12-18 23:49:08.787954,0 days 00:00:00.123231,kmeans,abundance,1.9000000000000001,7,COMPLETE
644,0.5842456789586824,2024-12-18 23:49:08.789496,2024-12-18 23:49:08.914179,0 days 00:00:00.124683,kmeans,abundance,1.8,6,COMPLETE
645,0.5522451770450686,2024-12-18 23:49:08.915686,2024-12-18 23:49:09.041827,0 days 00:00:00.126141,kmeans,abundance,1.8,7,COMPLETE
646,0.6580884345049623,2024-12-18 23:49:09.043365,2024-12-18 23:49:09.169064,0 days 00:00:00.125699,kmeans,abundance,2.3000000000000003,7,COMPLETE
647,0.48644239286395335,2024-12-18 23:49:09.170567,2024-12-18 23:49:09.298635,0 days 00:00:00.128068,kmeans,abundance,2.3000000000000003,7,COMPLETE
648,0.6079373282880249,2024-12-18 23:49:09.300057,2024-12-18 23:49:09.422003,0 days 00:00:00.121946,kmeans,abundance,2.5,7,COMPLETE
649,0.5951897104785983,2024-12-18 23:49:09.423526,2024-12-18 23:49:09.547313,0 days 00:00:00.123787,kmeans,abundance,2.3000000000000003,7,COMPLETE
650,0.5668006568917189,2024-12-18 23:49:09.548843,2024-12-18 23:49:09.673768,0 days 00:00:00.124925,kmeans,abundance,2.2,7,COMPLETE
651,0.5860851081018364,2024-12-18 23:49:09.675313,2024-12-18 23:49:09.795787,0 days 00:00:00.120474,kmeans,abundance,2.3000000000000003,7,COMPLETE
652,0.5505527574278917,2024-12-18 23:49:09.797293,2024-12-18 23:49:09.922790,0 days 00:00:00.125497,kmeans,abundance,2.4000000000000004,7,COMPLETE
653,0.5368452968676274,2024-12-18 23:49:09.923992,2024-12-18 23:49:10.049541,0 days 00:00:00.125549,kmeans,abundance,2.5,7,COMPLETE
654,0.5691210218476244,2024-12-18 23:49:10.051069,2024-12-18 23:49:10.179661,0 days 00:00:00.128592,kmeans,abundance,2.4000000000000004,7,COMPLETE
655,0.5472746587590462,2024-12-18 23:49:10.181211,2024-12-18 23:49:10.305074,0 days 00:00:00.123863,kmeans,abundance,2.3000000000000003,6,COMPLETE
656,0.5140178209169887,2024-12-18 23:49:10.306560,2024-12-18 23:49:10.427943,0 days 00:00:00.121383,kmeans,abundance,2.4000000000000004,7,COMPLETE
657,0.5239673257098462,2024-12-18 23:49:10.429459,2024-12-18 23:49:10.554559,0 days 00:00:00.125100,kmeans,abundance,1.9000000000000001,7,COMPLETE
658,0.6329429767537424,2024-12-18 23:49:10.556094,2024-12-18 23:49:10.681487,0 days 00:00:00.125393,kmeans,abundance,1.9000000000000001,7,COMPLETE
659,0.40653941649847497,2024-12-18 23:49:10.682975,2024-12-18 23:49:10.806027,0 days 00:00:00.123052,kmeans,abundance,2.2,7,COMPLETE
660,0.5244495924983977,2024-12-18 23:49:10.807507,2024-12-18 23:49:10.928620,0 days 00:00:00.121113,kmeans,abundance,2.1,6,COMPLETE
661,0.5690952016350342,2024-12-18 23:49:10.930121,2024-12-18 23:49:11.057828,0 days 00:00:00.127707,kmeans,abundance,1.8,7,COMPLETE
662,0.6355943300689119,2024-12-18 23:49:11.059345,2024-12-18 23:49:11.185409,0 days 00:00:00.126064,kmeans,abundance,1.9000000000000001,7,COMPLETE
663,0.6287430697896514,2024-12-18 23:49:11.186935,2024-12-18 23:49:11.308860,0 days 00:00:00.121925,kmeans,abundance,1.9000000000000001,7,COMPLETE
664,0.42996373354094825,2024-12-18 23:49:11.310435,2024-12-18 23:49:11.434403,0 days 00:00:00.123968,kmeans,abundance,2.5,7,COMPLETE
665,0.5794444811291869,2024-12-18 23:49:11.435940,2024-12-18 23:49:11.565672,0 days 00:00:00.129732,kmeans,abundance,1.8,7,COMPLETE
666,0.45286722071368574,2024-12-18 23:49:11.566960,2024-12-18 23:49:11.700407,0 days 00:00:00.133447,kmeans,abundance,0.6000000000000001,6,COMPLETE
667,0.6342653068578802,2024-12-18 23:49:11.701903,2024-12-18 23:49:11.826287,0 days 00:00:00.124384,kmeans,abundance,2.0,7,COMPLETE
668,0.6584416205272917,2024-12-18 23:49:11.827792,2024-12-18 23:49:11.951256,0 days 00:00:00.123464,kmeans,abundance,2.1,5,COMPLETE
669,0.6090526854661499,2024-12-18 23:49:11.952748,2024-12-18 23:49:12.077432,0 days 00:00:00.124684,kmeans,abundance,2.1,6,COMPLETE
670,0.3858014413847956,2024-12-18 23:49:12.078953,2024-12-18 23:49:12.204138,0 days 00:00:00.125185,kmeans,abundance,2.1,5,COMPLETE
671,0.5578144115603726,2024-12-18 23:49:12.205666,2024-12-18 23:49:12.324983,0 days 00:00:00.119317,kmeans,abundance,2.2,5,COMPLETE
672,0.5620500405725574,2024-12-18 23:49:12.326507,2024-12-18 23:49:12.448964,0 days 00:00:00.122457,kmeans,abundance,2.2,4,COMPLETE
673,0.6055172939165474,2024-12-18 23:49:12.450449,2024-12-18 23:49:12.572528,0 days 00:00:00.122079,kmeans,abundance,2.1,5,COMPLETE
674,0.5601658410224325,2024-12-18 23:49:12.574030,2024-12-18 23:49:12.697347,0 days 00:00:00.123317,kmeans,abundance,2.0,7,COMPLETE
675,0.5223879339008911,2024-12-18 23:49:12.698871,2024-12-18 23:49:12.821895,0 days 00:00:00.123024,kmeans,abundance,2.2,4,COMPLETE
676,0.5935930551307926,2024-12-18 23:49:12.823305,2024-12-18 23:49:12.946602,0 days 00:00:00.123297,kmeans,abundance,2.0,8,COMPLETE
677,0.545385518228774,2024-12-18 23:49:12.948143,2024-12-18 23:49:13.076219,0 days 00:00:00.128076,kmeans,abundance,2.1,6,COMPLETE
678,0.5263585607405853,2024-12-18 23:49:13.077405,2024-12-18 23:49:13.205223,0 days 00:00:00.127818,kmeans,abundance,2.0,5,COMPLETE
679,0.5513844035658698,2024-12-18 23:49:13.206759,2024-12-18 23:49:13.334184,0 days 00:00:00.127425,kmeans,abundance,2.3000000000000003,3,COMPLETE
680,0.5535546479862853,2024-12-18 23:49:13.335700,2024-12-18 23:49:13.459569,0 days 00:00:00.123869,kmeans,abundance,2.4000000000000004,7,COMPLETE
681,0.5770814525383193,2024-12-18 23:49:13.461072,2024-12-18 23:49:13.585333,0 days 00:00:00.124261,kmeans,abundance,2.1,6,COMPLETE
682,0.482355770555706,2024-12-18 23:49:13.586759,2024-12-18 23:49:13.709898,0 days 00:00:00.123139,kmeans,abundance,2.0,5,COMPLETE
683,0.5251217008015856,2024-12-18 23:49:13.711431,2024-12-18 23:49:13.835743,0 days 00:00:00.124312,kmeans,abundance,2.1,8,COMPLETE
684,0.5258841293013101,2024-12-18 23:49:13.837207,2024-12-18 23:49:13.963795,0 days 00:00:00.126588,kmeans,abundance,1.3,5,COMPLETE
685,0.5942610887064105,2024-12-18 23:49:13.965296,2024-12-18 23:49:14.091635,0 days 00:00:00.126339,kmeans,abundance,1.9000000000000001,7,COMPLETE
686,0.5814372605323963,2024-12-18 23:49:14.093100,2024-12-18 23:49:14.219197,0 days 00:00:00.126097,kmeans,abundance,2.1,9,COMPLETE
687,0.5488866907076556,2024-12-18 23:49:14.220744,2024-12-18 23:49:14.344723,0 days 00:00:00.123979,kmeans,abundance,1.9000000000000001,9,COMPLETE
688,0.567699404101934,2024-12-18 23:49:14.346145,2024-12-18 23:49:14.472440,0 days 00:00:00.126295,kmeans,abundance,2.2,9,COMPLETE
689,0.5691324875040329,2024-12-18 23:49:14.473850,2024-12-18 23:49:14.600729,0 days 00:00:00.126879,kmeans,abundance,2.0,6,COMPLETE
690,0.6514236788250805,2024-12-18 23:49:14.602241,2024-12-18 23:49:14.727603,0 days 00:00:00.125362,kmeans,abundance,2.0,8,COMPLETE
691,0.6084127226303508,2024-12-18 23:49:14.728824,2024-12-18 23:49:14.855330,0 days 00:00:00.126506,kmeans,abundance,1.9000000000000001,8,COMPLETE
692,0.543744989038927,2024-12-18 23:49:14.856836,2024-12-18 23:49:14.983827,0 days 00:00:00.126991,kmeans,abundance,2.0,7,COMPLETE
693,0.5080655443549897,2024-12-18 23:49:14.985395,2024-12-18 23:49:15.108260,0 days 00:00:00.122865,kmeans,abundance,2.2,4,COMPLETE
694,0.5222664488351594,2024-12-18 23:49:15.109821,2024-12-18 23:49:15.235607,0 days 00:00:00.125786,kmeans,abundance,1.9000000000000001,9,COMPLETE
695,0.43334783973982843,2024-12-18 23:49:15.237095,2024-12-18 23:49:15.362557,0 days 00:00:00.125462,kmeans,abundance,1.3,5,COMPLETE
696,0.5448439234710595,2024-12-18 23:49:15.364074,2024-12-18 23:49:15.487210,0 days 00:00:00.123136,kmeans,abundance,2.1,8,COMPLETE
697,0.605233774458598,2024-12-18 23:49:15.488763,2024-12-18 23:49:15.612758,0 days 00:00:00.123995,kmeans,abundance,1.9000000000000001,8,COMPLETE
698,0.5543858783656604,2024-12-18 23:49:15.614302,2024-12-18 23:49:15.736910,0 days 00:00:00.122608,kmeans,abundance,2.0,7,COMPLETE
699,0.6625203387720994,2024-12-18 23:49:15.738445,2024-12-18 23:49:15.863405,0 days 00:00:00.124960,kmeans,abundance,2.2,7,COMPLETE
700,0.5984143739941942,2024-12-18 23:49:15.864959,2024-12-18 23:49:15.991009,0 days 00:00:00.126050,kmeans,abundance,2.2,7,COMPLETE
701,0.5908353495451283,2024-12-18 23:49:15.992556,2024-12-18 23:49:16.116667,0 days 00:00:00.124111,kmeans,abundance,2.2,7,COMPLETE
702,0.5445963864062774,2024-12-18 23:49:16.118229,2024-12-18 23:49:16.246541,0 days 00:00:00.128312,kmeans,abundance,2.1,7,COMPLETE
703,0.5083765173344968,2024-12-18 23:49:16.247962,2024-12-18 23:49:16.372749,0 days 00:00:00.124787,kmeans,abundance,2.3000000000000003,7,COMPLETE
704,0.5434942901061999,2024-12-18 23:49:16.374309,2024-12-18 23:49:16.502672,0 days 00:00:00.128363,kmeans,abundance,2.2,7,COMPLETE
705,0.6379652520118363,2024-12-18 23:49:16.504125,2024-12-18 23:49:16.631516,0 days 00:00:00.127391,kmeans,abundance,2.1,7,COMPLETE
706,0.4978309940153894,2024-12-18 23:49:16.633037,2024-12-18 23:49:16.754423,0 days 00:00:00.121386,kmeans,abundance,2.3000000000000003,7,COMPLETE
707,0.5002644740434686,2024-12-18 23:49:16.755993,2024-12-18 23:49:16.879982,0 days 00:00:00.123989,kmeans,abundance,2.1,7,COMPLETE
708,0.567318062527368,2024-12-18 23:49:16.881547,2024-12-18 23:49:17.007019,0 days 00:00:00.125472,kmeans,abundance,2.2,7,COMPLETE
709,0.5558046506566764,2024-12-18 23:49:17.008557,2024-12-18 23:49:17.132758,0 days 00:00:00.124201,kmeans,abundance,2.1,7,COMPLETE
710,0.5947803858909836,2024-12-18 23:49:17.134309,2024-12-18 23:49:17.260463,0 days 00:00:00.126154,kmeans,abundance,2.1,6,COMPLETE
711,0.5966045228589283,2024-12-18 23:49:17.261992,2024-12-18 23:49:17.384923,0 days 00:00:00.122931,kmeans,abundance,2.3000000000000003,6,COMPLETE
712,0.6283483932487476,2024-12-18 23:49:17.386480,2024-12-18 23:49:17.511215,0 days 00:00:00.124735,kmeans,abundance,2.2,7,COMPLETE
713,0.5630565134987876,2024-12-18 23:49:17.512762,2024-12-18 23:49:17.635272,0 days 00:00:00.122510,kmeans,abundance,2.0,7,COMPLETE
714,0.5377508533486988,2024-12-18 23:49:17.636694,2024-12-18 23:49:17.760935,0 days 00:00:00.124241,kmeans,abundance,2.2,7,COMPLETE
715,0.5745410888712157,2024-12-18 23:49:17.762119,2024-12-18 23:49:17.889997,0 days 00:00:00.127878,kmeans,abundance,2.1,7,COMPLETE
716,0.5369179366237006,2024-12-18 23:49:17.891549,2024-12-18 23:49:18.022853,0 days 00:00:00.131304,kmeans,abundance,2.0,8,COMPLETE
717,0.5925707750223065,2024-12-18 23:49:18.024442,2024-12-18 23:49:18.153819,0 days 00:00:00.129377,kmeans,abundance,2.0,3,COMPLETE
718,0.5175765862680618,2024-12-18 23:49:18.155333,2024-12-18 23:49:18.281333,0 days 00:00:00.126000,kmeans,abundance,2.1,8,COMPLETE
719,0.5655195884561205,2024-12-18 23:49:18.282874,2024-12-18 23:49:18.403483,0 days 00:00:00.120609,kmeans,abundance,2.5,7,COMPLETE
720,0.5786688691569287,2024-12-18 23:49:18.405032,2024-12-18 23:49:18.533155,0 days 00:00:00.128123,kmeans,abundance,1.3,10,COMPLETE
721,0.505710332517412,2024-12-18 23:49:18.534694,2024-12-18 23:49:18.659579,0 days 00:00:00.124885,kmeans,abundance,2.0,6,COMPLETE
722,0.43391379662455387,2024-12-18 23:49:18.661121,2024-12-18 23:49:18.784160,0 days 00:00:00.123039,kmeans,abundance,2.1,10,COMPLETE
723,0.5825162201594167,2024-12-18 23:49:18.785601,2024-12-18 23:49:18.907642,0 days 00:00:00.122041,kmeans,abundance,2.4000000000000004,10,COMPLETE
724,0.5647692663184131,2024-12-18 23:49:18.909061,2024-12-18 23:49:19.037374,0 days 00:00:00.128313,kmeans,abundance,1.9000000000000001,7,COMPLETE
725,0.5731091436135767,2024-12-18 23:49:19.038938,2024-12-18 23:49:19.165370,0 days 00:00:00.126432,kmeans,abundance,2.1,10,COMPLETE
726,0.5338339013012047,2024-12-18 23:49:19.166920,2024-12-18 23:49:19.300663,0 days 00:00:00.133743,kmeans,abundance,0.7000000000000001,10,COMPLETE
727,0.5284972692328274,2024-12-18 23:49:19.302117,2024-12-18 23:49:19.428416,0 days 00:00:00.126299,kmeans,abundance,2.2,8,COMPLETE
728,0.509333097474427,2024-12-18 23:49:19.429972,2024-12-18 23:49:19.558674,0 days 00:00:00.128702,kmeans,abundance,2.0,10,COMPLETE
729,0.5456545955536497,2024-12-18 23:49:19.560101,2024-12-18 23:49:19.695167,0 days 00:00:00.135066,kmeans,abundance,1.4000000000000001,4,COMPLETE
730,0.4997507977048437,2024-12-18 23:49:19.696731,2024-12-18 23:49:19.824381,0 days 00:00:00.127650,kmeans,abundance,1.9000000000000001,10,COMPLETE
731,0.48718600179081717,2024-12-18 23:49:19.825930,2024-12-18 23:49:19.951179,0 days 00:00:00.125249,kmeans,abundance,2.0,8,COMPLETE
732,0.5584513018866754,2024-12-18 23:49:19.952701,2024-12-18 23:49:20.080508,0 days 00:00:00.127807,kmeans,abundance,1.9000000000000001,7,COMPLETE
733,0.5376208518377782,2024-12-18 23:49:20.082038,2024-12-18 23:49:20.207788,0 days 00:00:00.125750,kmeans,abundance,2.3000000000000003,10,COMPLETE
734,0.6568799712340676,2024-12-18 23:49:20.209316,2024-12-18 23:49:20.331939,0 days 00:00:00.122623,kmeans,abundance,2.0,7,COMPLETE
735,0.6109868150488514,2024-12-18 23:49:20.333390,2024-12-18 23:49:20.458180,0 days 00:00:00.124790,kmeans,abundance,2.1,7,COMPLETE
736,0.577071116445863,2024-12-18 23:49:20.459703,2024-12-18 23:49:20.587591,0 days 00:00:00.127888,kmeans,abundance,2.0,7,COMPLETE
737,0.5295151099081791,2024-12-18 23:49:20.589159,2024-12-18 23:49:20.712334,0 days 00:00:00.123175,kmeans,abundance,2.1,7,COMPLETE
738,0.5799377232638988,2024-12-18 23:49:20.713894,2024-12-18 23:49:20.838306,0 days 00:00:00.124412,kmeans,abundance,2.2,7,COMPLETE
739,0.650858051325791,2024-12-18 23:49:20.839726,2024-12-18 23:49:20.967103,0 days 00:00:00.127377,kmeans,abundance,2.0,7,COMPLETE
740,0.5044161403340548,2024-12-18 23:49:20.968415,2024-12-18 23:49:21.097097,0 days 00:00:00.128682,kmeans,abundance,2.1,7,COMPLETE
741,0.6465052258248839,2024-12-18 23:49:21.098557,2024-12-18 23:49:21.229366,0 days 00:00:00.130809,kmeans,abundance,2.0,7,COMPLETE
742,0.5649254359229537,2024-12-18 23:49:21.230929,2024-12-18 23:49:21.357564,0 days 00:00:00.126635,kmeans,abundance,2.2,7,COMPLETE
743,0.6375476559976824,2024-12-18 23:49:21.359069,2024-12-18 23:49:21.485144,0 days 00:00:00.126075,kmeans,abundance,2.1,7,COMPLETE
744,0.5685100811804386,2024-12-18 23:49:21.486552,2024-12-18 23:49:21.612901,0 days 00:00:00.126349,kmeans,abundance,2.0,7,COMPLETE
745,0.556993033571041,2024-12-18 23:49:21.614479,2024-12-18 23:49:21.737651,0 days 00:00:00.123172,kmeans,abundance,2.1,6,COMPLETE
746,0.7018317998714437,2024-12-18 23:49:21.739111,2024-12-18 23:49:21.868150,0 days 00:00:00.129039,kmeans,abundance,1.4000000000000001,7,COMPLETE
747,0.49197486144522623,2024-12-18 23:49:21.869726,2024-12-18 23:49:21.999532,0 days 00:00:00.129806,kmeans,abundance,1.4000000000000001,7,COMPLETE
748,0.658677031955511,2024-12-18 23:49:22.000987,2024-12-18 23:49:22.129022,0 days 00:00:00.128035,kmeans,abundance,1.4000000000000001,7,COMPLETE
749,0.5170796329568731,2024-12-18 23:49:22.130607,2024-12-18 23:49:22.260317,0 days 00:00:00.129710,kmeans,abundance,1.4000000000000001,7,COMPLETE
750,0.5572413625879574,2024-12-18 23:49:22.261907,2024-12-18 23:49:22.391042,0 days 00:00:00.129135,kmeans,abundance,1.3,7,COMPLETE
751,0.5169945384114586,2024-12-18 23:49:22.392622,2024-12-18 23:49:22.524807,0 days 00:00:00.132185,kmeans,abundance,1.3,7,COMPLETE
752,0.5656302102014416,2024-12-18 23:49:22.526404,2024-12-18 23:49:22.659610,0 days 00:00:00.133206,kmeans,abundance,1.4000000000000001,7,COMPLETE
753,0.5197160780748534,2024-12-18 23:49:22.661267,2024-12-18 23:49:22.792741,0 days 00:00:00.131474,kmeans,abundance,1.3,7,COMPLETE
754,0.38414771758979277,2024-12-18 23:49:22.794406,2024-12-18 23:49:22.924855,0 days 00:00:00.130449,kmeans,abundance,1.4000000000000001,7,COMPLETE
755,0.4925805753578795,2024-12-18 23:49:22.926379,2024-12-18 23:49:23.056584,0 days 00:00:00.130205,kmeans,abundance,1.4000000000000001,7,COMPLETE
756,0.642936919808072,2024-12-18 23:49:23.058088,2024-12-18 23:49:23.188468,0 days 00:00:00.130380,kmeans,abundance,1.3,7,COMPLETE
757,0.5980348418252949,2024-12-18 23:49:23.190044,2024-12-18 23:49:23.320038,0 days 00:00:00.129994,kmeans,abundance,1.4000000000000001,7,COMPLETE
758,0.47956194161468857,2024-12-18 23:49:23.321608,2024-12-18 23:49:23.453091,0 days 00:00:00.131483,kmeans,abundance,1.3,6,COMPLETE
759,0.6379832954033487,2024-12-18 23:49:23.454647,2024-12-18 23:49:23.583159,0 days 00:00:00.128512,kmeans,abundance,1.4000000000000001,7,COMPLETE
760,0.5906906453426418,2024-12-18 23:49:23.584712,2024-12-18 23:49:23.712695,0 days 00:00:00.127983,kmeans,abundance,1.4000000000000001,7,COMPLETE
761,0.5512806558504016,2024-12-18 23:49:23.714267,2024-12-18 23:49:23.842860,0 days 00:00:00.128593,kmeans,abundance,1.3,7,COMPLETE
762,0.6808499873774178,2024-12-18 23:49:23.844217,2024-12-18 23:49:23.973884,0 days 00:00:00.129667,kmeans,abundance,1.4000000000000001,8,COMPLETE
763,0.5557661331901435,2024-12-18 23:49:23.975469,2024-12-18 23:49:24.107402,0 days 00:00:00.131933,kmeans,abundance,1.4000000000000001,8,COMPLETE
764,0.24881732422023783,2024-12-18 23:49:24.108986,2024-12-18 23:49:24.301914,0 days 00:00:00.192928,kmeans,abundance,0.1,8,COMPLETE
765,0.5618540786391844,2024-12-18 23:49:24.303456,2024-12-18 23:49:24.436528,0 days 00:00:00.133072,kmeans,abundance,1.4000000000000001,2,COMPLETE
766,0.5209000902887243,2024-12-18 23:49:24.438067,2024-12-18 23:49:24.569171,0 days 00:00:00.131104,kmeans,abundance,1.5,8,COMPLETE
767,0.523701615313421,2024-12-18 23:49:24.570330,2024-12-18 23:49:24.698044,0 days 00:00:00.127714,kmeans,abundance,1.3,8,COMPLETE
768,0.6154713038947762,2024-12-18 23:49:24.699605,2024-12-18 23:49:24.828060,0 days 00:00:00.128455,kmeans,abundance,1.4000000000000001,8,COMPLETE
769,0.7014345147527145,2024-12-18 23:49:24.829376,2024-12-18 23:49:24.955763,0 days 00:00:00.126387,kmeans,abundance,2.0,8,COMPLETE
770,0.6075146647993961,2024-12-18 23:49:24.957228,2024-12-18 23:49:25.087542,0 days 00:00:00.130314,kmeans,abundance,1.5,8,COMPLETE
771,0.5107739404838014,2024-12-18 23:49:25.089078,2024-12-18 23:49:25.217915,0 days 00:00:00.128837,kmeans,abundance,1.9000000000000001,8,COMPLETE
772,0.516666331724389,2024-12-18 23:49:25.219481,2024-12-18 23:49:25.350946,0 days 00:00:00.131465,kmeans,abundance,0.8,8,COMPLETE
773,0.5524617621435643,2024-12-18 23:49:25.352517,2024-12-18 23:49:25.478554,0 days 00:00:00.126037,kmeans,abundance,2.2,8,COMPLETE
774,0.6248994770264203,2024-12-18 23:49:25.480128,2024-12-18 23:49:25.606546,0 days 00:00:00.126418,kmeans,abundance,2.0,8,COMPLETE
775,0.5842577484256953,2024-12-18 23:49:25.608028,2024-12-18 23:49:25.735327,0 days 00:00:00.127299,kmeans,abundance,1.9000000000000001,8,COMPLETE
776,0.585206494961073,2024-12-18 23:49:25.736580,2024-12-18 23:49:25.867752,0 days 00:00:00.131172,kmeans,abundance,1.3,8,COMPLETE
777,0.5435479632778885,2024-12-18 23:49:25.869209,2024-12-18 23:49:25.998727,0 days 00:00:00.129518,kmeans,abundance,2.0,8,COMPLETE
778,0.4971451468293664,2024-12-18 23:49:25.999951,2024-12-18 23:49:26.131476,0 days 00:00:00.131525,kmeans,abundance,1.4000000000000001,8,COMPLETE
779,0.5492845713239629,2024-12-18 23:49:26.133044,2024-12-18 23:49:26.261829,0 days 00:00:00.128785,kmeans,abundance,2.0,8,COMPLETE
780,0.6261289768225927,2024-12-18 23:49:26.263445,2024-12-18 23:49:26.387302,0 days 00:00:00.123857,kmeans,abundance,2.1,8,COMPLETE
781,0.4457577284319234,2024-12-18 23:49:26.388864,2024-12-18 23:49:26.514885,0 days 00:00:00.126021,kmeans,abundance,2.3000000000000003,8,COMPLETE
782,0.5089085372908999,2024-12-18 23:49:26.516080,2024-12-18 23:49:26.645093,0 days 00:00:00.129013,kmeans,abundance,1.5,8,COMPLETE
783,0.06786219133429733,2024-12-18 23:49:26.646670,2024-12-18 23:49:27.468976,0 days 00:00:00.822306,kmeans,abundance,0.0,8,COMPLETE
784,0.571569841417601,2024-12-18 23:49:27.470478,2024-12-18 23:49:27.605632,0 days 00:00:00.135154,kmeans,abundance,1.9000000000000001,8,COMPLETE
785,0.4876044650544988,2024-12-18 23:49:27.607239,2024-12-18 23:49:27.733012,0 days 00:00:00.125773,kmeans,abundance,2.1,8,COMPLETE
786,0.5532433292056229,2024-12-18 23:49:27.734633,2024-12-18 23:49:27.859212,0 days 00:00:00.124579,kmeans,abundance,2.2,8,COMPLETE
787,0.6304183990812507,2024-12-18 23:49:27.860792,2024-12-18 23:49:28.005661,0 days 00:00:00.144869,kmeans,abundance,2.0,8,COMPLETE
788,0.4941244099936973,2024-12-18 23:49:28.007146,2024-12-18 23:49:28.143113,0 days 00:00:00.135967,kmeans,abundance,1.9000000000000001,8,COMPLETE
789,0.5966111043857895,2024-12-18 23:49:28.144705,2024-12-18 23:49:28.275278,0 days 00:00:00.130573,kmeans,abundance,1.4000000000000001,8,COMPLETE
