number,value,datetime_start,datetime_complete,duration,params_algorithm,params_filter_criteria,params_filter_threshold,params_k,state
474,0.5873755873365326,2024-12-18 23:48:47.951589,2024-12-18 23:48:48.072762,0 days 00:00:00.121173,kmeans,abundance,1.8,10,COMPLETE
475,0.5501471692140995,2024-12-18 23:48:48.074234,2024-12-18 23:48:48.201267,0 days 00:00:00.127033,kmeans,abundance,0.9,10,COMPLETE
476,0.6605125920253938,2024-12-18 23:48:48.202338,2024-12-18 23:48:48.319067,0 days 00:00:00.116729,kmeans,abundance,1.9000000000000001,10,COMPLETE
477,0.5261820258129454,2024-12-18 23:48:48.320539,2024-12-18 23:48:48.438639,0 days 00:00:00.118100,kmeans,abundance,1.9000000000000001,10,COMPLETE
478,0.6858194419217171,2024-12-18 23:48:48.439996,2024-12-18 23:48:48.557420,0 days 00:00:00.117424,kmeans,abundance,1.9000000000000001,10,COMPLETE
479,0.48743940371187006,2024-12-18 23:48:48.558907,2024-12-18 23:48:48.673964,0 days 00:00:00.115057,kmeans,abundance,2.0,10,COMPLETE
480,0.6297458306224779,2024-12-18 23:48:48.675302,2024-12-18 23:48:48.792132,0 days 00:00:00.116830,kmeans,abundance,1.9000000000000001,10,COMPLETE
481,0.5635335951812416,2024-12-18 23:48:48.793502,2024-12-18 23:48:48.909644,0 days 00:00:00.116142,kmeans,abundance,2.0,10,COMPLETE
482,0.44583642042050214,2024-12-18 23:48:48.911147,2024-12-18 23:48:49.034411,0 days 00:00:00.123264,kmeans,abundance,1.9000000000000001,10,COMPLETE
483,0.5667046515285219,2024-12-18 23:48:49.035905,2024-12-18 23:48:49.156616,0 days 00:00:00.120711,kmeans,abundance,1.9000000000000001,10,COMPLETE
484,0.5185096674698926,2024-12-18 23:48:49.158076,2024-12-18 23:48:49.276214,0 days 00:00:00.118138,kmeans,abundance,2.0,10,COMPLETE
485,0.5997527792569207,2024-12-18 23:48:49.277687,2024-12-18 23:48:49.396695,0 days 00:00:00.119008,kmeans,abundance,2.0,6,COMPLETE
486,0.5444284079539093,2024-12-18 23:48:49.398189,2024-12-18 23:48:49.518492,0 days 00:00:00.120303,kmeans,abundance,1.9000000000000001,10,COMPLETE
487,0.5549816081781197,2024-12-18 23:48:49.520000,2024-12-18 23:48:49.641455,0 days 00:00:00.121455,kmeans,abundance,1.8,10,COMPLETE
488,0.5522845151514469,2024-12-18 23:48:49.642541,2024-12-18 23:48:49.760568,0 days 00:00:00.118027,kmeans,abundance,1.9000000000000001,10,COMPLETE
489,0.5809742378133483,2024-12-18 23:48:49.761946,2024-12-18 23:48:49.879226,0 days 00:00:00.117280,kmeans,abundance,2.0,10,COMPLETE
490,0.6384228207246027,2024-12-18 23:48:49.880685,2024-12-18 23:48:49.999598,0 days 00:00:00.118913,kmeans,abundance,1.8,2,COMPLETE
491,0.5567802760083052,2024-12-18 23:48:50.001076,2024-12-18 23:48:50.119627,0 days 00:00:00.118551,kmeans,abundance,1.9000000000000001,10,COMPLETE
492,0.5210083855945188,2024-12-18 23:48:50.121077,2024-12-18 23:48:50.239967,0 days 00:00:00.118890,kmeans,abundance,1.8,10,COMPLETE
493,0.6316526084049827,2024-12-18 23:48:50.241280,2024-12-18 23:48:50.357864,0 days 00:00:00.116584,kmeans,abundance,1.9000000000000001,10,COMPLETE
494,0.5461701557072597,2024-12-18 23:48:50.359349,2024-12-18 23:48:50.476400,0 days 00:00:00.117051,kmeans,abundance,2.0,10,COMPLETE
495,0.5442900671568071,2024-12-18 23:48:50.477874,2024-12-18 23:48:50.594340,0 days 00:00:00.116466,kmeans,abundance,2.1,10,COMPLETE
496,0.6133303416839611,2024-12-18 23:48:50.595829,2024-12-18 23:48:50.712726,0 days 00:00:00.116897,kmeans,abundance,1.8,10,COMPLETE
497,0.6001428724146702,2024-12-18 23:48:50.714208,2024-12-18 23:48:50.830092,0 days 00:00:00.115884,kmeans,abundance,2.4000000000000004,10,COMPLETE
498,0.5626003434679169,2024-12-18 23:48:50.831559,2024-12-18 23:48:50.954099,0 days 00:00:00.122540,kmeans,abundance,1.8,10,COMPLETE
499,0.5482778517743583,2024-12-18 23:48:50.955582,2024-12-18 23:48:51.074695,0 days 00:00:00.119113,kmeans,abundance,1.9000000000000001,10,COMPLETE
500,0.5526987618877245,2024-12-18 23:48:51.076187,2024-12-18 23:48:51.198918,0 days 00:00:00.122731,kmeans,abundance,2.0,7,COMPLETE
501,0.5356821142636026,2024-12-18 23:48:51.200229,2024-12-18 23:48:51.316811,0 days 00:00:00.116582,kmeans,abundance,2.1,10,COMPLETE
502,0.6323136201216382,2024-12-18 23:48:51.318321,2024-12-18 23:48:51.439847,0 days 00:00:00.121526,kmeans,abundance,1.2000000000000002,10,COMPLETE
503,0.5242370543341616,2024-12-18 23:48:51.441301,2024-12-18 23:48:51.558813,0 days 00:00:00.117512,kmeans,abundance,1.8,10,COMPLETE
504,0.5603526527796662,2024-12-18 23:48:51.560341,2024-12-18 23:48:51.683282,0 days 00:00:00.122941,kmeans,abundance,1.0,10,COMPLETE
505,0.6240735267098846,2024-12-18 23:48:51.684790,2024-12-18 23:48:51.804427,0 days 00:00:00.119637,kmeans,abundance,1.7000000000000002,10,COMPLETE
506,0.5473396250033872,2024-12-18 23:48:51.805921,2024-12-18 23:48:51.922821,0 days 00:00:00.116900,kmeans,abundance,1.8,8,COMPLETE
507,0.4956284132242268,2024-12-18 23:48:51.924300,2024-12-18 23:48:52.043139,0 days 00:00:00.118839,kmeans,abundance,1.9000000000000001,7,COMPLETE
508,0.5746072155012217,2024-12-18 23:48:52.044631,2024-12-18 23:48:52.162948,0 days 00:00:00.118317,kmeans,abundance,1.7000000000000002,10,COMPLETE
509,0.6238973596104456,2024-12-18 23:48:52.164339,2024-12-18 23:48:52.281287,0 days 00:00:00.116948,kmeans,abundance,2.2,10,COMPLETE
510,0.5583660313352344,2024-12-18 23:48:52.282758,2024-12-18 23:48:52.396908,0 days 00:00:00.114150,kmeans,abundance,2.1,10,COMPLETE
511,0.5675862174749764,2024-12-18 23:48:52.398400,2024-12-18 23:48:52.522711,0 days 00:00:00.124311,kmeans,abundance,1.6,8,COMPLETE
512,0.5024705802217478,2024-12-18 23:48:52.524223,2024-12-18 23:48:52.648738,0 days 00:00:00.124515,kmeans,abundance,1.1,10,COMPLETE
513,0.6234885121982792,2024-12-18 23:48:52.649917,2024-12-18 23:48:52.768084,0 days 00:00:00.118167,kmeans,abundance,2.0,10,COMPLETE
514,0.596950724729528,2024-12-18 23:48:52.769583,2024-12-18 23:48:52.890208,0 days 00:00:00.120625,kmeans,abundance,1.6,10,COMPLETE
515,0.48778705144528417,2024-12-18 23:48:52.891683,2024-12-18 23:48:53.009467,0 days 00:00:00.117784,kmeans,abundance,1.9000000000000001,10,COMPLETE
516,0.6038474769228347,2024-12-18 23:48:53.010999,2024-12-18 23:48:53.130977,0 days 00:00:00.119978,kmeans,abundance,1.7000000000000002,3,COMPLETE
517,0.4938378030178772,2024-12-18 23:48:53.132465,2024-12-18 23:48:53.254604,0 days 00:00:00.122139,kmeans,abundance,1.8,8,COMPLETE
518,0.510020083301134,2024-12-18 23:48:53.256079,2024-12-18 23:48:53.375376,0 days 00:00:00.119297,kmeans,abundance,1.5,10,COMPLETE
519,0.6044401544475244,2024-12-18 23:48:53.376850,2024-12-18 23:48:53.497257,0 days 00:00:00.120407,kmeans,abundance,1.7000000000000002,10,COMPLETE
520,0.5796103922562187,2024-12-18 23:48:53.498756,2024-12-18 23:48:53.621424,0 days 00:00:00.122668,kmeans,abundance,1.1,8,COMPLETE
521,0.5007117838562174,2024-12-18 23:48:53.622920,2024-12-18 23:48:53.741595,0 days 00:00:00.118675,kmeans,abundance,1.6,7,COMPLETE
522,0.5537414273613055,2024-12-18 23:48:53.743082,2024-12-18 23:48:53.867987,0 days 00:00:00.124905,kmeans,abundance,1.2000000000000002,10,COMPLETE
523,0.5877205443417904,2024-12-18 23:48:53.869492,2024-12-18 23:48:53.989914,0 days 00:00:00.120422,kmeans,abundance,1.8,10,COMPLETE
524,0.6143660026352137,2024-12-18 23:48:53.991408,2024-12-18 23:48:54.112176,0 days 00:00:00.120768,kmeans,abundance,2.0,10,COMPLETE
525,0.6780092391241305,2024-12-18 23:48:54.113689,2024-12-18 23:48:54.237070,0 days 00:00:00.123381,kmeans,abundance,1.5,10,COMPLETE
526,0.5683298676813947,2024-12-18 23:48:54.238563,2024-12-18 23:48:54.359845,0 days 00:00:00.121282,kmeans,abundance,1.5,8,COMPLETE
527,0.5412961438993884,2024-12-18 23:48:54.361345,2024-12-18 23:48:54.481711,0 days 00:00:00.120366,kmeans,abundance,1.5,10,COMPLETE
528,0.553632845448249,2024-12-18 23:48:54.483111,2024-12-18 23:48:54.602984,0 days 00:00:00.119873,kmeans,abundance,1.4000000000000001,8,COMPLETE
529,0.537140338071549,2024-12-18 23:48:54.604492,2024-12-18 23:48:54.723040,0 days 00:00:00.118548,kmeans,abundance,1.5,10,COMPLETE
530,0.5336416276882748,2024-12-18 23:48:54.724521,2024-12-18 23:48:54.846189,0 days 00:00:00.121668,kmeans,abundance,1.5,10,COMPLETE
531,0.5030492321215255,2024-12-18 23:48:54.847678,2024-12-18 23:48:54.966577,0 days 00:00:00.118899,kmeans,abundance,1.5,10,COMPLETE
532,0.4592543545920372,2024-12-18 23:48:54.968056,2024-12-18 23:48:55.089155,0 days 00:00:00.121099,kmeans,abundance,1.4000000000000001,10,COMPLETE
533,0.5303826405918405,2024-12-18 23:48:55.090653,2024-12-18 23:48:55.211326,0 days 00:00:00.120673,kmeans,abundance,2.1,8,COMPLETE
534,0.5568242563373785,2024-12-18 23:48:55.212412,2024-12-18 23:48:55.331609,0 days 00:00:00.119197,kmeans,abundance,1.2000000000000002,10,COMPLETE
535,0.5372799171827579,2024-12-18 23:48:55.333085,2024-12-18 23:48:55.450933,0 days 00:00:00.117848,kmeans,abundance,2.2,10,COMPLETE
536,0.4626675633400401,2024-12-18 23:48:55.452422,2024-12-18 23:48:55.576238,0 days 00:00:00.123816,kmeans,abundance,1.0,6,COMPLETE
537,0.528649759285582,2024-12-18 23:48:55.577741,2024-12-18 23:48:55.702269,0 days 00:00:00.124528,kmeans,abundance,1.4000000000000001,10,COMPLETE
538,0.4882784739035085,2024-12-18 23:48:55.703769,2024-12-18 23:48:55.826622,0 days 00:00:00.122853,kmeans,abundance,1.6,8,COMPLETE
539,0.5631719005911794,2024-12-18 23:48:55.828111,2024-12-18 23:48:55.946356,0 days 00:00:00.118245,kmeans,abundance,2.3000000000000003,10,COMPLETE
540,0.5283450149909857,2024-12-18 23:48:55.947837,2024-12-18 23:48:56.070967,0 days 00:00:00.123130,kmeans,abundance,1.4000000000000001,10,COMPLETE
541,0.560886964945812,2024-12-18 23:48:56.072432,2024-12-18 23:48:56.193521,0 days 00:00:00.121089,kmeans,abundance,2.0,10,COMPLETE
542,0.5764604486747638,2024-12-18 23:48:56.194980,2024-12-18 23:48:56.311565,0 days 00:00:00.116585,kmeans,abundance,1.9000000000000001,8,COMPLETE
543,0.608005640923405,2024-12-18 23:48:56.313038,2024-12-18 23:48:56.430678,0 days 00:00:00.117640,kmeans,abundance,1.6,10,COMPLETE
544,0.5281325149001466,2024-12-18 23:48:56.432190,2024-12-18 23:48:56.551948,0 days 00:00:00.119758,kmeans,abundance,1.5,7,COMPLETE
545,0.655086042123556,2024-12-18 23:48:56.553446,2024-12-18 23:48:56.671022,0 days 00:00:00.117576,kmeans,abundance,1.9000000000000001,10,COMPLETE
546,0.6649878419285595,2024-12-18 23:48:56.672491,2024-12-18 23:48:56.791828,0 days 00:00:00.119337,kmeans,abundance,1.9000000000000001,8,COMPLETE
547,0.5249256334545161,2024-12-18 23:48:56.793327,2024-12-18 23:48:56.913099,0 days 00:00:00.119772,kmeans,abundance,1.9000000000000001,10,COMPLETE
548,0.6877192386284658,2024-12-18 23:48:56.914598,2024-12-18 23:48:57.034829,0 days 00:00:00.120231,kmeans,abundance,1.9000000000000001,10,COMPLETE
549,0.5389326661730584,2024-12-18 23:48:57.036334,2024-12-18 23:48:57.155996,0 days 00:00:00.119662,kmeans,abundance,1.9000000000000001,10,COMPLETE
550,0.5807075409355712,2024-12-18 23:48:57.157499,2024-12-18 23:48:57.281431,0 days 00:00:00.123932,kmeans,abundance,2.0,10,COMPLETE
551,0.5388625357334448,2024-12-18 23:48:57.282943,2024-12-18 23:48:57.401432,0 days 00:00:00.118489,kmeans,abundance,1.9000000000000001,8,COMPLETE
552,0.6887914996484358,2024-12-18 23:48:57.402933,2024-12-18 23:48:57.523479,0 days 00:00:00.120546,kmeans,abundance,1.9000000000000001,10,COMPLETE
553,0.5903985147126076,2024-12-18 23:48:57.524995,2024-12-18 23:48:57.646987,0 days 00:00:00.121992,kmeans,abundance,1.9000000000000001,10,COMPLETE
554,0.5879245976752097,2024-12-18 23:48:57.648392,2024-12-18 23:48:57.764924,0 days 00:00:00.116532,kmeans,abundance,2.0,10,COMPLETE
555,0.6909014285614982,2024-12-18 23:48:57.766437,2024-12-18 23:48:57.884883,0 days 00:00:00.118446,kmeans,abundance,1.9000000000000001,10,COMPLETE
556,0.544810623350999,2024-12-18 23:48:57.886372,2024-12-18 23:48:58.011623,0 days 00:00:00.125251,kmeans,abundance,1.9000000000000001,10,COMPLETE
557,0.500154773275807,2024-12-18 23:48:58.013101,2024-12-18 23:48:58.138586,0 days 00:00:00.125485,kmeans,abundance,1.9000000000000001,5,COMPLETE
558,0.41474528199140726,2024-12-18 23:48:58.139957,2024-12-18 23:48:58.259261,0 days 00:00:00.119304,kmeans,abundance,2.0,10,COMPLETE
559,0.565377395229199,2024-12-18 23:48:58.260666,2024-12-18 23:48:58.377768,0 days 00:00:00.117102,kmeans,abundance,1.9000000000000001,10,COMPLETE
560,0.6299912199335512,2024-12-18 23:48:58.379274,2024-12-18 23:48:58.499001,0 days 00:00:00.119727,kmeans,abundance,1.9000000000000001,10,COMPLETE
561,0.6253664578392027,2024-12-18 23:48:58.500521,2024-12-18 23:48:58.618340,0 days 00:00:00.117819,kmeans,abundance,1.9000000000000001,10,COMPLETE
562,0.45845082266495485,2024-12-18 23:48:58.619831,2024-12-18 23:48:58.737865,0 days 00:00:00.118034,kmeans,abundance,2.0,10,COMPLETE
563,0.4846706618169472,2024-12-18 23:48:58.739384,2024-12-18 23:48:58.860323,0 days 00:00:00.120939,kmeans,abundance,2.0,10,COMPLETE
564,0.5569127071244132,2024-12-18 23:48:58.861812,2024-12-18 23:48:58.982463,0 days 00:00:00.120651,kmeans,abundance,1.9000000000000001,10,COMPLETE
565,0.5297088497088086,2024-12-18 23:48:58.983873,2024-12-18 23:48:59.105467,0 days 00:00:00.121594,kmeans,abundance,1.9000000000000001,10,COMPLETE
566,0.5227383184261107,2024-12-18 23:48:59.106975,2024-12-18 23:48:59.230504,0 days 00:00:00.123529,kmeans,abundance,2.0,10,COMPLETE
567,0.5736948861507106,2024-12-18 23:48:59.232015,2024-12-18 23:48:59.349297,0 days 00:00:00.117282,kmeans,abundance,1.9000000000000001,10,COMPLETE
568,0.5656257115164895,2024-12-18 23:48:59.350778,2024-12-18 23:48:59.469464,0 days 00:00:00.118686,kmeans,abundance,1.9000000000000001,10,COMPLETE
569,0.594906431492458,2024-12-18 23:48:59.470955,2024-12-18 23:48:59.589524,0 days 00:00:00.118569,kmeans,abundance,2.0,10,COMPLETE
570,0.5638965460549438,2024-12-18 23:48:59.591015,2024-12-18 23:48:59.709782,0 days 00:00:00.118767,kmeans,abundance,2.0,10,COMPLETE
571,0.582388539378294,2024-12-18 23:48:59.711279,2024-12-18 23:48:59.829944,0 days 00:00:00.118665,kmeans,abundance,2.1,10,COMPLETE
572,0.6139777640033909,2024-12-18 23:48:59.831433,2024-12-18 23:48:59.954333,0 days 00:00:00.122900,kmeans,abundance,1.9000000000000001,10,COMPLETE
573,0.6430270738894086,2024-12-18 23:48:59.955849,2024-12-18 23:49:00.077547,0 days 00:00:00.121698,kmeans,abundance,1.9000000000000001,10,COMPLETE
574,0.5268039822843396,2024-12-18 23:49:00.079036,2024-12-18 23:49:00.203127,0 days 00:00:00.124091,kmeans,abundance,1.8,10,COMPLETE
575,0.5890997729557158,2024-12-18 23:49:00.204624,2024-12-18 23:49:00.324590,0 days 00:00:00.119966,kmeans,abundance,2.0,10,COMPLETE
576,0.5107069202809272,2024-12-18 23:49:00.326076,2024-12-18 23:49:00.447961,0 days 00:00:00.121885,kmeans,abundance,1.9000000000000001,10,COMPLETE
577,0.5148683819826799,2024-12-18 23:49:00.449379,2024-12-18 23:49:00.574002,0 days 00:00:00.124623,kmeans,abundance,2.1,10,COMPLETE
578,0.5825735077119482,2024-12-18 23:49:00.575517,2024-12-18 23:49:00.699532,0 days 00:00:00.124015,kmeans,abundance,1.8,10,COMPLETE
579,0.4697964344238697,2024-12-18 23:49:00.701028,2024-12-18 23:49:00.821861,0 days 00:00:00.120833,kmeans,abundance,2.0,10,COMPLETE
580,0.5644573998021574,2024-12-18 23:49:00.823371,2024-12-18 23:49:00.944839,0 days 00:00:00.121468,kmeans,abundance,1.8,10,COMPLETE
581,0.44749764237030104,2024-12-18 23:49:00.946349,2024-12-18 23:49:01.067243,0 days 00:00:00.120894,kmeans,abundance,1.9000000000000001,10,COMPLETE
582,0.42005069206506745,2024-12-18 23:49:01.068701,2024-12-18 23:49:01.189732,0 days 00:00:00.121031,kmeans,abundance,2.0,10,COMPLETE
583,0.45513373015027536,2024-12-18 23:49:01.191255,2024-12-18 23:49:01.318108,0 days 00:00:00.126853,kmeans,abundance,0.7000000000000001,10,COMPLETE
584,0.5770483968927813,2024-12-18 23:49:01.319686,2024-12-18 23:49:01.439243,0 days 00:00:00.119557,kmeans,abundance,1.8,10,COMPLETE
585,0.55118815737201,2024-12-18 23:49:01.440662,2024-12-18 23:49:01.559929,0 days 00:00:00.119267,kmeans,abundance,1.9000000000000001,10,COMPLETE
586,0.530862244953331,2024-12-18 23:49:01.561515,2024-12-18 23:49:01.686185,0 days 00:00:00.124670,kmeans,abundance,0.8,4,COMPLETE
587,0.5017807124191725,2024-12-18 23:49:01.687694,2024-12-18 23:49:01.809001,0 days 00:00:00.121307,kmeans,abundance,1.9000000000000001,10,COMPLETE
588,0.5460419682171342,2024-12-18 23:49:01.810514,2024-12-18 23:49:01.931896,0 days 00:00:00.121382,kmeans,abundance,2.1,10,COMPLETE
589,0.6170416604509222,2024-12-18 23:49:01.933413,2024-12-18 23:49:02.058383,0 days 00:00:00.124970,kmeans,abundance,1.9000000000000001,10,COMPLETE
590,0.6687301411644556,2024-12-18 23:49:02.059541,2024-12-18 23:49:02.182570,0 days 00:00:00.123029,kmeans,abundance,2.0,10,COMPLETE
591,0.575294606722157,2024-12-18 23:49:02.184095,2024-12-18 23:49:02.306218,0 days 00:00:00.122123,kmeans,abundance,2.0,10,COMPLETE
592,0.5286045037278185,2024-12-18 23:49:02.307751,2024-12-18 23:49:02.427700,0 days 00:00:00.119949,kmeans,abundance,2.1,10,COMPLETE
593,0.5555431344038332,2024-12-18 23:49:02.429089,2024-12-18 23:49:02.547597,0 days 00:00:00.118508,kmeans,abundance,2.0,10,COMPLETE
594,0.5796775589009302,2024-12-18 23:49:02.548991,2024-12-18 23:49:02.669712,0 days 00:00:00.120721,kmeans,abundance,2.0,6,COMPLETE
595,0.5349351870942766,2024-12-18 23:49:02.671225,2024-12-18 23:49:02.790884,0 days 00:00:00.119659,kmeans,abundance,2.1,10,COMPLETE
596,0.5332697217832846,2024-12-18 23:49:02.792367,2024-12-18 23:49:02.913696,0 days 00:00:00.121329,kmeans,abundance,2.0,9,COMPLETE
597,0.599667360980976,2024-12-18 23:49:02.915218,2024-12-18 23:49:03.038368,0 days 00:00:00.123150,kmeans,abundance,1.9000000000000001,10,COMPLETE
598,0.6471945991423916,2024-12-18 23:49:03.039880,2024-12-18 23:49:03.162916,0 days 00:00:00.123036,kmeans,abundance,2.0,10,COMPLETE
599,0.5846735585829422,2024-12-18 23:49:03.164436,2024-12-18 23:49:03.285580,0 days 00:00:00.121144,kmeans,abundance,2.1,10,COMPLETE
600,0.5949046254657567,2024-12-18 23:49:03.287064,2024-12-18 23:49:03.407777,0 days 00:00:00.120713,kmeans,abundance,2.0,10,COMPLETE
601,0.5390889338093174,2024-12-18 23:49:03.409289,2024-12-18 23:49:03.532375,0 days 00:00:00.123086,kmeans,abundance,2.0,9,COMPLETE
602,0.6076304170042782,2024-12-18 23:49:03.533925,2024-12-18 23:49:03.657406,0 days 00:00:00.123481,kmeans,abundance,2.1,10,COMPLETE
603,0.6061656989674703,2024-12-18 23:49:03.658549,2024-12-18 23:49:03.778398,0 days 00:00:00.119849,kmeans,abundance,2.2,10,COMPLETE
604,0.6040206901616486,2024-12-18 23:49:03.779954,2024-12-18 23:49:03.903626,0 days 00:00:00.123672,kmeans,abundance,2.0,10,COMPLETE
605,0.43607152655222925,2024-12-18 23:49:03.905036,2024-12-18 23:49:04.027776,0 days 00:00:00.122740,kmeans,abundance,2.1,7,COMPLETE
606,0.5934382829767096,2024-12-18 23:49:04.029310,2024-12-18 23:49:04.154421,0 days 00:00:00.125111,kmeans,abundance,2.0,10,COMPLETE
607,0.6415635133491246,2024-12-18 23:49:04.155917,2024-12-18 23:49:04.281443,0 days 00:00:00.125526,kmeans,abundance,1.4000000000000001,10,COMPLETE
608,0.5990069554960221,2024-12-18 23:49:04.282963,2024-12-18 23:49:04.406547,0 days 00:00:00.123584,kmeans,abundance,2.0,10,COMPLETE
609,0.5662450126018483,2024-12-18 23:49:04.408068,2024-12-18 23:49:04.529275,0 days 00:00:00.121207,kmeans,abundance,1.9000000000000001,10,COMPLETE
610,0.5247833815297543,2024-12-18 23:49:04.530770,2024-12-18 23:49:04.651759,0 days 00:00:00.120989,kmeans,abundance,2.0,10,COMPLETE
611,0.5373237772707392,2024-12-18 23:49:04.653286,2024-12-18 23:49:04.776665,0 days 00:00:00.123379,kmeans,abundance,1.5,10,COMPLETE
612,0.5464405696777973,2024-12-18 23:49:04.778185,2024-12-18 23:49:04.898814,0 days 00:00:00.120629,kmeans,abundance,2.1,10,COMPLETE
613,0.6304265375500211,2024-12-18 23:49:04.900311,2024-12-18 23:49:05.023423,0 days 00:00:00.123112,kmeans,abundance,1.9000000000000001,9,COMPLETE
614,0.6358348517612851,2024-12-18 23:49:05.024952,2024-12-18 23:49:05.147759,0 days 00:00:00.122807,kmeans,abundance,2.2,10,COMPLETE
615,0.6159522693984067,2024-12-18 23:49:05.149005,2024-12-18 23:49:05.272369,0 days 00:00:00.123364,kmeans,abundance,2.5,10,COMPLETE
616,0.5359402304698285,2024-12-18 23:49:05.273783,2024-12-18 23:49:05.398239,0 days 00:00:00.124456,kmeans,abundance,1.9000000000000001,9,COMPLETE
617,0.5862806952497285,2024-12-18 23:49:05.399781,2024-12-18 23:49:05.523295,0 days 00:00:00.123514,kmeans,abundance,2.0,7,COMPLETE
618,0.6230921830761408,2024-12-18 23:49:05.524826,2024-12-18 23:49:05.649178,0 days 00:00:00.124352,kmeans,abundance,1.4000000000000001,9,COMPLETE
619,0.5231555463635064,2024-12-18 23:49:05.650695,2024-12-18 23:49:05.771331,0 days 00:00:00.120636,kmeans,abundance,2.1,10,COMPLETE
620,0.607350817473484,2024-12-18 23:49:05.772836,2024-12-18 23:49:05.893795,0 days 00:00:00.120959,kmeans,abundance,1.9000000000000001,10,COMPLETE
621,0.525673984490106,2024-12-18 23:49:05.895210,2024-12-18 23:49:06.019159,0 days 00:00:00.123949,kmeans,abundance,2.0,10,COMPLETE
622,0.5410876107253809,2024-12-18 23:49:06.020689,2024-12-18 23:49:06.145692,0 days 00:00:00.125003,kmeans,abundance,1.4000000000000001,10,COMPLETE
623,0.5698356231204288,2024-12-18 23:49:06.147215,2024-12-18 23:49:06.269077,0 days 00:00:00.121862,kmeans,abundance,1.5,10,COMPLETE
624,0.5772759072004175,2024-12-18 23:49:06.270589,2024-12-18 23:49:06.390617,0 days 00:00:00.120028,kmeans,abundance,2.1,10,COMPLETE
625,0.5730665747319597,2024-12-18 23:49:06.392027,2024-12-18 23:49:06.513429,0 days 00:00:00.121402,kmeans,abundance,1.9000000000000001,10,COMPLETE
626,0.5587480248832228,2024-12-18 23:49:06.514925,2024-12-18 23:49:06.637602,0 days 00:00:00.122677,kmeans,abundance,1.9000000000000001,10,COMPLETE
627,0.4702731711060501,2024-12-18 23:49:06.639091,2024-12-18 23:49:06.761118,0 days 00:00:00.122027,kmeans,abundance,2.4000000000000004,10,COMPLETE
628,0.5462224627662428,2024-12-18 23:49:06.762630,2024-12-18 23:49:06.883956,0 days 00:00:00.121326,kmeans,abundance,2.2,9,COMPLETE
629,0.525907888601902,2024-12-18 23:49:06.885489,2024-12-18 23:49:07.012481,0 days 00:00:00.126992,kmeans,abundance,2.0,10,COMPLETE
630,0.5092784548632153,2024-12-18 23:49:07.014010,2024-12-18 23:49:07.142752,0 days 00:00:00.128742,kmeans,abundance,1.5,10,COMPLETE
