number,value,datetime_start,datetime_complete,duration,params_algorithm,params_filter_criteria,params_filter_threshold,params_k,state
790,0.5856687995759265,2024-12-18 23:49:28.276852,2024-12-18 23:49:28.401383,0 days 00:00:00.124531,kmeans,abundance,1.9000000000000001,8,COMPLETE
791,0.5536908192420907,2024-12-18 23:49:28.402980,2024-12-18 23:49:28.531428,0 days 00:00:00.128448,kmeans,abundance,1.3,5,COMPLETE
792,0.6475454750561446,2024-12-18 23:49:28.533025,2024-12-18 23:49:28.660534,0 days 00:00:00.127509,kmeans,abundance,1.5,8,COMPLETE
793,0.5457502844386777,2024-12-18 23:49:28.662091,2024-12-18 23:49:28.790405,0 days 00:00:00.128314,kmeans,abundance,2.0,8,COMPLETE
794,0.5291486052776893,2024-12-18 23:49:28.791681,2024-12-18 23:49:28.919145,0 days 00:00:00.127464,kmeans,abundance,2.1,9,COMPLETE
795,0.4733809534470135,2024-12-18 23:49:28.920757,2024-12-18 23:49:29.049886,0 days 00:00:00.129129,kmeans,abundance,2.2,8,COMPLETE
796,0.4649966666308134,2024-12-18 23:49:29.051474,2024-12-18 23:49:29.181071,0 days 00:00:00.129597,kmeans,abundance,2.0,8,COMPLETE
797,0.524473942893785,2024-12-18 23:49:29.182660,2024-12-18 23:49:29.309061,0 days 00:00:00.126401,kmeans,abundance,1.9000000000000001,8,COMPLETE
798,0.5803920016584714,2024-12-18 23:49:29.310648,2024-12-18 23:49:29.442130,0 days 00:00:00.131482,kmeans,abundance,0.9,9,COMPLETE
799,0.5516938843106987,2024-12-18 23:49:29.443546,2024-12-18 23:49:29.568672,0 days 00:00:00.125126,kmeans,abundance,2.3000000000000003,6,COMPLETE
800,0.5369660654704707,2024-12-18 23:49:29.570261,2024-12-18 23:49:29.697154,0 days 00:00:00.126893,kmeans,abundance,1.4000000000000001,6,COMPLETE
801,0.5093111853442328,2024-12-18 23:49:29.698764,2024-12-18 23:49:29.825060,0 days 00:00:00.126296,kmeans,abundance,2.0,8,COMPLETE
802,0.5665386273801764,2024-12-18 23:49:29.826644,2024-12-18 23:49:29.952927,0 days 00:00:00.126283,kmeans,abundance,1.9000000000000001,5,COMPLETE
803,0.550239700045548,2024-12-18 23:49:29.954528,2024-12-18 23:49:30.084733,0 days 00:00:00.130205,kmeans,abundance,1.5,9,COMPLETE
804,0.576839643343012,2024-12-18 23:49:30.086224,2024-12-18 23:49:30.215031,0 days 00:00:00.128807,kmeans,abundance,2.1,8,COMPLETE
805,0.5754368020320317,2024-12-18 23:49:30.216612,2024-12-18 23:49:30.343738,0 days 00:00:00.127126,kmeans,abundance,1.4000000000000001,8,COMPLETE
806,0.5352653891286016,2024-12-18 23:49:30.345324,2024-12-18 23:49:30.477987,0 days 00:00:00.132663,kmeans,abundance,1.9000000000000001,7,COMPLETE
807,0.5798387232887415,2024-12-18 23:49:30.479609,2024-12-18 23:49:30.611852,0 days 00:00:00.132243,kmeans,abundance,1.8,9,COMPLETE
808,0.611636782256527,2024-12-18 23:49:30.613486,2024-12-18 23:49:30.742621,0 days 00:00:00.129135,kmeans,abundance,2.0,7,COMPLETE
809,0.5772613578236129,2024-12-18 23:49:30.744193,2024-12-18 23:49:30.872411,0 days 00:00:00.128218,kmeans,abundance,2.1,8,COMPLETE
810,0.5040604423332455,2024-12-18 23:49:30.873920,2024-12-18 23:49:31.009643,0 days 00:00:00.135723,kmeans,abundance,0.8,8,COMPLETE
811,0.5349471806750297,2024-12-18 23:49:31.011095,2024-12-18 23:49:31.142866,0 days 00:00:00.131771,kmeans,abundance,1.3,7,COMPLETE
812,0.5544444941622035,2024-12-18 23:49:31.144327,2024-12-18 23:49:31.269467,0 days 00:00:00.125140,kmeans,abundance,2.2,7,COMPLETE
813,0.5067711840310117,2024-12-18 23:49:31.271016,2024-12-18 23:49:31.398822,0 days 00:00:00.127806,kmeans,abundance,1.9000000000000001,6,COMPLETE
814,0.4135592386144899,2024-12-18 23:49:31.400421,2024-12-18 23:49:31.527021,0 days 00:00:00.126600,kmeans,abundance,2.0,8,COMPLETE
815,0.5561613446992625,2024-12-18 23:49:31.528452,2024-12-18 23:49:31.656417,0 days 00:00:00.127965,kmeans,abundance,1.8,5,COMPLETE
816,0.5177137644465276,2024-12-18 23:49:31.657688,2024-12-18 23:49:31.783419,0 days 00:00:00.125731,kmeans,abundance,2.1,8,COMPLETE
817,0.5804947348517921,2024-12-18 23:49:31.784884,2024-12-18 23:49:31.915178,0 days 00:00:00.130294,kmeans,abundance,1.4000000000000001,4,COMPLETE
818,0.5995017527675479,2024-12-18 23:49:31.916658,2024-12-18 23:49:32.046433,0 days 00:00:00.129775,kmeans,abundance,2.2,9,COMPLETE
819,0.6428587524768222,2024-12-18 23:49:32.047905,2024-12-18 23:49:32.178036,0 days 00:00:00.130131,kmeans,abundance,1.9000000000000001,7,COMPLETE
820,0.46290373320890793,2024-12-18 23:49:32.179630,2024-12-18 23:49:32.308113,0 days 00:00:00.128483,kmeans,abundance,2.0,7,COMPLETE
821,0.6132297964942827,2024-12-18 23:49:32.309719,2024-12-18 23:49:32.440779,0 days 00:00:00.131060,kmeans,abundance,1.5,9,COMPLETE
822,0.43162215090391753,2024-12-18 23:49:32.442196,2024-12-18 23:49:32.574020,0 days 00:00:00.131824,kmeans,abundance,1.3,8,COMPLETE
823,0.5339910265815738,2024-12-18 23:49:32.575603,2024-12-18 23:49:32.700578,0 days 00:00:00.124975,kmeans,abundance,2.1,8,COMPLETE
824,0.546039116376129,2024-12-18 23:49:32.702181,2024-12-18 23:49:32.830421,0 days 00:00:00.128240,kmeans,abundance,2.0,7,COMPLETE
825,0.5349898597341011,2024-12-18 23:49:32.831902,2024-12-18 23:49:32.959379,0 days 00:00:00.127477,kmeans,abundance,1.9000000000000001,7,COMPLETE
826,0.6281336099169114,2024-12-18 23:49:32.960931,2024-12-18 23:49:33.089581,0 days 00:00:00.128650,kmeans,abundance,1.5,8,COMPLETE
827,0.583591846270899,2024-12-18 23:49:33.091112,2024-12-18 23:49:33.223967,0 days 00:00:00.132855,kmeans,abundance,1.4000000000000001,8,COMPLETE
828,0.5861733657059748,2024-12-18 23:49:33.225461,2024-12-18 23:49:33.351165,0 days 00:00:00.125704,kmeans,abundance,1.8,9,COMPLETE
829,0.6752687650596404,2024-12-18 23:49:33.352675,2024-12-18 23:49:33.480490,0 days 00:00:00.127815,kmeans,abundance,2.0,10,COMPLETE
830,0.5780086360658171,2024-12-18 23:49:33.482078,2024-12-18 23:49:33.609010,0 days 00:00:00.126932,kmeans,abundance,2.0,6,COMPLETE
831,0.4811161494304412,2024-12-18 23:49:33.610506,2024-12-18 23:49:33.740568,0 days 00:00:00.130062,kmeans,abundance,2.0,10,COMPLETE
832,0.5497177294658456,2024-12-18 23:49:33.742015,2024-12-18 23:49:33.871820,0 days 00:00:00.129805,kmeans,abundance,2.1,6,COMPLETE
833,0.6204792167733554,2024-12-18 23:49:33.873389,2024-12-18 23:49:34.003893,0 days 00:00:00.130504,kmeans,abundance,2.0,5,COMPLETE
834,0.4478480250692926,2024-12-18 23:49:34.005469,2024-12-18 23:49:34.133143,0 days 00:00:00.127674,kmeans,abundance,1.9000000000000001,10,COMPLETE
835,0.5244027828771691,2024-12-18 23:49:34.134697,2024-12-18 23:49:34.262978,0 days 00:00:00.128281,kmeans,abundance,2.1,10,COMPLETE
836,0.6290336950048016,2024-12-18 23:49:34.264456,2024-12-18 23:49:34.390798,0 days 00:00:00.126342,kmeans,abundance,1.9000000000000001,10,COMPLETE
837,0.5494291337205223,2024-12-18 23:49:34.392250,2024-12-18 23:49:34.520326,0 days 00:00:00.128076,kmeans,abundance,2.0,10,COMPLETE
838,0.5093173163822322,2024-12-18 23:49:34.521591,2024-12-18 23:49:34.648141,0 days 00:00:00.126550,kmeans,abundance,2.1,10,COMPLETE
839,0.4764930808871321,2024-12-18 23:49:34.649330,2024-12-18 23:49:34.775063,0 days 00:00:00.125733,kmeans,abundance,2.0,10,COMPLETE
840,0.4751681856465179,2024-12-18 23:49:34.776519,2024-12-18 23:49:34.901334,0 days 00:00:00.124815,kmeans,abundance,2.3000000000000003,10,COMPLETE
841,0.6204283981070499,2024-12-18 23:49:34.902920,2024-12-18 23:49:35.030555,0 days 00:00:00.127635,kmeans,abundance,2.2,10,COMPLETE
842,0.6743674874552368,2024-12-18 23:49:35.032101,2024-12-18 23:49:35.160075,0 days 00:00:00.127974,kmeans,abundance,1.9000000000000001,10,COMPLETE
843,0.52926147563092,2024-12-18 23:49:35.161643,2024-12-18 23:49:35.292444,0 days 00:00:00.130801,kmeans,abundance,1.9000000000000001,10,COMPLETE
844,0.6456623605869796,2024-12-18 23:49:35.294003,2024-12-18 23:49:35.424015,0 days 00:00:00.130012,kmeans,abundance,1.9000000000000001,10,COMPLETE
845,0.5279612175988333,2024-12-18 23:49:35.425486,2024-12-18 23:49:35.553633,0 days 00:00:00.128147,kmeans,abundance,1.8,10,COMPLETE
846,0.6266466544654433,2024-12-18 23:49:35.555240,2024-12-18 23:49:35.681744,0 days 00:00:00.126504,kmeans,abundance,1.9000000000000001,10,COMPLETE
847,0.5075699262539645,2024-12-18 23:49:35.683254,2024-12-18 23:49:35.809912,0 days 00:00:00.126658,kmeans,abundance,1.9000000000000001,10,COMPLETE
848,0.4706322688301426,2024-12-18 23:49:35.811489,2024-12-18 23:49:35.940188,0 days 00:00:00.128699,kmeans,abundance,1.8,10,COMPLETE
849,0.6311331915411983,2024-12-18 23:49:35.941749,2024-12-18 23:49:36.070826,0 days 00:00:00.129077,kmeans,abundance,2.0,10,COMPLETE
850,0.6013869574503171,2024-12-18 23:49:36.072448,2024-12-18 23:49:36.203626,0 days 00:00:00.131178,kmeans,abundance,1.9000000000000001,10,COMPLETE
851,0.49801705069080554,2024-12-18 23:49:36.205188,2024-12-18 23:49:36.330706,0 days 00:00:00.125518,kmeans,abundance,2.0,10,COMPLETE
852,0.6583851954254981,2024-12-18 23:49:36.332185,2024-12-18 23:49:36.459868,0 days 00:00:00.127683,kmeans,abundance,1.8,10,COMPLETE
853,0.5488905496554124,2024-12-18 23:49:36.461452,2024-12-18 23:49:36.588293,0 days 00:00:00.126841,kmeans,abundance,1.8,10,COMPLETE
854,0.5892987751412453,2024-12-18 23:49:36.589820,2024-12-18 23:49:36.716928,0 days 00:00:00.127108,kmeans,abundance,2.1,10,COMPLETE
855,0.41224357246915644,2024-12-18 23:49:36.718418,2024-12-18 23:49:36.850482,0 days 00:00:00.132064,kmeans,abundance,1.8,10,COMPLETE
856,0.5460614963334621,2024-12-18 23:49:36.852024,2024-12-18 23:49:36.984154,0 days 00:00:00.132130,kmeans,abundance,1.8,10,COMPLETE
857,0.4682277752384316,2024-12-18 23:49:36.985715,2024-12-18 23:49:37.114771,0 days 00:00:00.129056,kmeans,abundance,2.0,10,COMPLETE
858,0.6584319032122715,2024-12-18 23:49:37.116275,2024-12-18 23:49:37.248228,0 days 00:00:00.131953,kmeans,abundance,1.8,10,COMPLETE
859,0.5791027491818864,2024-12-18 23:49:37.249783,2024-12-18 23:49:37.375343,0 days 00:00:00.125560,kmeans,abundance,1.9000000000000001,10,COMPLETE
860,0.5481857831943255,2024-12-18 23:49:37.376962,2024-12-18 23:49:37.506761,0 days 00:00:00.129799,kmeans,abundance,1.8,10,COMPLETE
861,0.6611098680141596,2024-12-18 23:49:37.507903,2024-12-18 23:49:37.635418,0 days 00:00:00.127515,kmeans,abundance,1.9000000000000001,10,COMPLETE
862,0.4891000768326934,2024-12-18 23:49:37.636887,2024-12-18 23:49:37.763695,0 days 00:00:00.126808,kmeans,abundance,2.0,10,COMPLETE
863,0.5791266750970471,2024-12-18 23:49:37.765280,2024-12-18 23:49:37.893059,0 days 00:00:00.127779,kmeans,abundance,1.9000000000000001,10,COMPLETE
864,0.5886780825079928,2024-12-18 23:49:37.894580,2024-12-18 23:49:38.029640,0 days 00:00:00.135060,kmeans,abundance,2.0,10,COMPLETE
865,0.5511870804930499,2024-12-18 23:49:38.031240,2024-12-18 23:49:38.161401,0 days 00:00:00.130161,kmeans,abundance,1.9000000000000001,10,COMPLETE
866,0.5507857171141525,2024-12-18 23:49:38.162974,2024-12-18 23:49:38.290370,0 days 00:00:00.127396,kmeans,abundance,2.1,10,COMPLETE
867,0.5382732482454662,2024-12-18 23:49:38.291949,2024-12-18 23:49:38.422324,0 days 00:00:00.130375,kmeans,abundance,2.0,10,COMPLETE
868,0.5184596944427133,2024-12-18 23:49:38.423863,2024-12-18 23:49:38.555039,0 days 00:00:00.131176,kmeans,abundance,1.9000000000000001,10,COMPLETE
869,0.5575444784531131,2024-12-18 23:49:38.556644,2024-12-18 23:49:38.686279,0 days 00:00:00.129635,kmeans,abundance,2.0,10,COMPLETE
870,0.556625048900229,2024-12-18 23:49:38.687745,2024-12-18 23:49:38.820406,0 days 00:00:00.132661,kmeans,abundance,1.4000000000000001,10,COMPLETE
871,0.5274013459505115,2024-12-18 23:49:38.821886,2024-12-18 23:49:38.948417,0 days 00:00:00.126531,kmeans,abundance,1.9000000000000001,5,COMPLETE
872,0.46936142307036355,2024-12-18 23:49:38.950003,2024-12-18 23:49:39.078953,0 days 00:00:00.128950,kmeans,abundance,2.0,10,COMPLETE
873,0.56623234396297,2024-12-18 23:49:39.080579,2024-12-18 23:49:39.210232,0 days 00:00:00.129653,kmeans,abundance,2.1,10,COMPLETE
874,0.4741657541643109,2024-12-18 23:49:39.211796,2024-12-18 23:49:39.339497,0 days 00:00:00.127701,kmeans,abundance,1.5,10,COMPLETE
875,0.5346496194513594,2024-12-18 23:49:39.341107,2024-12-18 23:49:39.466602,0 days 00:00:00.125495,kmeans,abundance,1.9000000000000001,10,COMPLETE
876,0.5640531283754502,2024-12-18 23:49:39.468168,2024-12-18 23:49:39.594763,0 days 00:00:00.126595,kmeans,abundance,2.0,10,COMPLETE
877,0.6034973862051952,2024-12-18 23:49:39.596170,2024-12-18 23:49:39.723357,0 days 00:00:00.127187,kmeans,abundance,2.1,4,COMPLETE
878,0.6508790385844351,2024-12-18 23:49:39.724928,2024-12-18 23:49:39.853643,0 days 00:00:00.128715,kmeans,abundance,1.9000000000000001,10,COMPLETE
879,0.6276581905328555,2024-12-18 23:49:39.855261,2024-12-18 23:49:39.990537,0 days 00:00:00.135276,kmeans,abundance,1.4000000000000001,10,COMPLETE
880,0.5647260430190068,2024-12-18 23:49:39.991814,2024-12-18 23:49:40.123561,0 days 00:00:00.131747,kmeans,abundance,1.4000000000000001,10,COMPLETE
881,0.5346640378439165,2024-12-18 23:49:40.125381,2024-12-18 23:49:40.258790,0 days 00:00:00.133409,kmeans,abundance,1.5,10,COMPLETE
882,0.5400515394932384,2024-12-18 23:49:40.260421,2024-12-18 23:49:40.389247,0 days 00:00:00.128826,kmeans,abundance,2.0,10,COMPLETE
883,0.5141579081727153,2024-12-18 23:49:40.390833,2024-12-18 23:49:40.518500,0 days 00:00:00.127667,kmeans,abundance,2.1,10,COMPLETE
884,0.4909636443963425,2024-12-18 23:49:40.519842,2024-12-18 23:49:40.647154,0 days 00:00:00.127312,kmeans,abundance,2.0,10,COMPLETE
885,0.6552061912839471,2024-12-18 23:49:40.648505,2024-12-18 23:49:40.776646,0 days 00:00:00.128141,kmeans,abundance,1.9000000000000001,10,COMPLETE
886,0.5552575855586771,2024-12-18 23:49:40.778174,2024-12-18 23:49:40.903470,0 days 00:00:00.125296,kmeans,abundance,2.1,10,COMPLETE
887,0.5575987377813673,2024-12-18 23:49:40.905008,2024-12-18 23:49:41.034284,0 days 00:00:00.129276,kmeans,abundance,1.9000000000000001,10,COMPLETE
888,0.468011665232094,2024-12-18 23:49:41.035832,2024-12-18 23:49:41.169519,0 days 00:00:00.133687,kmeans,abundance,1.3,10,COMPLETE
889,0.5503953978691322,2024-12-18 23:49:41.171032,2024-12-18 23:49:41.300300,0 days 00:00:00.129268,kmeans,abundance,1.4000000000000001,10,COMPLETE
890,0.6858596719088562,2024-12-18 23:49:41.301895,2024-12-18 23:49:41.429538,0 days 00:00:00.127643,kmeans,abundance,2.0,10,COMPLETE
891,0.602416217148302,2024-12-18 23:49:41.431002,2024-12-18 23:49:41.562317,0 days 00:00:00.131315,kmeans,abundance,2.0,10,COMPLETE
892,0.6348416898643388,2024-12-18 23:49:41.563928,2024-12-18 23:49:41.693629,0 days 00:00:00.129701,kmeans,abundance,1.9000000000000001,10,COMPLETE
893,0.6032078522698857,2024-12-18 23:49:41.695262,2024-12-18 23:49:41.824343,0 days 00:00:00.129081,kmeans,abundance,2.0,10,COMPLETE
894,0.44372007942360403,2024-12-18 23:49:41.825804,2024-12-18 23:49:41.955571,0 days 00:00:00.129767,kmeans,abundance,1.9000000000000001,10,COMPLETE
895,0.5581700891850498,2024-12-18 23:49:41.957067,2024-12-18 23:49:42.084656,0 days 00:00:00.127589,kmeans,abundance,2.0,10,COMPLETE
896,0.5937148630467649,2024-12-18 23:49:42.086298,2024-12-18 23:49:42.216661,0 days 00:00:00.130363,kmeans,abundance,1.8,10,COMPLETE
897,0.5861982808402675,2024-12-18 23:49:42.218266,2024-12-18 23:49:42.342736,0 days 00:00:00.124470,kmeans,abundance,2.0,10,COMPLETE
898,0.38611105167151044,2024-12-18 23:49:42.344370,2024-12-18 23:49:42.491323,0 days 00:00:00.146953,kmeans,abundance,0.30000000000000004,10,COMPLETE
899,0.5051297657222399,2024-12-18 23:49:42.492956,2024-12-18 23:49:42.622671,0 days 00:00:00.129715,kmeans,abundance,1.9000000000000001,10,COMPLETE
900,0.5793484857703709,2024-12-18 23:49:42.624304,2024-12-18 23:49:42.755778,0 days 00:00:00.131474,kmeans,abundance,1.5,10,COMPLETE
901,0.6196173067085544,2024-12-18 23:49:42.757407,2024-12-18 23:49:42.885722,0 days 00:00:00.128315,kmeans,abundance,1.9000000000000001,10,COMPLETE
902,0.5334538455925538,2024-12-18 23:49:42.887230,2024-12-18 23:49:43.016862,0 days 00:00:00.129632,kmeans,abundance,1.9000000000000001,10,COMPLETE
903,0.5634726328905574,2024-12-18 23:49:43.018498,2024-12-18 23:49:43.149470,0 days 00:00:00.130972,kmeans,abundance,2.0,10,COMPLETE
904,0.5705070808007154,2024-12-18 23:49:43.151072,2024-12-18 23:49:43.287334,0 days 00:00:00.136262,kmeans,abundance,1.5,10,COMPLETE
905,0.47476304883307624,2024-12-18 23:49:43.288808,2024-12-18 23:49:43.417464,0 days 00:00:00.128656,kmeans,abundance,1.9000000000000001,10,COMPLETE
906,0.5031410991335955,2024-12-18 23:49:43.419085,2024-12-18 23:49:43.550400,0 days 00:00:00.131315,kmeans,abundance,1.8,10,COMPLETE
907,0.6016685786780238,2024-12-18 23:49:43.551998,2024-12-18 23:49:43.682448,0 days 00:00:00.130450,kmeans,abundance,2.0,10,COMPLETE
908,0.657238664095223,2024-12-18 23:49:43.683959,2024-12-18 23:49:43.815751,0 days 00:00:00.131792,kmeans,abundance,1.3,8,COMPLETE
909,0.5465535913974756,2024-12-18 23:49:43.817380,2024-12-18 23:49:43.958243,0 days 00:00:00.140863,kmeans,abundance,1.4000000000000001,10,COMPLETE
910,0.5474552929038299,2024-12-18 23:49:43.959968,2024-12-18 23:49:44.097730,0 days 00:00:00.137762,kmeans,abundance,1.9000000000000001,10,COMPLETE
911,0.5621942915297568,2024-12-18 23:49:44.099362,2024-12-18 23:49:44.235305,0 days 00:00:00.135943,kmeans,abundance,2.0,10,COMPLETE
912,0.5554227055708165,2024-12-18 23:49:44.236613,2024-12-18 23:49:44.367660,0 days 00:00:00.131047,kmeans,abundance,1.8,10,COMPLETE
913,0.5545077323752579,2024-12-18 23:49:44.369215,2024-12-18 23:49:44.503621,0 days 00:00:00.134406,kmeans,abundance,2.0,8,COMPLETE
914,0.582262253994164,2024-12-18 23:49:44.505262,2024-12-18 23:49:44.641610,0 days 00:00:00.136348,kmeans,abundance,1.3,8,COMPLETE
915,0.6199424895911863,2024-12-18 23:49:44.643223,2024-12-18 23:49:44.779094,0 days 00:00:00.135871,kmeans,abundance,1.9000000000000001,10,COMPLETE
916,0.540255681655301,2024-12-18 23:49:44.780711,2024-12-18 23:49:44.915283,0 days 00:00:00.134572,kmeans,abundance,1.8,10,COMPLETE
917,0.5806060865074846,2024-12-18 23:49:44.916916,2024-12-18 23:49:45.051231,0 days 00:00:00.134315,kmeans,abundance,1.5,10,COMPLETE
918,0.5015160391049441,2024-12-18 23:49:45.052816,2024-12-18 23:49:45.185496,0 days 00:00:00.132680,kmeans,abundance,1.4000000000000001,10,COMPLETE
919,0.443487240807235,2024-12-18 23:49:45.187126,2024-12-18 23:49:45.314743,0 days 00:00:00.127617,kmeans,abundance,2.0,8,COMPLETE
920,0.5384034592555275,2024-12-18 23:49:45.316364,2024-12-18 23:49:45.442724,0 days 00:00:00.126360,kmeans,abundance,2.1,9,COMPLETE
921,0.49421423595103436,2024-12-18 23:49:45.444129,2024-12-18 23:49:45.572843,0 days 00:00:00.128714,kmeans,abundance,1.9000000000000001,10,COMPLETE
922,0.5495759789065501,2024-12-18 23:49:45.574473,2024-12-18 23:49:45.703789,0 days 00:00:00.129316,kmeans,abundance,1.8,10,COMPLETE
923,0.5102215173254427,2024-12-18 23:49:45.705411,2024-12-18 23:49:45.835565,0 days 00:00:00.130154,kmeans,abundance,2.0,10,COMPLETE
924,0.48184851476978147,2024-12-18 23:49:45.836856,2024-12-18 23:49:45.965870,0 days 00:00:00.129014,kmeans,abundance,1.9000000000000001,8,COMPLETE
925,0.5991144118621267,2024-12-18 23:49:45.967498,2024-12-18 23:49:46.100105,0 days 00:00:00.132607,kmeans,abundance,1.4000000000000001,9,COMPLETE
926,0.5912429337813757,2024-12-18 23:49:46.101723,2024-12-18 23:49:46.235209,0 days 00:00:00.133486,kmeans,abundance,1.8,10,COMPLETE
927,0.638928300585727,2024-12-18 23:49:46.236592,2024-12-18 23:49:46.366359,0 days 00:00:00.129767,kmeans,abundance,2.0,10,COMPLETE
928,0.577310970252891,2024-12-18 23:49:46.367973,2024-12-18 23:49:46.500951,0 days 00:00:00.132978,kmeans,abundance,2.1,8,COMPLETE
929,0.5552849251559125,2024-12-18 23:49:46.502466,2024-12-18 23:49:46.633754,0 days 00:00:00.131288,kmeans,abundance,2.1,10,COMPLETE
930,0.6596286585029438,2024-12-18 23:49:46.635355,2024-12-18 23:49:46.768314,0 days 00:00:00.132959,kmeans,abundance,1.9000000000000001,10,COMPLETE
931,0.6000867322972049,2024-12-18 23:49:46.770024,2024-12-18 23:49:46.899140,0 days 00:00:00.129116,kmeans,abundance,1.9000000000000001,10,COMPLETE
932,0.5301065372592676,2024-12-18 23:49:46.900729,2024-12-18 23:49:47.031320,0 days 00:00:00.130591,kmeans,abundance,1.9000000000000001,10,COMPLETE
933,0.5459809185075732,2024-12-18 23:49:47.032944,2024-12-18 23:49:47.165321,0 days 00:00:00.132377,kmeans,abundance,1.9000000000000001,10,COMPLETE
934,0.5389347443255185,2024-12-18 23:49:47.166945,2024-12-18 23:49:47.295604,0 days 00:00:00.128659,kmeans,abundance,1.8,10,COMPLETE
935,0.6042519219879421,2024-12-18 23:49:47.297206,2024-12-18 23:49:47.426472,0 days 00:00:00.129266,kmeans,abundance,1.8,10,COMPLETE
936,0.5775559962821935,2024-12-18 23:49:47.428102,2024-12-18 23:49:47.557706,0 days 00:00:00.129604,kmeans,abundance,1.9000000000000001,10,COMPLETE
937,0.485689795550808,2024-12-18 23:49:47.559226,2024-12-18 23:49:47.688827,0 days 00:00:00.129601,kmeans,abundance,1.9000000000000001,10,COMPLETE
938,0.651314267285193,2024-12-18 23:49:47.690524,2024-12-18 23:49:47.821771,0 days 00:00:00.131247,kmeans,abundance,2.0,10,COMPLETE
939,0.48450108839548117,2024-12-18 23:49:47.823401,2024-12-18 23:49:47.961100,0 days 00:00:00.137699,kmeans,abundance,1.9000000000000001,10,COMPLETE
940,0.5389746950831623,2024-12-18 23:49:47.962723,2024-12-18 23:49:48.096530,0 days 00:00:00.133807,kmeans,abundance,2.0,10,COMPLETE
941,0.504058374392416,2024-12-18 23:49:48.098096,2024-12-18 23:49:48.234002,0 days 00:00:00.135906,kmeans,abundance,1.8,10,COMPLETE
942,0.5398713394542236,2024-12-18 23:49:48.235313,2024-12-18 23:49:48.364106,0 days 00:00:00.128793,kmeans,abundance,2.0,10,COMPLETE
943,0.6373747815753444,2024-12-18 23:49:48.365714,2024-12-18 23:49:48.501630,0 days 00:00:00.135916,kmeans,abundance,1.9000000000000001,10,COMPLETE
944,0.6151231997170714,2024-12-18 23:49:48.503260,2024-12-18 23:49:48.639225,0 days 00:00:00.135965,kmeans,abundance,2.0,9,COMPLETE
945,0.6031676723938677,2024-12-18 23:49:48.640807,2024-12-18 23:49:48.772630,0 days 00:00:00.131823,kmeans,abundance,1.9000000000000001,10,COMPLETE
946,0.5234451681303333,2024-12-18 23:49:48.774259,2024-12-18 23:49:48.903532,0 days 00:00:00.129273,kmeans,abundance,2.0,10,COMPLETE
947,0.6306709946457104,2024-12-18 23:49:48.905047,2024-12-18 23:49:49.038748,0 days 00:00:00.133701,kmeans,abundance,1.8,10,COMPLETE
