number,value,datetime_start,datetime_complete,duration,params_algorithm,params_filter_criteria,params_filter_threshold,params_k,state
829,0.22112162660901813,2024-12-18 23:46:26.169063,2024-12-18 23:46:26.610514,0 days 00:00:00.441451,kmeans,presence,120,5,COMPLETE
830,0.11267833180013964,2024-12-18 23:46:26.612051,2024-12-18 23:46:27.199791,0 days 00:00:00.587740,kmeans,presence,65,3,COMPLETE
831,0.23441089641538845,2024-12-18 23:46:27.201369,2024-12-18 23:46:27.752577,0 days 00:00:00.551208,kmeans,presence,95,9,COMPLETE
832,0.1496547829076725,2024-12-18 23:46:27.754076,2024-12-18 23:46:28.257102,0 days 00:00:00.503026,kmeans,presence,115,7,COMPLETE
833,0.26437698194995035,2024-12-18 23:46:28.258721,2024-12-18 23:46:28.870061,0 days 00:00:00.611340,kmeans,presence,35,7,COMPLETE
834,0.29103844992465305,2024-12-18 23:46:28.871669,2024-12-18 23:46:29.315090,0 days 00:00:00.443421,kmeans,presence,120,8,COMPLETE
835,0.1635180494073022,2024-12-18 23:46:29.316599,2024-12-18 23:46:29.781180,0 days 00:00:00.464581,kmeans,presence,120,8,COMPLETE
836,0.15662514596230825,2024-12-18 23:46:29.782474,2024-12-18 23:46:30.232410,0 days 00:00:00.449936,kmeans,presence,120,9,COMPLETE
837,0.24207693286300602,2024-12-18 23:46:30.233908,2024-12-18 23:46:30.679998,0 days 00:00:00.446090,kmeans,presence,120,9,COMPLETE
838,0.1542499640234751,2024-12-18 23:46:30.681588,2024-12-18 23:46:31.139835,0 days 00:00:00.458247,kmeans,presence,120,8,COMPLETE
839,0.19247630013659692,2024-12-18 23:46:31.141442,2024-12-18 23:46:31.600209,0 days 00:00:00.458767,kmeans,presence,120,8,COMPLETE
840,0.30298456757632924,2024-12-18 23:46:31.601840,2024-12-18 23:46:32.073638,0 days 00:00:00.471798,kmeans,presence,120,8,COMPLETE
841,0.13430899402555418,2024-12-18 23:46:32.075187,2024-12-18 23:46:32.532068,0 days 00:00:00.456881,kmeans,presence,120,8,COMPLETE
842,0.16468158783011771,2024-12-18 23:46:32.533661,2024-12-18 23:46:32.990309,0 days 00:00:00.456648,kmeans,presence,120,9,COMPLETE
843,0.20614325129596822,2024-12-18 23:46:32.991609,2024-12-18 23:46:33.460973,0 days 00:00:00.469364,kmeans,presence,120,8,COMPLETE
844,0.14788554335533166,2024-12-18 23:46:33.462195,2024-12-18 23:46:33.922870,0 days 00:00:00.460675,kmeans,presence,120,8,COMPLETE
845,0.17826442271021467,2024-12-18 23:46:33.924489,2024-12-18 23:46:34.381662,0 days 00:00:00.457173,kmeans,presence,120,8,COMPLETE
846,0.15669318700457927,2024-12-18 23:46:34.383210,2024-12-18 23:46:34.843058,0 days 00:00:00.459848,kmeans,presence,120,8,COMPLETE
847,0.26195463440867645,2024-12-18 23:46:34.844554,2024-12-18 23:46:35.286938,0 days 00:00:00.442384,kmeans,presence,120,8,COMPLETE
848,0.13438511725003596,2024-12-18 23:46:35.288429,2024-12-18 23:46:35.720417,0 days 00:00:00.431988,kmeans,presence,120,9,COMPLETE
849,0.1725035354372355,2024-12-18 23:46:35.721917,2024-12-18 23:46:36.195678,0 days 00:00:00.473761,kmeans,presence,115,9,COMPLETE
850,0.2378619816407291,2024-12-18 23:46:36.197286,2024-12-18 23:46:36.677553,0 days 00:00:00.480267,kmeans,presence,115,8,COMPLETE
851,0.14473731190337283,2024-12-18 23:46:36.679158,2024-12-18 23:46:37.123681,0 days 00:00:00.444523,kmeans,presence,120,8,COMPLETE
852,0.10746697441124371,2024-12-18 23:46:37.125260,2024-12-18 23:46:37.611895,0 days 00:00:00.486635,kmeans,presence,115,9,COMPLETE
853,0.1724977715348935,2024-12-18 23:46:37.613493,2024-12-18 23:46:38.080280,0 days 00:00:00.466787,kmeans,presence,120,9,COMPLETE
854,0.21797806884969337,2024-12-18 23:46:38.081717,2024-12-18 23:46:38.541823,0 days 00:00:00.460106,kmeans,presence,115,9,COMPLETE
855,0.13165544329559256,2024-12-18 23:46:38.543354,2024-12-18 23:46:38.994068,0 days 00:00:00.450714,kmeans,presence,120,8,COMPLETE
856,0.18854472202475572,2024-12-18 23:46:38.995511,2024-12-18 23:46:39.489340,0 days 00:00:00.493829,kmeans,presence,115,9,COMPLETE
857,0.17796445690875248,2024-12-18 23:46:39.490933,2024-12-18 23:46:39.963624,0 days 00:00:00.472691,kmeans,presence,115,9,COMPLETE
858,0.16786926217257628,2024-12-18 23:46:39.965241,2024-12-18 23:46:40.421707,0 days 00:00:00.456466,kmeans,presence,120,9,COMPLETE
859,0.14856857689748168,2024-12-18 23:46:40.423244,2024-12-18 23:46:40.910329,0 days 00:00:00.487085,kmeans,presence,115,8,COMPLETE
860,0.17556664416439496,2024-12-18 23:46:40.911901,2024-12-18 23:46:41.355468,0 days 00:00:00.443567,kmeans,presence,120,9,COMPLETE
861,0.22015249133783424,2024-12-18 23:46:41.357079,2024-12-18 23:46:41.823219,0 days 00:00:00.466140,kmeans,presence,120,8,COMPLETE
862,0.17047260198928896,2024-12-18 23:46:41.824740,2024-12-18 23:46:42.329113,0 days 00:00:00.504373,kmeans,presence,115,9,COMPLETE
863,0.21349169886249275,2024-12-18 23:46:42.330641,2024-12-18 23:46:42.835204,0 days 00:00:00.504563,kmeans,presence,110,5,COMPLETE
864,0.23880556480456785,2024-12-18 23:46:42.836722,2024-12-18 23:46:43.307927,0 days 00:00:00.471205,kmeans,presence,115,4,COMPLETE
865,0.21900078498859252,2024-12-18 23:46:43.309440,2024-12-18 23:46:43.968529,0 days 00:00:00.659089,kmeans,presence,15,9,COMPLETE
866,0.22640725431062583,2024-12-18 23:46:43.969748,2024-12-18 23:46:44.425949,0 days 00:00:00.456201,kmeans,presence,120,7,COMPLETE
867,0.21214429177733693,2024-12-18 23:46:44.427616,2024-12-18 23:46:45.061104,0 days 00:00:00.633488,kmeans,presence,25,2,COMPLETE
868,0.19567697440722553,2024-12-18 23:46:45.062565,2024-12-18 23:46:45.529412,0 days 00:00:00.466847,kmeans,presence,115,3,COMPLETE
869,0.15727296957154444,2024-12-18 23:46:45.530920,2024-12-18 23:46:46.000560,0 days 00:00:00.469640,kmeans,presence,120,8,COMPLETE
870,0.23864302045295108,2024-12-18 23:46:46.002203,2024-12-18 23:46:46.485829,0 days 00:00:00.483626,kmeans,presence,115,7,COMPLETE
871,0.11394128123008485,2024-12-18 23:46:46.487278,2024-12-18 23:46:47.050920,0 days 00:00:00.563642,kmeans,presence,105,9,COMPLETE
872,0.1450859734692983,2024-12-18 23:46:47.052421,2024-12-18 23:46:47.612503,0 days 00:00:00.560082,kmeans,presence,110,7,COMPLETE
873,0.1573188313083194,2024-12-18 23:46:47.613625,2024-12-18 23:46:48.071594,0 days 00:00:00.457969,kmeans,presence,120,5,COMPLETE
874,0.2451594745268146,2024-12-18 23:46:48.072737,2024-12-18 23:46:48.614722,0 days 00:00:00.541985,kmeans,presence,100,8,COMPLETE
875,0.17871803037240283,2024-12-18 23:46:48.615932,2024-12-18 23:46:49.072871,0 days 00:00:00.456939,kmeans,presence,120,9,COMPLETE
876,0.1695835281207314,2024-12-18 23:46:49.073949,2024-12-18 23:46:49.735568,0 days 00:00:00.661619,kmeans,presence,5,5,COMPLETE
877,0.22997059856789684,2024-12-18 23:46:49.736672,2024-12-18 23:46:50.249972,0 days 00:00:00.513300,kmeans,presence,115,7,COMPLETE
878,0.19189274113256616,2024-12-18 23:46:50.251578,2024-12-18 23:46:50.767512,0 days 00:00:00.515934,kmeans,presence,110,9,COMPLETE
879,0.17238249395275082,2024-12-18 23:46:50.768796,2024-12-18 23:46:51.212218,0 days 00:00:00.443422,kmeans,presence,120,7,COMPLETE
880,0.18725529503489316,2024-12-18 23:46:51.213519,2024-12-18 23:46:51.697191,0 days 00:00:00.483672,kmeans,presence,115,4,COMPLETE
881,0.1426193308737657,2024-12-18 23:46:51.698790,2024-12-18 23:46:52.318037,0 days 00:00:00.619247,kmeans,presence,20,8,COMPLETE
882,0.15535859411113032,2024-12-18 23:46:52.319570,2024-12-18 23:46:52.792987,0 days 00:00:00.473417,kmeans,presence,115,7,COMPLETE
883,0.20180880700998535,2024-12-18 23:46:52.794570,2024-12-18 23:46:53.381590,0 days 00:00:00.587020,kmeans,presence,30,9,COMPLETE
884,0.29555118966373667,2024-12-18 23:46:53.383120,2024-12-18 23:46:53.831067,0 days 00:00:00.447947,kmeans,presence,120,7,COMPLETE
885,0.26013650912830544,2024-12-18 23:46:53.832501,2024-12-18 23:46:54.338963,0 days 00:00:00.506462,kmeans,presence,110,7,COMPLETE
886,0.20325556856606827,2024-12-18 23:46:54.340446,2024-12-18 23:46:54.782154,0 days 00:00:00.441708,kmeans,presence,120,7,COMPLETE
887,0.14382133090009408,2024-12-18 23:46:54.783463,2024-12-18 23:46:55.256519,0 days 00:00:00.473056,kmeans,presence,115,7,COMPLETE
888,0.1795707779536262,2024-12-18 23:46:55.258143,2024-12-18 23:46:55.734780,0 days 00:00:00.476637,kmeans,presence,115,7,COMPLETE
889,0.1252010806828067,2024-12-18 23:46:55.736421,2024-12-18 23:46:56.186489,0 days 00:00:00.450068,kmeans,presence,120,7,COMPLETE
890,0.17098320253708155,2024-12-18 23:46:56.188046,2024-12-18 23:46:56.703683,0 days 00:00:00.515637,kmeans,presence,105,7,COMPLETE
891,0.169653551593714,2024-12-18 23:46:56.705315,2024-12-18 23:46:57.267112,0 days 00:00:00.561797,kmeans,presence,95,7,COMPLETE
892,0.1849885734861082,2024-12-18 23:46:57.268635,2024-12-18 23:46:57.722187,0 days 00:00:00.453552,kmeans,presence,120,7,COMPLETE
893,0.22315547268172434,2024-12-18 23:46:57.723597,2024-12-18 23:46:58.239562,0 days 00:00:00.515965,kmeans,presence,110,7,COMPLETE
894,0.1672090737356803,2024-12-18 23:46:58.241137,2024-12-18 23:46:58.747365,0 days 00:00:00.506228,kmeans,presence,110,7,COMPLETE
895,0.14057698558874385,2024-12-18 23:46:58.749060,2024-12-18 23:46:59.252493,0 days 00:00:00.503433,kmeans,presence,115,7,COMPLETE
896,0.1829312877739996,2024-12-18 23:46:59.254123,2024-12-18 23:46:59.732555,0 days 00:00:00.478432,kmeans,presence,115,7,COMPLETE
897,0.2100372907154465,2024-12-18 23:46:59.734053,2024-12-18 23:47:00.360421,0 days 00:00:00.626368,kmeans,presence,25,6,COMPLETE
898,0.22676382401909032,2024-12-18 23:47:00.362069,2024-12-18 23:47:00.824952,0 days 00:00:00.462883,kmeans,presence,120,7,COMPLETE
899,0.13233308281141018,2024-12-18 23:47:00.826164,2024-12-18 23:47:01.289145,0 days 00:00:00.462981,kmeans,presence,120,7,COMPLETE
900,0.14763422196386616,2024-12-18 23:47:01.290785,2024-12-18 23:47:01.933350,0 days 00:00:00.642565,kmeans,presence,10,7,COMPLETE
901,0.12742690042255087,2024-12-18 23:47:01.934887,2024-12-18 23:47:02.475814,0 days 00:00:00.540927,kmeans,presence,90,7,COMPLETE
902,0.1957803985310926,2024-12-18 23:47:02.477352,2024-12-18 23:47:02.958205,0 days 00:00:00.480853,kmeans,presence,115,4,COMPLETE
903,0.2789142027843994,2024-12-18 23:47:02.959797,2024-12-18 23:47:03.439656,0 days 00:00:00.479859,kmeans,presence,115,8,COMPLETE
904,0.156980506356202,2024-12-18 23:47:03.441155,2024-12-18 23:47:03.940026,0 days 00:00:00.498871,kmeans,presence,110,3,COMPLETE
905,0.1692709284897279,2024-12-18 23:47:03.941654,2024-12-18 23:47:04.407413,0 days 00:00:00.465759,kmeans,presence,120,6,COMPLETE
906,0.14872239797707187,2024-12-18 23:47:04.409050,2024-12-18 23:47:04.917230,0 days 00:00:00.508180,kmeans,presence,110,7,COMPLETE
907,0.11901209883257013,2024-12-18 23:47:04.918888,2024-12-18 23:47:05.567660,0 days 00:00:00.648772,kmeans,presence,20,7,COMPLETE
908,0.13447268868939852,2024-12-18 23:47:05.568854,2024-12-18 23:47:06.041517,0 days 00:00:00.472663,kmeans,presence,115,5,COMPLETE
909,0.21806479595790518,2024-12-18 23:47:06.043013,2024-12-18 23:47:06.570070,0 days 00:00:00.527057,kmeans,presence,100,8,COMPLETE
910,0.17721901606333487,2024-12-18 23:47:06.571711,2024-12-18 23:47:07.034779,0 days 00:00:00.463068,kmeans,presence,120,7,COMPLETE
911,0.215752488859387,2024-12-18 23:47:07.036453,2024-12-18 23:47:07.543303,0 days 00:00:00.506850,kmeans,presence,115,7,COMPLETE
912,0.2790854990609098,2024-12-18 23:47:07.544923,2024-12-18 23:47:07.988479,0 days 00:00:00.443556,kmeans,presence,120,8,COMPLETE
913,0.13882914432613203,2024-12-18 23:47:07.989968,2024-12-18 23:47:08.482970,0 days 00:00:00.493002,kmeans,presence,105,6,COMPLETE
914,0.19338176707988444,2024-12-18 23:47:08.484472,2024-12-18 23:47:09.094940,0 days 00:00:00.610468,kmeans,presence,15,5,COMPLETE
915,0.21122634529256124,2024-12-18 23:47:09.096392,2024-12-18 23:47:09.620425,0 days 00:00:00.524033,kmeans,presence,100,6,COMPLETE
916,0.2278858436499347,2024-12-18 23:47:09.621943,2024-12-18 23:47:10.068997,0 days 00:00:00.447054,kmeans,presence,120,3,COMPLETE
917,0.14627769725353618,2024-12-18 23:47:10.070618,2024-12-18 23:47:10.550477,0 days 00:00:00.479859,kmeans,presence,115,7,COMPLETE
918,0.21493460110192467,2024-12-18 23:47:10.552086,2024-12-18 23:47:11.048625,0 days 00:00:00.496539,kmeans,presence,110,4,COMPLETE
919,0.18986773427062328,2024-12-18 23:47:11.050023,2024-12-18 23:47:11.535516,0 days 00:00:00.485493,kmeans,presence,115,7,COMPLETE
920,0.23075888031336667,2024-12-18 23:47:11.536896,2024-12-18 23:47:11.980915,0 days 00:00:00.444019,kmeans,presence,120,7,COMPLETE
921,0.19375042153325864,2024-12-18 23:47:11.982120,2024-12-18 23:47:12.585967,0 days 00:00:00.603847,kmeans,presence,30,5,COMPLETE
922,0.15352780318404993,2024-12-18 23:47:12.587479,2024-12-18 23:47:13.065742,0 days 00:00:00.478263,kmeans,presence,115,7,COMPLETE
923,0.16207590235685027,2024-12-18 23:47:13.067282,2024-12-18 23:47:13.511331,0 days 00:00:00.444049,kmeans,presence,120,8,COMPLETE
924,0.1909144844680749,2024-12-18 23:47:13.512967,2024-12-18 23:47:13.999170,0 days 00:00:00.486203,kmeans,presence,105,7,COMPLETE
925,0.2770319451455654,2024-12-18 23:47:14.000502,2024-12-18 23:47:14.467128,0 days 00:00:00.466626,kmeans,presence,115,4,COMPLETE
926,0.2199049652070101,2024-12-18 23:47:14.468744,2024-12-18 23:47:14.973472,0 days 00:00:00.504728,kmeans,presence,110,6,COMPLETE
927,0.18128619346984406,2024-12-18 23:47:14.975095,2024-12-18 23:47:15.517170,0 days 00:00:00.542075,kmeans,presence,95,2,COMPLETE
928,0.18236542946338627,2024-12-18 23:47:15.518707,2024-12-18 23:47:15.959585,0 days 00:00:00.440878,kmeans,presence,120,7,COMPLETE
929,0.1941669882939944,2024-12-18 23:47:15.961213,2024-12-18 23:47:16.431562,0 days 00:00:00.470349,kmeans,presence,115,8,COMPLETE
930,0.13386320453380143,2024-12-18 23:47:16.433119,2024-12-18 23:47:16.919276,0 days 00:00:00.486157,kmeans,presence,110,6,COMPLETE
931,0.16395385305940316,2024-12-18 23:47:16.920795,2024-12-18 23:47:17.376006,0 days 00:00:00.455211,kmeans,presence,120,7,COMPLETE
932,0.1508968561954677,2024-12-18 23:47:17.377554,2024-12-18 23:47:17.847698,0 days 00:00:00.470144,kmeans,presence,115,5,COMPLETE
933,0.14514451831994843,2024-12-18 23:47:17.849275,2024-12-18 23:47:18.280697,0 days 00:00:00.431422,kmeans,presence,120,8,COMPLETE
934,0.1800675394011967,2024-12-18 23:47:18.282339,2024-12-18 23:47:18.768488,0 days 00:00:00.486149,kmeans,presence,110,6,COMPLETE
935,0.13921641541567617,2024-12-18 23:47:18.769732,2024-12-18 23:47:19.257118,0 days 00:00:00.487386,kmeans,presence,115,3,COMPLETE
936,0.2586617846842994,2024-12-18 23:47:19.258647,2024-12-18 23:47:19.867114,0 days 00:00:00.608467,kmeans,presence,35,7,COMPLETE
937,0.19190748727787624,2024-12-18 23:47:19.868437,2024-12-18 23:47:20.453704,0 days 00:00:00.585267,kmeans,presence,40,7,COMPLETE
938,0.24150233410043778,2024-12-18 23:47:20.455253,2024-12-18 23:47:20.907393,0 days 00:00:00.452140,kmeans,presence,120,7,COMPLETE
939,0.214806501190504,2024-12-18 23:47:20.908910,2024-12-18 23:47:21.391315,0 days 00:00:00.482405,kmeans,presence,115,6,COMPLETE
940,0.1704039908125766,2024-12-18 23:47:21.393146,2024-12-18 23:47:21.832351,0 days 00:00:00.439205,kmeans,presence,120,4,COMPLETE
941,0.13825236842872649,2024-12-18 23:47:21.833981,2024-12-18 23:47:22.325300,0 days 00:00:00.491319,kmeans,presence,105,7,COMPLETE
942,0.1610758761117421,2024-12-18 23:47:22.326943,2024-12-18 23:47:22.824777,0 days 00:00:00.497834,kmeans,presence,110,8,COMPLETE
943,0.2265784797287684,2024-12-18 23:47:22.826425,2024-12-18 23:47:23.307254,0 days 00:00:00.480829,kmeans,presence,115,7,COMPLETE
944,0.16163007105072355,2024-12-18 23:47:23.308582,2024-12-18 23:47:23.759696,0 days 00:00:00.451114,kmeans,presence,120,8,COMPLETE
945,0.24445054172545397,2024-12-18 23:47:23.761331,2024-12-18 23:47:24.233470,0 days 00:00:00.472139,kmeans,presence,115,5,COMPLETE
946,0.2003859446336901,2024-12-18 23:47:24.235089,2024-12-18 23:47:24.767048,0 days 00:00:00.531959,kmeans,presence,90,5,COMPLETE
947,0.11658720741763524,2024-12-18 23:47:24.768275,2024-12-18 23:47:25.199179,0 days 00:00:00.430904,kmeans,presence,120,7,COMPLETE
948,0.2237666144402939,2024-12-18 23:47:25.200623,2024-12-18 23:47:25.676484,0 days 00:00:00.475861,kmeans,presence,115,7,COMPLETE
949,0.24515664029904463,2024-12-18 23:47:25.678122,2024-12-18 23:47:26.187403,0 days 00:00:00.509281,kmeans,presence,105,4,COMPLETE
950,0.23612336407219447,2024-12-18 23:47:26.189159,2024-12-18 23:47:26.671208,0 days 00:00:00.482049,kmeans,presence,110,7,COMPLETE
951,0.15262108719595163,2024-12-18 23:47:26.672823,2024-12-18 23:47:27.118630,0 days 00:00:00.445807,kmeans,presence,120,7,COMPLETE
952,0.21556527688548446,2024-12-18 23:47:27.120306,2024-12-18 23:47:27.720037,0 days 00:00:00.599731,kmeans,presence,20,8,COMPLETE
953,0.16097714229615312,2024-12-18 23:47:27.721567,2024-12-18 23:47:28.209769,0 days 00:00:00.488202,kmeans,presence,115,3,COMPLETE
954,0.18231117747060763,2024-12-18 23:47:28.211049,2024-12-18 23:47:28.709933,0 days 00:00:00.498884,kmeans,presence,110,6,COMPLETE
955,0.17641586112279015,2024-12-18 23:47:28.711491,2024-12-18 23:47:29.338764,0 days 00:00:00.627273,kmeans,presence,15,5,COMPLETE
956,0.22826629426986342,2024-12-18 23:47:29.340263,2024-12-18 23:47:29.767865,0 days 00:00:00.427602,kmeans,presence,120,9,COMPLETE
957,0.1620567421673279,2024-12-18 23:47:29.769071,2024-12-18 23:47:30.363662,0 days 00:00:00.594591,kmeans,presence,45,9,COMPLETE
958,0.17963596230350945,2024-12-18 23:47:30.365293,2024-12-18 23:47:30.959792,0 days 00:00:00.594499,kmeans,presence,25,7,COMPLETE
959,0.15025648256976584,2024-12-18 23:47:30.961448,2024-12-18 23:47:31.774767,0 days 00:00:00.813319,kmeans,presence,0,8,COMPLETE
960,0.19626640333050027,2024-12-18 23:47:31.776019,2024-12-18 23:47:32.305229,0 days 00:00:00.529210,kmeans,presence,95,6,COMPLETE
961,0.18057400512941246,2024-12-18 23:47:32.306710,2024-12-18 23:47:32.762944,0 days 00:00:00.456234,kmeans,presence,115,4,COMPLETE
962,0.20495503790279243,2024-12-18 23:47:32.764617,2024-12-18 23:47:33.215772,0 days 00:00:00.451155,kmeans,presence,120,7,COMPLETE
963,0.2205928556782011,2024-12-18 23:47:33.217110,2024-12-18 23:47:33.740628,0 days 00:00:00.523518,kmeans,presence,110,9,COMPLETE
964,0.15159401035015943,2024-12-18 23:47:33.742292,2024-12-18 23:47:34.219899,0 days 00:00:00.477607,kmeans,presence,115,7,COMPLETE
965,0.24088794673112987,2024-12-18 23:47:34.221201,2024-12-18 23:47:34.659790,0 days 00:00:00.438589,kmeans,presence,120,6,COMPLETE
966,0.17492295537258193,2024-12-18 23:47:34.661462,2024-12-18 23:47:35.183171,0 days 00:00:00.521709,kmeans,presence,115,7,COMPLETE
967,0.31007782159444075,2024-12-18 23:47:35.184988,2024-12-18 23:47:35.622245,0 days 00:00:00.437257,kmeans,presence,120,9,COMPLETE
968,0.16756114060582686,2024-12-18 23:47:35.623810,2024-12-18 23:47:36.086282,0 days 00:00:00.462472,kmeans,presence,120,9,COMPLETE
969,0.19959282320177407,2024-12-18 23:47:36.087811,2024-12-18 23:47:36.539740,0 days 00:00:00.451929,kmeans,presence,120,9,COMPLETE
970,0.1459312489031878,2024-12-18 23:47:36.541415,2024-12-18 23:47:36.991522,0 days 00:00:00.450107,kmeans,presence,120,6,COMPLETE
971,0.18569980074655482,2024-12-18 23:47:36.992865,2024-12-18 23:47:37.431180,0 days 00:00:00.438315,kmeans,presence,120,9,COMPLETE
972,0.18476857971933217,2024-12-18 23:47:37.432719,2024-12-18 23:47:37.873681,0 days 00:00:00.440962,kmeans,presence,120,9,COMPLETE
973,0.1510372226493764,2024-12-18 23:47:37.875207,2024-12-18 23:47:38.314935,0 days 00:00:00.439728,kmeans,presence,120,6,COMPLETE
974,0.20781712353494633,2024-12-18 23:47:38.316581,2024-12-18 23:47:38.930051,0 days 00:00:00.613470,kmeans,presence,10,9,COMPLETE
975,0.16179934126950615,2024-12-18 23:47:38.931587,2024-12-18 23:47:39.362465,0 days 00:00:00.430878,kmeans,presence,120,6,COMPLETE
976,0.14719311714773448,2024-12-18 23:47:39.363998,2024-12-18 23:47:39.810661,0 days 00:00:00.446663,kmeans,presence,120,9,COMPLETE
977,0.15400235002603982,2024-12-18 23:47:39.812322,2024-12-18 23:47:40.250499,0 days 00:00:00.438177,kmeans,presence,120,6,COMPLETE
978,0.14426016973851188,2024-12-18 23:47:40.252037,2024-12-18 23:47:40.719458,0 days 00:00:00.467421,kmeans,presence,115,9,COMPLETE
979,0.2719826548646504,2024-12-18 23:47:40.721005,2024-12-18 23:47:41.167641,0 days 00:00:00.446636,kmeans,presence,120,9,COMPLETE
980,0.19026887095818804,2024-12-18 23:47:41.169322,2024-12-18 23:47:41.639155,0 days 00:00:00.469833,kmeans,presence,115,6,COMPLETE
981,0.17285901262715084,2024-12-18 23:47:41.640826,2024-12-18 23:47:42.085556,0 days 00:00:00.444730,kmeans,presence,120,9,COMPLETE
982,0.11806058739183328,2024-12-18 23:47:42.087025,2024-12-18 23:47:42.580328,0 days 00:00:00.493303,kmeans,presence,115,9,COMPLETE
983,0.17392807676171584,2024-12-18 23:47:42.581921,2024-12-18 23:47:43.052554,0 days 00:00:00.470633,kmeans,presence,120,9,COMPLETE
984,0.1462185750673151,2024-12-18 23:47:43.053870,2024-12-18 23:47:43.516001,0 days 00:00:00.462131,kmeans,presence,115,6,COMPLETE
985,0.2599069813795977,2024-12-18 23:47:43.517745,2024-12-18 23:47:43.991578,0 days 00:00:00.473833,kmeans,presence,115,9,COMPLETE
986,0.19618769260859462,2024-12-18 23:47:43.993258,2024-12-18 23:47:44.576687,0 days 00:00:00.583429,kmeans,presence,40,6,COMPLETE
987,0.24071162269764623,2024-12-18 23:47:44.578202,2024-12-18 23:47:45.016474,0 days 00:00:00.438272,kmeans,presence,120,9,COMPLETE
988,0.11361510802172751,2024-12-18 23:47:45.018123,2024-12-18 23:47:45.628301,0 days 00:00:00.610178,kmeans,presence,35,9,COMPLETE
989,0.17818202657468865,2024-12-18 23:47:45.629959,2024-12-18 23:47:46.058270,0 days 00:00:00.428311,kmeans,presence,120,6,COMPLETE
990,0.16558406045815716,2024-12-18 23:47:46.059840,2024-12-18 23:47:46.595359,0 days 00:00:00.535519,kmeans,presence,95,9,COMPLETE
991,0.15274578730178553,2024-12-18 23:47:46.596700,2024-12-18 23:47:47.212864,0 days 00:00:00.616164,kmeans,presence,30,8,COMPLETE
992,0.13429602014540504,2024-12-18 23:47:47.214535,2024-12-18 23:47:47.680974,0 days 00:00:00.466439,kmeans,presence,115,6,COMPLETE
993,0.19862518104934282,2024-12-18 23:47:47.682526,2024-12-18 23:47:48.250755,0 days 00:00:00.568229,kmeans,presence,55,9,COMPLETE
994,0.2693153794163028,2024-12-18 23:47:48.252419,2024-12-18 23:47:48.690141,0 days 00:00:00.437722,kmeans,presence,120,2,COMPLETE
