number,value,datetime_start,datetime_complete,duration,params_algorithm,params_filter_criteria,params_filter_threshold,params_k,state
332,0.15153708174340766,2024-12-18 23:42:14.626752,2024-12-18 23:42:15.198768,0 days 00:00:00.572016,kmeans,presence,75,3,COMPLETE
333,0.24850077756001943,2024-12-18 23:42:15.200219,2024-12-18 23:42:15.820156,0 days 00:00:00.619937,kmeans,presence,40,7,COMPLETE
334,0.2397435329721781,2024-12-18 23:42:15.821583,2024-12-18 23:42:16.450065,0 days 00:00:00.628482,kmeans,presence,35,7,COMPLETE
335,0.1284111504047841,2024-12-18 23:42:16.451472,2024-12-18 23:42:17.081442,0 days 00:00:00.629970,kmeans,presence,40,7,COMPLETE
336,0.14074126017900465,2024-12-18 23:42:17.082885,2024-12-18 23:42:17.679784,0 days 00:00:00.596899,kmeans,presence,45,7,COMPLETE
337,0.3207281140855635,2024-12-18 23:42:17.681229,2024-12-18 23:42:18.284501,0 days 00:00:00.603272,kmeans,presence,40,7,COMPLETE
338,0.18901822170139082,2024-12-18 23:42:18.285803,2024-12-18 23:42:18.868935,0 days 00:00:00.583132,kmeans,presence,40,7,COMPLETE
339,0.19367951379083007,2024-12-18 23:42:18.870347,2024-12-18 23:42:19.455086,0 days 00:00:00.584739,kmeans,presence,50,7,COMPLETE
340,0.24903323254567486,2024-12-18 23:42:19.456594,2024-12-18 23:42:20.105437,0 days 00:00:00.648843,kmeans,presence,40,7,COMPLETE
341,0.13555401833664507,2024-12-18 23:42:20.106813,2024-12-18 23:42:20.719017,0 days 00:00:00.612204,kmeans,presence,40,7,COMPLETE
342,0.1858378339121132,2024-12-18 23:42:20.720436,2024-12-18 23:42:21.362415,0 days 00:00:00.641979,kmeans,presence,45,7,COMPLETE
343,0.20183607716745192,2024-12-18 23:42:21.363891,2024-12-18 23:42:21.965064,0 days 00:00:00.601173,kmeans,presence,45,7,COMPLETE
344,0.11842625740395844,2024-12-18 23:42:21.966715,2024-12-18 23:42:22.563168,0 days 00:00:00.596453,kmeans,presence,45,7,COMPLETE
345,0.21137597593775162,2024-12-18 23:42:22.564517,2024-12-18 23:42:23.180957,0 days 00:00:00.616440,kmeans,presence,40,7,COMPLETE
346,0.21690609735553693,2024-12-18 23:42:23.182308,2024-12-18 23:42:23.765395,0 days 00:00:00.583087,kmeans,presence,40,7,COMPLETE
347,0.09890334204805185,2024-12-18 23:42:23.766843,2024-12-18 23:42:24.391237,0 days 00:00:00.624394,kmeans,presence,40,7,COMPLETE
348,0.15696874512270975,2024-12-18 23:42:24.392698,2024-12-18 23:42:25.020554,0 days 00:00:00.627856,kmeans,presence,35,7,COMPLETE
349,0.11995506143387254,2024-12-18 23:42:25.022115,2024-12-18 23:42:25.622401,0 days 00:00:00.600286,kmeans,presence,35,7,COMPLETE
350,0.16570665573017893,2024-12-18 23:42:25.623832,2024-12-18 23:42:26.255137,0 days 00:00:00.631305,kmeans,presence,40,7,COMPLETE
351,0.1454121816099206,2024-12-18 23:42:26.256446,2024-12-18 23:42:26.774215,0 days 00:00:00.517769,kmeans,presence,100,8,COMPLETE
352,0.18457837841129934,2024-12-18 23:42:26.775662,2024-12-18 23:42:27.398853,0 days 00:00:00.623191,kmeans,presence,35,7,COMPLETE
353,0.13316498998230727,2024-12-18 23:42:27.400377,2024-12-18 23:42:28.030404,0 days 00:00:00.630027,kmeans,presence,50,5,COMPLETE
354,0.1882887379526993,2024-12-18 23:42:28.031820,2024-12-18 23:42:28.603397,0 days 00:00:00.571577,kmeans,presence,65,4,COMPLETE
355,0.161572469095455,2024-12-18 23:42:28.604853,2024-12-18 23:42:29.123595,0 days 00:00:00.518742,kmeans,presence,105,7,COMPLETE
356,0.21046102914693007,2024-12-18 23:42:29.124881,2024-12-18 23:42:29.573702,0 days 00:00:00.448821,kmeans,presence,120,8,COMPLETE
357,0.0928265694677315,2024-12-18 23:42:29.575211,2024-12-18 23:42:30.164602,0 days 00:00:00.589391,kmeans,presence,40,3,COMPLETE
358,0.15243915009544215,2024-12-18 23:42:30.166031,2024-12-18 23:42:30.671778,0 days 00:00:00.505747,kmeans,presence,105,7,COMPLETE
359,0.1764457509861345,2024-12-18 23:42:30.673096,2024-12-18 23:42:31.229967,0 days 00:00:00.556871,kmeans,presence,70,8,COMPLETE
360,0.1829676844694761,2024-12-18 23:42:31.231124,2024-12-18 23:42:31.688924,0 days 00:00:00.457800,kmeans,presence,115,4,COMPLETE
361,0.1695013033261407,2024-12-18 23:42:31.690107,2024-12-18 23:42:32.279191,0 days 00:00:00.589084,kmeans,presence,35,7,COMPLETE
362,0.15610681580672442,2024-12-18 23:42:32.280556,2024-12-18 23:42:32.789016,0 days 00:00:00.508460,kmeans,presence,100,9,COMPLETE
363,0.14673559505498115,2024-12-18 23:42:32.790367,2024-12-18 23:42:33.478897,0 days 00:00:00.688530,kmeans,presence,5,9,COMPLETE
364,0.14952140044853027,2024-12-18 23:42:33.480403,2024-12-18 23:42:34.056924,0 days 00:00:00.576521,kmeans,presence,45,7,COMPLETE
365,0.16900766413334103,2024-12-18 23:42:34.058132,2024-12-18 23:42:34.624727,0 days 00:00:00.566595,kmeans,presence,70,8,COMPLETE
366,0.1069622671276577,2024-12-18 23:42:34.626019,2024-12-18 23:42:35.217078,0 days 00:00:00.591059,kmeans,presence,40,5,COMPLETE
367,0.18282673436028773,2024-12-18 23:42:35.218505,2024-12-18 23:42:35.821390,0 days 00:00:00.602885,kmeans,presence,30,9,COMPLETE
368,0.18465700258894313,2024-12-18 23:42:35.822732,2024-12-18 23:42:36.295379,0 days 00:00:00.472647,kmeans,presence,115,7,COMPLETE
369,0.31333236627214106,2024-12-18 23:42:36.296822,2024-12-18 23:42:36.720417,0 days 00:00:00.423595,kmeans,presence,120,9,COMPLETE
370,0.2168554712586904,2024-12-18 23:42:36.721753,2024-12-18 23:42:37.182290,0 days 00:00:00.460537,kmeans,presence,120,3,COMPLETE
371,0.16370383553312226,2024-12-18 23:42:37.183598,2024-12-18 23:42:37.650391,0 days 00:00:00.466793,kmeans,presence,115,4,COMPLETE
372,0.18164173724817267,2024-12-18 23:42:37.651841,2024-12-18 23:42:38.130300,0 days 00:00:00.478459,kmeans,presence,115,9,COMPLETE
373,0.13089807636858009,2024-12-18 23:42:38.131663,2024-12-18 23:42:38.653678,0 days 00:00:00.522015,kmeans,presence,100,7,COMPLETE
374,0.28619339613141787,2024-12-18 23:42:38.655154,2024-12-18 23:42:39.090324,0 days 00:00:00.435170,kmeans,presence,120,9,COMPLETE
375,0.20107256998053535,2024-12-18 23:42:39.091773,2024-12-18 23:42:39.525349,0 days 00:00:00.433576,kmeans,presence,120,9,COMPLETE
376,0.17066638664989794,2024-12-18 23:42:39.527067,2024-12-18 23:42:39.963186,0 days 00:00:00.436119,kmeans,presence,120,9,COMPLETE
377,0.14333222293348793,2024-12-18 23:42:39.964690,2024-12-18 23:42:40.435538,0 days 00:00:00.470848,kmeans,presence,115,9,COMPLETE
378,0.20226418178464114,2024-12-18 23:42:40.436671,2024-12-18 23:42:40.870240,0 days 00:00:00.433569,kmeans,presence,120,9,COMPLETE
379,0.13538094642803436,2024-12-18 23:42:40.871704,2024-12-18 23:42:41.314324,0 days 00:00:00.442620,kmeans,presence,120,9,COMPLETE
380,0.27127583864623817,2024-12-18 23:42:41.315750,2024-12-18 23:42:41.750011,0 days 00:00:00.434261,kmeans,presence,120,9,COMPLETE
381,0.1907389458780265,2024-12-18 23:42:41.751499,2024-12-18 23:42:42.185888,0 days 00:00:00.434389,kmeans,presence,120,9,COMPLETE
382,0.1791661327106441,2024-12-18 23:42:42.187364,2024-12-18 23:42:42.632525,0 days 00:00:00.445161,kmeans,presence,120,9,COMPLETE
383,0.29482541146301894,2024-12-18 23:42:42.633925,2024-12-18 23:42:43.081307,0 days 00:00:00.447382,kmeans,presence,120,9,COMPLETE
384,0.13606814823075788,2024-12-18 23:42:43.082666,2024-12-18 23:42:43.520622,0 days 00:00:00.437956,kmeans,presence,120,9,COMPLETE
385,0.1746429073645487,2024-12-18 23:42:43.522037,2024-12-18 23:42:43.964648,0 days 00:00:00.442611,kmeans,presence,120,9,COMPLETE
386,0.14124532169552825,2024-12-18 23:42:43.966127,2024-12-18 23:42:44.394390,0 days 00:00:00.428263,kmeans,presence,120,9,COMPLETE
387,0.2538704474488074,2024-12-18 23:42:44.395839,2024-12-18 23:42:44.862359,0 days 00:00:00.466520,kmeans,presence,115,9,COMPLETE
388,0.19016485372296407,2024-12-18 23:42:44.863506,2024-12-18 23:42:45.331826,0 days 00:00:00.468320,kmeans,presence,115,9,COMPLETE
389,0.19133051981808688,2024-12-18 23:42:45.333282,2024-12-18 23:42:45.779640,0 days 00:00:00.446358,kmeans,presence,120,9,COMPLETE
390,0.19238302230571516,2024-12-18 23:42:45.780782,2024-12-18 23:42:46.246828,0 days 00:00:00.466046,kmeans,presence,115,9,COMPLETE
391,0.19397895437547896,2024-12-18 23:42:46.248316,2024-12-18 23:42:46.713262,0 days 00:00:00.464946,kmeans,presence,115,9,COMPLETE
392,0.24643896595326775,2024-12-18 23:42:46.714715,2024-12-18 23:42:47.140674,0 days 00:00:00.425959,kmeans,presence,120,9,COMPLETE
393,0.17987970047261845,2024-12-18 23:42:47.142141,2024-12-18 23:42:47.624026,0 days 00:00:00.481885,kmeans,presence,115,9,COMPLETE
394,0.19175630854488582,2024-12-18 23:42:47.625430,2024-12-18 23:42:48.122112,0 days 00:00:00.496682,kmeans,presence,110,9,COMPLETE
395,0.16766664843115062,2024-12-18 23:42:48.123448,2024-12-18 23:42:48.574918,0 days 00:00:00.451470,kmeans,presence,120,9,COMPLETE
396,0.17989083153233643,2024-12-18 23:42:48.576271,2024-12-18 23:42:49.067532,0 days 00:00:00.491261,kmeans,presence,110,9,COMPLETE
397,0.20691764137513657,2024-12-18 23:42:49.068988,2024-12-18 23:42:49.542148,0 days 00:00:00.473160,kmeans,presence,115,9,COMPLETE
398,0.13324211296005103,2024-12-18 23:42:49.543600,2024-12-18 23:42:49.983965,0 days 00:00:00.440365,kmeans,presence,120,9,COMPLETE
399,0.16251418340801788,2024-12-18 23:42:49.985435,2024-12-18 23:42:50.468650,0 days 00:00:00.483215,kmeans,presence,115,9,COMPLETE
400,0.2677500064268728,2024-12-18 23:42:50.469816,2024-12-18 23:42:50.899446,0 days 00:00:00.429630,kmeans,presence,120,9,COMPLETE
401,0.23198045816953147,2024-12-18 23:42:50.900909,2024-12-18 23:42:51.354649,0 days 00:00:00.453740,kmeans,presence,120,9,COMPLETE
402,0.1699652904612979,2024-12-18 23:42:51.356116,2024-12-18 23:42:51.852705,0 days 00:00:00.496589,kmeans,presence,110,9,COMPLETE
403,0.23381911590165502,2024-12-18 23:42:51.854191,2024-12-18 23:42:52.319175,0 days 00:00:00.464984,kmeans,presence,115,9,COMPLETE
404,0.19482929250031514,2024-12-18 23:42:52.320623,2024-12-18 23:42:52.763167,0 days 00:00:00.442544,kmeans,presence,120,9,COMPLETE
405,0.10438543409985573,2024-12-18 23:42:52.764485,2024-12-18 23:42:53.296904,0 days 00:00:00.532419,kmeans,presence,95,9,COMPLETE
406,0.19137936620323268,2024-12-18 23:42:53.298417,2024-12-18 23:42:53.781040,0 days 00:00:00.482623,kmeans,presence,115,9,COMPLETE
407,0.17093025384066265,2024-12-18 23:42:53.782248,2024-12-18 23:42:54.380387,0 days 00:00:00.598139,kmeans,presence,55,10,COMPLETE
408,0.15281023582747258,2024-12-18 23:42:54.381858,2024-12-18 23:42:54.875719,0 days 00:00:00.493861,kmeans,presence,105,8,COMPLETE
409,0.19904613276100258,2024-12-18 23:42:54.877216,2024-12-18 23:42:55.406455,0 days 00:00:00.529239,kmeans,presence,100,9,COMPLETE
410,0.18994300772505276,2024-12-18 23:42:55.407945,2024-12-18 23:42:55.842691,0 days 00:00:00.434746,kmeans,presence,120,3,COMPLETE
411,0.16093102383217908,2024-12-18 23:42:55.844108,2024-12-18 23:42:56.346632,0 days 00:00:00.502524,kmeans,presence,110,9,COMPLETE
412,0.22264370444081405,2024-12-18 23:42:56.348052,2024-12-18 23:42:56.815607,0 days 00:00:00.467555,kmeans,presence,115,9,COMPLETE
413,0.15115746995966875,2024-12-18 23:42:56.816959,2024-12-18 23:42:57.389270,0 days 00:00:00.572311,kmeans,presence,60,5,COMPLETE
414,0.17619554675772262,2024-12-18 23:42:57.390812,2024-12-18 23:42:57.957406,0 days 00:00:00.566594,kmeans,presence,95,10,COMPLETE
415,0.13555489315602118,2024-12-18 23:42:57.958735,2024-12-18 23:42:58.403571,0 days 00:00:00.444836,kmeans,presence,120,9,COMPLETE
416,0.22845263831402263,2024-12-18 23:42:58.405046,2024-12-18 23:42:58.930827,0 days 00:00:00.525781,kmeans,presence,100,8,COMPLETE
417,0.1877899411032559,2024-12-18 23:42:58.932195,2024-12-18 23:42:59.416811,0 days 00:00:00.484616,kmeans,presence,115,4,COMPLETE
418,0.19719165840649747,2024-12-18 23:42:59.417883,2024-12-18 23:42:59.867641,0 days 00:00:00.449758,kmeans,presence,120,9,COMPLETE
419,0.1115485602106238,2024-12-18 23:42:59.868739,2024-12-18 23:43:00.351494,0 days 00:00:00.482755,kmeans,presence,110,9,COMPLETE
420,0.21461460740177873,2024-12-18 23:43:00.352607,2024-12-18 23:43:00.798436,0 days 00:00:00.445829,kmeans,presence,120,9,COMPLETE
421,0.12845086064251823,2024-12-18 23:43:00.799554,2024-12-18 23:43:01.337176,0 days 00:00:00.537622,kmeans,presence,95,3,COMPLETE
422,0.19175622085371394,2024-12-18 23:43:01.338294,2024-12-18 23:43:01.924324,0 days 00:00:00.586030,kmeans,presence,65,8,COMPLETE
423,0.1347611834574125,2024-12-18 23:43:01.925502,2024-12-18 23:43:02.444081,0 days 00:00:00.518579,kmeans,presence,105,5,COMPLETE
424,0.13009850777019744,2024-12-18 23:43:02.445207,2024-12-18 23:43:02.907474,0 days 00:00:00.462267,kmeans,presence,115,9,COMPLETE
425,0.15513260766564554,2024-12-18 23:43:02.908587,2024-12-18 23:43:03.441170,0 days 00:00:00.532583,kmeans,presence,100,9,COMPLETE
426,0.12005725544625206,2024-12-18 23:43:03.442330,2024-12-18 23:43:03.931525,0 days 00:00:00.489195,kmeans,presence,115,10,COMPLETE
427,0.14265504646186225,2024-12-18 23:43:03.932966,2024-12-18 23:43:04.380170,0 days 00:00:00.447204,kmeans,presence,120,9,COMPLETE
428,0.13057889312417156,2024-12-18 23:43:04.381648,2024-12-18 23:43:04.939286,0 days 00:00:00.557638,kmeans,presence,65,9,COMPLETE
429,0.15248511489119712,2024-12-18 23:43:04.940659,2024-12-18 23:43:05.420169,0 days 00:00:00.479510,kmeans,presence,120,9,COMPLETE
430,0.13609386001570525,2024-12-18 23:43:05.421637,2024-12-18 23:43:05.928909,0 days 00:00:00.507272,kmeans,presence,105,9,COMPLETE
431,0.23128532415816738,2024-12-18 23:43:05.930352,2024-12-18 23:43:06.462259,0 days 00:00:00.531907,kmeans,presence,95,8,COMPLETE
432,0.2182520643969966,2024-12-18 23:43:06.463703,2024-12-18 23:43:06.944313,0 days 00:00:00.480610,kmeans,presence,115,3,COMPLETE
433,0.13658652875137411,2024-12-18 23:43:06.945638,2024-12-18 23:43:07.465679,0 days 00:00:00.520041,kmeans,presence,110,5,COMPLETE
434,0.21149506477406446,2024-12-18 23:43:07.467163,2024-12-18 23:43:08.016684,0 days 00:00:00.549521,kmeans,presence,100,4,COMPLETE
435,0.15499852644804968,2024-12-18 23:43:08.018166,2024-12-18 23:43:08.549766,0 days 00:00:00.531600,kmeans,presence,95,2,COMPLETE
436,0.16711557203293023,2024-12-18 23:43:08.551268,2024-12-18 23:43:08.994447,0 days 00:00:00.443179,kmeans,presence,120,8,COMPLETE
437,0.1589313852582939,2024-12-18 23:43:08.995890,2024-12-18 23:43:09.469426,0 days 00:00:00.473536,kmeans,presence,115,9,COMPLETE
438,0.13832446259337536,2024-12-18 23:43:09.470892,2024-12-18 23:43:10.026819,0 days 00:00:00.555927,kmeans,presence,70,9,COMPLETE
439,0.18154570277600035,2024-12-18 23:43:10.028288,2024-12-18 23:43:10.459672,0 days 00:00:00.431384,kmeans,presence,120,9,COMPLETE
440,0.2234658371913226,2024-12-18 23:43:10.460809,2024-12-18 23:43:10.927844,0 days 00:00:00.467035,kmeans,presence,115,9,COMPLETE
441,0.1938264431965818,2024-12-18 23:43:10.929215,2024-12-18 23:43:11.439025,0 days 00:00:00.509810,kmeans,presence,105,10,COMPLETE
442,0.14954746708317646,2024-12-18 23:43:11.440298,2024-12-18 23:43:11.985008,0 days 00:00:00.544710,kmeans,presence,95,4,COMPLETE
443,0.18144555975146515,2024-12-18 23:43:11.986072,2024-12-18 23:43:12.426123,0 days 00:00:00.440051,kmeans,presence,120,9,COMPLETE
444,0.22972431714986885,2024-12-18 23:43:12.427398,2024-12-18 23:43:12.993172,0 days 00:00:00.565774,kmeans,presence,60,9,COMPLETE
445,0.1871264265768592,2024-12-18 23:43:12.994335,2024-12-18 23:43:13.505551,0 days 00:00:00.511216,kmeans,presence,110,5,COMPLETE
446,0.2024844086520784,2024-12-18 23:43:13.507058,2024-12-18 23:43:14.039646,0 days 00:00:00.532588,kmeans,presence,100,8,COMPLETE
447,0.2517089376346539,2024-12-18 23:43:14.041028,2024-12-18 23:43:14.474899,0 days 00:00:00.433871,kmeans,presence,120,9,COMPLETE
448,0.1402013006585822,2024-12-18 23:43:14.476396,2024-12-18 23:43:14.914699,0 days 00:00:00.438303,kmeans,presence,120,9,COMPLETE
449,0.1914370527289074,2024-12-18 23:43:14.916167,2024-12-18 23:43:15.394750,0 days 00:00:00.478583,kmeans,presence,115,3,COMPLETE
450,0.23163439126185922,2024-12-18 23:43:15.396259,2024-12-18 23:43:15.830330,0 days 00:00:00.434071,kmeans,presence,120,10,COMPLETE
451,0.13747832172203608,2024-12-18 23:43:15.831684,2024-12-18 23:43:16.302057,0 days 00:00:00.470373,kmeans,presence,115,6,COMPLETE
452,0.21729061251551116,2024-12-18 23:43:16.303487,2024-12-18 23:43:16.745361,0 days 00:00:00.441874,kmeans,presence,120,2,COMPLETE
453,0.24441627561064205,2024-12-18 23:43:16.746942,2024-12-18 23:43:17.231788,0 days 00:00:00.484846,kmeans,presence,115,9,COMPLETE
454,0.2230950868503502,2024-12-18 23:43:17.233274,2024-12-18 23:43:17.668653,0 days 00:00:00.435379,kmeans,presence,120,9,COMPLETE
455,0.25324399263023173,2024-12-18 23:43:17.669790,2024-12-18 23:43:18.146837,0 days 00:00:00.477047,kmeans,presence,115,9,COMPLETE
456,0.20699580830941122,2024-12-18 23:43:18.147912,2024-12-18 23:43:18.624365,0 days 00:00:00.476453,kmeans,presence,110,9,COMPLETE
457,0.2875269508637557,2024-12-18 23:43:18.625788,2024-12-18 23:43:19.091033,0 days 00:00:00.465245,kmeans,presence,115,9,COMPLETE
458,0.16673460977917554,2024-12-18 23:43:19.092418,2024-12-18 23:43:19.600025,0 days 00:00:00.507607,kmeans,presence,110,10,COMPLETE
459,0.12723148754834154,2024-12-18 23:43:19.601411,2024-12-18 23:43:20.142866,0 days 00:00:00.541455,kmeans,presence,90,3,COMPLETE
460,0.21785785290797624,2024-12-18 23:43:20.144322,2024-12-18 23:43:20.623953,0 days 00:00:00.479631,kmeans,presence,115,6,COMPLETE
461,0.12391061229461904,2024-12-18 23:43:20.625515,2024-12-18 23:43:21.227942,0 days 00:00:00.602427,kmeans,presence,50,8,COMPLETE
462,0.16237225446851536,2024-12-18 23:43:21.229344,2024-12-18 23:43:21.744643,0 days 00:00:00.515299,kmeans,presence,95,9,COMPLETE
463,0.21786196436578595,2024-12-18 23:43:21.746104,2024-12-18 23:43:22.264316,0 days 00:00:00.518212,kmeans,presence,100,4,COMPLETE
464,0.2632132166330224,2024-12-18 23:43:22.265818,2024-12-18 23:43:22.728725,0 days 00:00:00.462907,kmeans,presence,115,9,COMPLETE
465,0.1394094345457334,2024-12-18 23:43:22.730224,2024-12-18 23:43:23.229030,0 days 00:00:00.498806,kmeans,presence,110,9,COMPLETE
466,0.20266371484677073,2024-12-18 23:43:23.230275,2024-12-18 23:43:23.692624,0 days 00:00:00.462349,kmeans,presence,115,6,COMPLETE
467,0.18646859369918786,2024-12-18 23:43:23.694121,2024-12-18 23:43:24.336993,0 days 00:00:00.642872,kmeans,presence,15,9,COMPLETE
468,0.15859376977203876,2024-12-18 23:43:24.338449,2024-12-18 23:43:24.879828,0 days 00:00:00.541379,kmeans,presence,100,8,COMPLETE
469,0.15001301898827846,2024-12-18 23:43:24.881255,2024-12-18 23:43:25.382729,0 days 00:00:00.501474,kmeans,presence,105,9,COMPLETE
470,0.23541801932447584,2024-12-18 23:43:25.384127,2024-12-18 23:43:25.885415,0 days 00:00:00.501288,kmeans,presence,105,10,COMPLETE
471,0.22171833408567587,2024-12-18 23:43:25.886913,2024-12-18 23:43:26.414799,0 days 00:00:00.527886,kmeans,presence,95,8,COMPLETE
472,0.2153311641690021,2024-12-18 23:43:26.415958,2024-12-18 23:43:26.952803,0 days 00:00:00.536845,kmeans,presence,90,2,COMPLETE
473,0.15401471097030425,2024-12-18 23:43:26.954318,2024-12-18 23:43:27.391210,0 days 00:00:00.436892,kmeans,presence,120,3,COMPLETE
474,0.13636439598353503,2024-12-18 23:43:27.392699,2024-12-18 23:43:27.868182,0 days 00:00:00.475483,kmeans,presence,115,9,COMPLETE
475,0.1690978756672191,2024-12-18 23:43:27.869570,2024-12-18 23:43:28.362112,0 days 00:00:00.492542,kmeans,presence,120,9,COMPLETE
476,0.24195422849046055,2024-12-18 23:43:28.363747,2024-12-18 23:43:28.912482,0 days 00:00:00.548735,kmeans,presence,90,9,COMPLETE
477,0.17623114340720092,2024-12-18 23:43:28.913929,2024-12-18 23:43:29.540138,0 days 00:00:00.626209,kmeans,presence,25,4,COMPLETE
478,0.19920158570697075,2024-12-18 23:43:29.541599,2024-12-18 23:43:30.149882,0 days 00:00:00.608283,kmeans,presence,30,9,COMPLETE
479,0.15445975976591805,2024-12-18 23:43:30.151041,2024-12-18 23:43:30.663979,0 days 00:00:00.512938,kmeans,presence,110,9,COMPLETE
480,0.15164833162500255,2024-12-18 23:43:30.665368,2024-12-18 23:43:31.164959,0 days 00:00:00.499591,kmeans,presence,115,7,COMPLETE
481,0.19592558768970006,2024-12-18 23:43:31.166105,2024-12-18 23:43:31.608833,0 days 00:00:00.442728,kmeans,presence,120,9,COMPLETE
482,0.22232936812646006,2024-12-18 23:43:31.610358,2024-12-18 23:43:32.205842,0 days 00:00:00.595484,kmeans,presence,55,6,COMPLETE
483,0.16049584330032604,2024-12-18 23:43:32.207210,2024-12-18 23:43:32.734730,0 days 00:00:00.527520,kmeans,presence,95,9,COMPLETE
484,0.16701697905124044,2024-12-18 23:43:32.736158,2024-12-18 23:43:33.277067,0 days 00:00:00.540909,kmeans,presence,100,6,COMPLETE
485,0.16617964786750816,2024-12-18 23:43:33.278555,2024-12-18 23:43:33.760510,0 days 00:00:00.481955,kmeans,presence,115,7,COMPLETE
486,0.2746509410834223,2024-12-18 23:43:33.761943,2024-12-18 23:43:34.258719,0 days 00:00:00.496776,kmeans,presence,110,10,COMPLETE
487,0.22043924662622763,2024-12-18 23:43:34.260206,2024-12-18 23:43:34.769376,0 days 00:00:00.509170,kmeans,presence,105,10,COMPLETE
488,0.16459959476302333,2024-12-18 23:43:34.770866,2024-12-18 23:43:35.240148,0 days 00:00:00.469282,kmeans,presence,115,10,COMPLETE
489,0.23457158732835168,2024-12-18 23:43:35.241579,2024-12-18 23:43:35.747654,0 days 00:00:00.506075,kmeans,presence,110,10,COMPLETE
490,0.11889509461803344,2024-12-18 23:43:35.749339,2024-12-18 23:43:36.234297,0 days 00:00:00.484958,kmeans,presence,110,9,COMPLETE
491,0.17437411409780812,2024-12-18 23:43:36.235708,2024-12-18 23:43:36.716516,0 days 00:00:00.480808,kmeans,presence,110,9,COMPLETE
492,0.2795948099777262,2024-12-18 23:43:36.717991,2024-12-18 23:43:37.204989,0 days 00:00:00.486998,kmeans,presence,110,10,COMPLETE
493,0.15020999769500257,2024-12-18 23:43:37.206327,2024-12-18 23:43:37.747395,0 days 00:00:00.541068,kmeans,presence,110,10,COMPLETE
494,0.15816024047121838,2024-12-18 23:43:37.748472,2024-12-18 23:43:38.248797,0 days 00:00:00.500325,kmeans,presence,110,10,COMPLETE
495,0.09702988911436772,2024-12-18 23:43:38.250284,2024-12-18 23:43:38.768005,0 days 00:00:00.517721,kmeans,presence,105,10,COMPLETE
496,0.13742170546116034,2024-12-18 23:43:38.769347,2024-12-18 23:43:39.232025,0 days 00:00:00.462678,kmeans,presence,115,10,COMPLETE
497,0.10943680320670462,2024-12-18 23:43:39.233505,2024-12-18 23:43:39.740506,0 days 00:00:00.507001,kmeans,presence,110,10,COMPLETE
