number,value,datetime_start,datetime_complete,duration,params_algorithm,params_filter_criteria,params_filter_threshold,params_k,state
0,0.186093584792725,2024-12-18 23:39:11.107212,2024-12-18 23:39:11.722801,0 days 00:00:00.615589,kmeans,presence,45,5,COMPLETE
1,0.19661896846015534,2024-12-18 23:39:11.724208,2024-12-18 23:39:12.235665,0 days 00:00:00.511457,kmeans,presence,90,2,COMPLETE
2,0.10672871779885883,2024-12-18 23:39:12.237068,2024-12-18 23:39:12.786344,0 days 00:00:00.549276,kmeans,presence,80,10,COMPLETE
3,0.16463476762388088,2024-12-18 23:39:12.787735,2024-12-18 23:39:13.357721,0 days 00:00:00.569986,kmeans,presence,55,4,COMPLETE
4,0.11351404350186196,2024-12-18 23:39:13.359206,2024-12-18 23:39:13.804095,0 days 00:00:00.444889,kmeans,presence,120,2,COMPLETE
5,0.20997791150276254,2024-12-18 23:39:13.805493,2024-12-18 23:39:14.386002,0 days 00:00:00.580509,kmeans,presence,45,6,COMPLETE
6,0.11565468769627223,2024-12-18 23:39:14.387499,2024-12-18 23:39:14.865088,0 days 00:00:00.477589,kmeans,presence,105,2,COMPLETE
7,0.1483225607858216,2024-12-18 23:39:14.866384,2024-12-18 23:39:15.352446,0 days 00:00:00.486062,kmeans,presence,105,6,COMPLETE
8,0.20392252507255207,2024-12-18 23:39:15.353807,2024-12-18 23:39:15.853334,0 days 00:00:00.499527,kmeans,presence,100,2,COMPLETE
9,0.18738356084310526,2024-12-18 23:39:15.854625,2024-12-18 23:39:16.347818,0 days 00:00:00.493193,kmeans,presence,110,10,COMPLETE
10,0.20180570107601561,2024-12-18 23:39:16.349123,2024-12-18 23:39:16.996637,0 days 00:00:00.647514,kmeans,presence,10,8,COMPLETE
11,0.10590145289351684,2024-12-18 23:39:16.997815,2024-12-18 23:39:17.581423,0 days 00:00:00.583608,kmeans,presence,30,8,COMPLETE
12,0.18746449716127864,2024-12-18 23:39:17.582769,2024-12-18 23:39:18.129969,0 days 00:00:00.547200,kmeans,presence,70,4,COMPLETE
13,0.2276749330646423,2024-12-18 23:39:18.131259,2024-12-18 23:39:18.695054,0 days 00:00:00.563795,kmeans,presence,30,7,COMPLETE
14,0.08121406827934442,2024-12-18 23:39:18.696347,2024-12-18 23:39:19.496198,0 days 00:00:00.799851,kmeans,presence,0,8,COMPLETE
15,0.21370933932542738,2024-12-18 23:39:19.497570,2024-12-18 23:39:20.089682,0 days 00:00:00.592112,kmeans,presence,35,7,COMPLETE
16,0.18141593486793015,2024-12-18 23:39:20.090714,2024-12-18 23:39:20.690428,0 days 00:00:00.599714,kmeans,presence,20,7,COMPLETE
17,0.15960711187463672,2024-12-18 23:39:20.691754,2024-12-18 23:39:21.273535,0 days 00:00:00.581781,kmeans,presence,30,9,COMPLETE
18,0.27082786960423455,2024-12-18 23:39:21.274874,2024-12-18 23:39:21.866002,0 days 00:00:00.591128,kmeans,presence,35,7,COMPLETE
19,0.19517432848399618,2024-12-18 23:39:21.867344,2024-12-18 23:39:22.408745,0 days 00:00:00.541401,kmeans,presence,60,5,COMPLETE
20,0.18717795488703906,2024-12-18 23:39:22.409999,2024-12-18 23:39:23.016975,0 days 00:00:00.606976,kmeans,presence,10,7,COMPLETE
21,0.18372811832906286,2024-12-18 23:39:23.018265,2024-12-18 23:39:23.613340,0 days 00:00:00.595075,kmeans,presence,35,7,COMPLETE
22,0.17859664878256695,2024-12-18 23:39:23.614594,2024-12-18 23:39:24.184431,0 days 00:00:00.569837,kmeans,presence,45,9,COMPLETE
23,0.16151526725611012,2024-12-18 23:39:24.185800,2024-12-18 23:39:24.780782,0 days 00:00:00.594982,kmeans,presence,20,7,COMPLETE
24,0.21967179237853407,2024-12-18 23:39:24.782083,2024-12-18 23:39:25.336377,0 days 00:00:00.554294,kmeans,presence,60,5,COMPLETE
25,0.16427706202703937,2024-12-18 23:39:25.337366,2024-12-18 23:39:25.882779,0 days 00:00:00.545413,kmeans,presence,70,5,COMPLETE
26,0.20268803646523983,2024-12-18 23:39:25.883773,2024-12-18 23:39:26.433236,0 days 00:00:00.549463,kmeans,presence,55,6,COMPLETE
27,0.21723152359612455,2024-12-18 23:39:26.434211,2024-12-18 23:39:26.987226,0 days 00:00:00.553015,kmeans,presence,65,4,COMPLETE
28,0.16849135875716836,2024-12-18 23:39:26.988434,2024-12-18 23:39:27.523685,0 days 00:00:00.535251,kmeans,presence,80,3,COMPLETE
29,0.18249780382242778,2024-12-18 23:39:27.525003,2024-12-18 23:39:28.085151,0 days 00:00:00.560148,kmeans,presence,50,5,COMPLETE
30,0.34358964496968714,2024-12-18 23:39:28.086391,2024-12-18 23:39:28.665958,0 days 00:00:00.579567,kmeans,presence,40,6,COMPLETE
31,0.13689318279755633,2024-12-18 23:39:28.667326,2024-12-18 23:39:29.246444,0 days 00:00:00.579118,kmeans,presence,40,6,COMPLETE
32,0.19575822256668884,2024-12-18 23:39:29.247740,2024-12-18 23:39:29.847152,0 days 00:00:00.599412,kmeans,presence,20,5,COMPLETE
33,0.18029026737771328,2024-12-18 23:39:29.848165,2024-12-18 23:39:30.425583,0 days 00:00:00.577418,kmeans,presence,25,6,COMPLETE
34,0.1742665907206753,2024-12-18 23:39:30.426570,2024-12-18 23:39:30.983638,0 days 00:00:00.557068,kmeans,presence,45,8,COMPLETE
35,0.1529358334613962,2024-12-18 23:39:30.984906,2024-12-18 23:39:31.512352,0 days 00:00:00.527446,kmeans,presence,80,6,COMPLETE
36,0.21587300439287027,2024-12-18 23:39:31.513586,2024-12-18 23:39:32.086302,0 days 00:00:00.572716,kmeans,presence,50,4,COMPLETE
37,0.1847541795090286,2024-12-18 23:39:32.087563,2024-12-18 23:39:32.706003,0 days 00:00:00.618440,kmeans,presence,10,9,COMPLETE
38,0.12692448438774115,2024-12-18 23:39:32.707244,2024-12-18 23:39:33.294727,0 days 00:00:00.587483,kmeans,presence,40,5,COMPLETE
39,0.16425112629625105,2024-12-18 23:39:33.295976,2024-12-18 23:39:33.849357,0 days 00:00:00.553381,kmeans,presence,60,7,COMPLETE
40,0.18625558350191704,2024-12-18 23:39:33.850700,2024-12-18 23:39:34.449697,0 days 00:00:00.598997,kmeans,presence,30,3,COMPLETE
41,0.14699207542776965,2024-12-18 23:39:34.450941,2024-12-18 23:39:35.006188,0 days 00:00:00.555247,kmeans,presence,70,4,COMPLETE
42,0.22709263852101605,2024-12-18 23:39:35.007552,2024-12-18 23:39:35.555841,0 days 00:00:00.548289,kmeans,presence,65,3,COMPLETE
43,0.14747440832905404,2024-12-18 23:39:35.557050,2024-12-18 23:39:36.079057,0 days 00:00:00.522007,kmeans,presence,85,3,COMPLETE
44,0.12677956139823446,2024-12-18 23:39:36.080114,2024-12-18 23:39:36.637219,0 days 00:00:00.557105,kmeans,presence,55,2,COMPLETE
45,0.20335738735582964,2024-12-18 23:39:36.638533,2024-12-18 23:39:37.211464,0 days 00:00:00.572931,kmeans,presence,65,6,COMPLETE
46,0.26816977156307137,2024-12-18 23:39:37.212771,2024-12-18 23:39:37.739704,0 days 00:00:00.526933,kmeans,presence,90,8,COMPLETE
47,0.19255550758152862,2024-12-18 23:39:37.741101,2024-12-18 23:39:38.254447,0 days 00:00:00.513346,kmeans,presence,95,8,COMPLETE
48,0.1986555831280644,2024-12-18 23:39:38.255756,2024-12-18 23:39:38.716507,0 days 00:00:00.460751,kmeans,presence,110,8,COMPLETE
49,0.24998453301867063,2024-12-18 23:39:38.717879,2024-12-18 23:39:39.154477,0 days 00:00:00.436598,kmeans,presence,120,9,COMPLETE
50,0.11955799302699961,2024-12-18 23:39:39.155777,2024-12-18 23:39:39.614688,0 days 00:00:00.458911,kmeans,presence,115,10,COMPLETE
51,0.1809439708562576,2024-12-18 23:39:39.616016,2024-12-18 23:39:40.155194,0 days 00:00:00.539178,kmeans,presence,95,9,COMPLETE
52,0.1984196979265936,2024-12-18 23:39:40.156507,2024-12-18 23:39:40.631461,0 days 00:00:00.474954,kmeans,presence,105,9,COMPLETE
53,0.17618444213862894,2024-12-18 23:39:40.632704,2024-12-18 23:39:41.155962,0 days 00:00:00.523258,kmeans,presence,85,8,COMPLETE
54,0.16268344000829674,2024-12-18 23:39:41.157317,2024-12-18 23:39:41.738336,0 days 00:00:00.581019,kmeans,presence,35,7,COMPLETE
55,0.19975864696567414,2024-12-18 23:39:41.739583,2024-12-18 23:39:42.158637,0 days 00:00:00.419054,kmeans,presence,120,10,COMPLETE
56,0.13992223442168228,2024-12-18 23:39:42.159549,2024-12-18 23:39:42.779831,0 days 00:00:00.620282,kmeans,presence,15,8,COMPLETE
57,0.16492166360779614,2024-12-18 23:39:42.781170,2024-12-18 23:39:43.358981,0 days 00:00:00.577811,kmeans,presence,25,7,COMPLETE
58,0.07226050909876601,2024-12-18 23:39:43.360315,2024-12-18 23:39:44.178273,0 days 00:00:00.817958,kmeans,presence,0,9,COMPLETE
59,0.17015020555838745,2024-12-18 23:39:44.179410,2024-12-18 23:39:44.769032,0 days 00:00:00.589622,kmeans,presence,40,7,COMPLETE
60,0.14094549475527252,2024-12-18 23:39:44.770336,2024-12-18 23:39:45.317304,0 days 00:00:00.546968,kmeans,presence,75,9,COMPLETE
61,0.18855906340258052,2024-12-18 23:39:45.318603,2024-12-18 23:39:45.832483,0 days 00:00:00.513880,kmeans,presence,90,7,COMPLETE
62,0.1498340235249721,2024-12-18 23:39:45.833775,2024-12-18 23:39:46.381616,0 days 00:00:00.547841,kmeans,presence,50,6,COMPLETE
63,0.11827477068695684,2024-12-18 23:39:46.382918,2024-12-18 23:39:46.941655,0 days 00:00:00.558737,kmeans,presence,75,8,COMPLETE
64,0.12725557071076707,2024-12-18 23:39:46.942989,2024-12-18 23:39:47.558798,0 days 00:00:00.615809,kmeans,presence,35,5,COMPLETE
65,0.15799592440103757,2024-12-18 23:39:47.560284,2024-12-18 23:39:48.055262,0 days 00:00:00.494978,kmeans,presence,100,2,COMPLETE
66,0.1798444024493754,2024-12-18 23:39:48.056411,2024-12-18 23:39:48.623386,0 days 00:00:00.566975,kmeans,presence,45,6,COMPLETE
67,0.11349707287548756,2024-12-18 23:39:48.624610,2024-12-18 23:39:49.250126,0 days 00:00:00.625516,kmeans,presence,25,3,COMPLETE
68,0.172407057672152,2024-12-18 23:39:49.251475,2024-12-18 23:39:49.839292,0 days 00:00:00.587817,kmeans,presence,55,8,COMPLETE
69,0.13724736999876355,2024-12-18 23:39:49.840552,2024-12-18 23:39:50.391887,0 days 00:00:00.551335,kmeans,presence,65,7,COMPLETE
70,0.18938042541057987,2024-12-18 23:39:50.393250,2024-12-18 23:39:50.985337,0 days 00:00:00.592087,kmeans,presence,40,6,COMPLETE
71,0.16711149876561393,2024-12-18 23:39:50.986308,2024-12-18 23:39:51.535452,0 days 00:00:00.549144,kmeans,presence,60,4,COMPLETE
72,0.1604690637078581,2024-12-18 23:39:51.536703,2024-12-18 23:39:52.115530,0 days 00:00:00.578827,kmeans,presence,65,4,COMPLETE
73,0.20288181414061945,2024-12-18 23:39:52.116887,2024-12-18 23:39:52.706768,0 days 00:00:00.589881,kmeans,presence,30,4,COMPLETE
74,0.20800367661843602,2024-12-18 23:39:52.708133,2024-12-18 23:39:53.240986,0 days 00:00:00.532853,kmeans,presence,80,5,COMPLETE
75,0.1684005725395095,2024-12-18 23:39:53.242280,2024-12-18 23:39:53.788992,0 days 00:00:00.546712,kmeans,presence,75,3,COMPLETE
76,0.21499879822908555,2024-12-18 23:39:53.790239,2024-12-18 23:39:54.373896,0 days 00:00:00.583657,kmeans,presence,60,5,COMPLETE
77,0.25750075078998175,2024-12-18 23:39:54.375216,2024-12-18 23:39:54.922447,0 days 00:00:00.547231,kmeans,presence,70,4,COMPLETE
78,0.18096466171034073,2024-12-18 23:39:54.923678,2024-12-18 23:39:55.381052,0 days 00:00:00.457374,kmeans,presence,115,5,COMPLETE
79,0.1332449947510653,2024-12-18 23:39:55.382465,2024-12-18 23:39:55.983424,0 days 00:00:00.600959,kmeans,presence,45,4,COMPLETE
80,0.1729820509095538,2024-12-18 23:39:55.984686,2024-12-18 23:39:56.581697,0 days 00:00:00.597011,kmeans,presence,50,7,COMPLETE
81,0.17683957363885652,2024-12-18 23:39:56.583108,2024-12-18 23:39:57.191277,0 days 00:00:00.608169,kmeans,presence,65,4,COMPLETE
82,0.13937154310297706,2024-12-18 23:39:57.192535,2024-12-18 23:39:57.744032,0 days 00:00:00.551497,kmeans,presence,55,3,COMPLETE
83,0.20156533076403035,2024-12-18 23:39:57.745291,2024-12-18 23:39:58.331353,0 days 00:00:00.586062,kmeans,presence,70,3,COMPLETE
84,0.12048406658897746,2024-12-18 23:39:58.332600,2024-12-18 23:39:58.886309,0 days 00:00:00.553709,kmeans,presence,70,5,COMPLETE
85,0.2318506638411814,2024-12-18 23:39:58.887529,2024-12-18 23:39:59.418170,0 days 00:00:00.530641,kmeans,presence,90,4,COMPLETE
86,0.15248172669215823,2024-12-18 23:39:59.419498,2024-12-18 23:39:59.974715,0 days 00:00:00.555217,kmeans,presence,85,6,COMPLETE
87,0.23600015615430922,2024-12-18 23:39:59.975674,2024-12-18 23:40:00.496433,0 days 00:00:00.520759,kmeans,presence,90,5,COMPLETE
88,0.19030679174734175,2024-12-18 23:40:00.497872,2024-12-18 23:40:01.028413,0 days 00:00:00.530541,kmeans,presence,90,8,COMPLETE
89,0.26409241329656524,2024-12-18 23:40:01.029733,2024-12-18 23:40:01.543546,0 days 00:00:00.513813,kmeans,presence,100,2,COMPLETE
90,0.1150534849175102,2024-12-18 23:40:01.544766,2024-12-18 23:40:02.087627,0 days 00:00:00.542861,kmeans,presence,100,2,COMPLETE
91,0.3116069205395932,2024-12-18 23:40:02.088958,2024-12-18 23:40:02.609332,0 days 00:00:00.520374,kmeans,presence,90,3,COMPLETE
92,0.1309008755799203,2024-12-18 23:40:02.610471,2024-12-18 23:40:03.143909,0 days 00:00:00.533438,kmeans,presence,95,2,COMPLETE
93,0.18110379806638585,2024-12-18 23:40:03.145115,2024-12-18 23:40:03.665336,0 days 00:00:00.520221,kmeans,presence,100,2,COMPLETE
94,0.15368411277996658,2024-12-18 23:40:03.666692,2024-12-18 23:40:04.152804,0 days 00:00:00.486112,kmeans,presence,105,3,COMPLETE
95,0.17033312254174962,2024-12-18 23:40:04.154248,2024-12-18 23:40:04.683066,0 days 00:00:00.528818,kmeans,presence,90,9,COMPLETE
96,0.19773766779382518,2024-12-18 23:40:04.684429,2024-12-18 23:40:05.170351,0 days 00:00:00.485922,kmeans,presence,110,4,COMPLETE
97,0.18503935223432577,2024-12-18 23:40:05.171708,2024-12-18 23:40:05.698425,0 days 00:00:00.526717,kmeans,presence,85,10,COMPLETE
98,0.10545836919305192,2024-12-18 23:40:05.699735,2024-12-18 23:40:06.229647,0 days 00:00:00.529912,kmeans,presence,95,7,COMPLETE
99,0.18792674120467665,2024-12-18 23:40:06.230779,2024-12-18 23:40:06.779801,0 days 00:00:00.549022,kmeans,presence,90,6,COMPLETE
100,0.2310322607464921,2024-12-18 23:40:06.780839,2024-12-18 23:40:07.253005,0 days 00:00:00.472166,kmeans,presence,115,2,COMPLETE
101,0.24295851139488223,2024-12-18 23:40:07.254255,2024-12-18 23:40:07.706460,0 days 00:00:00.452205,kmeans,presence,115,2,COMPLETE
102,0.19277223879854752,2024-12-18 23:40:07.707718,2024-12-18 23:40:08.147511,0 days 00:00:00.439793,kmeans,presence,120,2,COMPLETE
103,0.14250981485986375,2024-12-18 23:40:08.148846,2024-12-18 23:40:08.617298,0 days 00:00:00.468452,kmeans,presence,115,2,COMPLETE
104,0.1237272315613636,2024-12-18 23:40:08.618648,2024-12-18 23:40:09.099095,0 days 00:00:00.480447,kmeans,presence,115,2,COMPLETE
105,0.17121615148921943,2024-12-18 23:40:09.100351,2024-12-18 23:40:09.608896,0 days 00:00:00.508545,kmeans,presence,105,2,COMPLETE
106,0.20715209692104689,2024-12-18 23:40:09.610254,2024-12-18 23:40:10.049922,0 days 00:00:00.439668,kmeans,presence,120,3,COMPLETE
107,0.15804584690578885,2024-12-18 23:40:10.051146,2024-12-18 23:40:10.573782,0 days 00:00:00.522636,kmeans,presence,110,2,COMPLETE
108,0.19352610751767493,2024-12-18 23:40:10.574789,2024-12-18 23:40:11.135084,0 days 00:00:00.560295,kmeans,presence,95,2,COMPLETE
109,0.16563959682500637,2024-12-18 23:40:11.136447,2024-12-18 23:40:11.638247,0 days 00:00:00.501800,kmeans,presence,105,3,COMPLETE
110,0.14769944895185794,2024-12-18 23:40:11.639220,2024-12-18 23:40:12.105413,0 days 00:00:00.466193,kmeans,presence,115,4,COMPLETE
111,0.15226849617793028,2024-12-18 23:40:12.106779,2024-12-18 23:40:12.524634,0 days 00:00:00.417855,kmeans,presence,120,2,COMPLETE
112,0.1159849485575139,2024-12-18 23:40:12.525744,2024-12-18 23:40:13.065451,0 days 00:00:00.539707,kmeans,presence,80,3,COMPLETE
113,0.21540894501366528,2024-12-18 23:40:13.066807,2024-12-18 23:40:13.597826,0 days 00:00:00.531019,kmeans,presence,100,3,COMPLETE
114,0.11770370768873972,2024-12-18 23:40:13.599217,2024-12-18 23:40:14.137613,0 days 00:00:00.538396,kmeans,presence,85,8,COMPLETE
115,0.24410832940669872,2024-12-18 23:40:14.138995,2024-12-18 23:40:14.629027,0 days 00:00:00.490032,kmeans,presence,110,6,COMPLETE
116,0.19875460899397038,2024-12-18 23:40:14.630265,2024-12-18 23:40:15.124275,0 days 00:00:00.494010,kmeans,presence,110,6,COMPLETE
117,0.1216599327759957,2024-12-18 23:40:15.125651,2024-12-18 23:40:15.606032,0 days 00:00:00.480381,kmeans,presence,110,5,COMPLETE
118,0.2301070709802128,2024-12-18 23:40:15.607385,2024-12-18 23:40:16.087233,0 days 00:00:00.479848,kmeans,presence,115,2,COMPLETE
119,0.1967513305842351,2024-12-18 23:40:16.088602,2024-12-18 23:40:16.636438,0 days 00:00:00.547836,kmeans,presence,90,6,COMPLETE
120,0.19760895818879617,2024-12-18 23:40:16.637807,2024-12-18 23:40:17.144411,0 days 00:00:00.506604,kmeans,presence,105,5,COMPLETE
121,0.167010881730278,2024-12-18 23:40:17.145425,2024-12-18 23:40:17.611445,0 days 00:00:00.466020,kmeans,presence,115,2,COMPLETE
122,0.1949967503757548,2024-12-18 23:40:17.612462,2024-12-18 23:40:18.062874,0 days 00:00:00.450412,kmeans,presence,120,2,COMPLETE
123,0.22016693250104166,2024-12-18 23:40:18.063883,2024-12-18 23:40:18.534677,0 days 00:00:00.470794,kmeans,presence,115,2,COMPLETE
124,0.14440888794055415,2024-12-18 23:40:18.535777,2024-12-18 23:40:19.026559,0 days 00:00:00.490782,kmeans,presence,110,2,COMPLETE
125,0.2112851813509242,2024-12-18 23:40:19.027575,2024-12-18 23:40:19.534430,0 days 00:00:00.506855,kmeans,presence,95,3,COMPLETE
126,0.21629760935449435,2024-12-18 23:40:19.535489,2024-12-18 23:40:19.955307,0 days 00:00:00.419818,kmeans,presence,120,9,COMPLETE
127,0.19537802816582064,2024-12-18 23:40:19.956326,2024-12-18 23:40:20.489903,0 days 00:00:00.533577,kmeans,presence,100,5,COMPLETE
128,0.21201377132587398,2024-12-18 23:40:20.491250,2024-12-18 23:40:21.043202,0 days 00:00:00.551952,kmeans,presence,80,2,COMPLETE
129,0.13944686771021675,2024-12-18 23:40:21.044153,2024-12-18 23:40:21.535081,0 days 00:00:00.490928,kmeans,presence,110,7,COMPLETE
130,0.2280225427894642,2024-12-18 23:40:21.536550,2024-12-18 23:40:21.986996,0 days 00:00:00.450446,kmeans,presence,115,4,COMPLETE
131,0.19246585724395068,2024-12-18 23:40:21.988384,2024-12-18 23:40:22.454152,0 days 00:00:00.465768,kmeans,presence,115,4,COMPLETE
132,0.16499054473898214,2024-12-18 23:40:22.455593,2024-12-18 23:40:22.908149,0 days 00:00:00.452556,kmeans,presence,115,4,COMPLETE
133,0.12222895462242793,2024-12-18 23:40:22.909508,2024-12-18 23:40:23.400071,0 days 00:00:00.490563,kmeans,presence,105,4,COMPLETE
134,0.14610642657698633,2024-12-18 23:40:23.401332,2024-12-18 23:40:23.821591,0 days 00:00:00.420259,kmeans,presence,120,4,COMPLETE
135,0.19924966229286323,2024-12-18 23:40:23.822910,2024-12-18 23:40:24.296284,0 days 00:00:00.473374,kmeans,presence,110,3,COMPLETE
136,0.1622066088441111,2024-12-18 23:40:24.297608,2024-12-18 23:40:24.895441,0 days 00:00:00.597833,kmeans,presence,35,4,COMPLETE
137,0.18030176975951762,2024-12-18 23:40:24.896772,2024-12-18 23:40:25.482982,0 days 00:00:00.586210,kmeans,presence,90,2,COMPLETE
138,0.10946225405057465,2024-12-18 23:40:25.484212,2024-12-18 23:40:25.960278,0 days 00:00:00.476066,kmeans,presence,115,5,COMPLETE
139,0.2032102523581829,2024-12-18 23:40:25.961959,2024-12-18 23:40:26.491670,0 days 00:00:00.529711,kmeans,presence,100,2,COMPLETE
140,0.24459734473657632,2024-12-18 23:40:26.493051,2024-12-18 23:40:27.031684,0 days 00:00:00.538633,kmeans,presence,85,6,COMPLETE
141,0.1822574140486829,2024-12-18 23:40:27.033058,2024-12-18 23:40:27.577807,0 days 00:00:00.544749,kmeans,presence,85,6,COMPLETE
142,0.14638922519454386,2024-12-18 23:40:27.578823,2024-12-18 23:40:28.130406,0 days 00:00:00.551583,kmeans,presence,95,6,COMPLETE
143,0.2823241606798171,2024-12-18 23:40:28.131451,2024-12-18 23:40:28.680954,0 days 00:00:00.549503,kmeans,presence,75,6,COMPLETE
144,0.2443368781861781,2024-12-18 23:40:28.681991,2024-12-18 23:40:29.213777,0 days 00:00:00.531786,kmeans,presence,90,6,COMPLETE
145,0.17694616993400117,2024-12-18 23:40:29.214862,2024-12-18 23:40:29.751555,0 days 00:00:00.536693,kmeans,presence,75,6,COMPLETE
146,0.14135699697135848,2024-12-18 23:40:29.752569,2024-12-18 23:40:30.293593,0 days 00:00:00.541024,kmeans,presence,85,6,COMPLETE
147,0.15918788414735244,2024-12-18 23:40:30.294645,2024-12-18 23:40:30.830408,0 days 00:00:00.535763,kmeans,presence,90,6,COMPLETE
148,0.20973663736610781,2024-12-18 23:40:30.831412,2024-12-18 23:40:31.365255,0 days 00:00:00.533843,kmeans,presence,80,6,COMPLETE
149,0.18778537831295242,2024-12-18 23:40:31.366637,2024-12-18 23:40:31.916089,0 days 00:00:00.549452,kmeans,presence,85,6,COMPLETE
150,0.23310316540575568,2024-12-18 23:40:31.917485,2024-12-18 23:40:32.441517,0 days 00:00:00.524032,kmeans,presence,90,6,COMPLETE
151,0.170665493865752,2024-12-18 23:40:32.442770,2024-12-18 23:40:32.979434,0 days 00:00:00.536664,kmeans,presence,90,6,COMPLETE
152,0.23203753560365747,2024-12-18 23:40:32.980761,2024-12-18 23:40:33.498369,0 days 00:00:00.517608,kmeans,presence,90,6,COMPLETE
153,0.19804085700218924,2024-12-18 23:40:33.499632,2024-12-18 23:40:34.041197,0 days 00:00:00.541565,kmeans,presence,90,6,COMPLETE
154,0.14637481263136648,2024-12-18 23:40:34.042521,2024-12-18 23:40:34.558144,0 days 00:00:00.515623,kmeans,presence,95,6,COMPLETE
155,0.13950693093368285,2024-12-18 23:40:34.559433,2024-12-18 23:40:35.069934,0 days 00:00:00.510501,kmeans,presence,90,6,COMPLETE
156,0.13317692611113072,2024-12-18 23:40:35.071275,2024-12-18 23:40:35.582963,0 days 00:00:00.511688,kmeans,presence,85,6,COMPLETE
157,0.14111411043770425,2024-12-18 23:40:35.584228,2024-12-18 23:40:36.103492,0 days 00:00:00.519264,kmeans,presence,80,7,COMPLETE
158,0.21204064106096207,2024-12-18 23:40:36.104824,2024-12-18 23:40:36.630659,0 days 00:00:00.525835,kmeans,presence,95,6,COMPLETE
159,0.17740798909041897,2024-12-18 23:40:36.632012,2024-12-18 23:40:37.192624,0 days 00:00:00.560612,kmeans,presence,75,7,COMPLETE
160,0.12644749379166464,2024-12-18 23:40:37.194044,2024-12-18 23:40:37.762114,0 days 00:00:00.568070,kmeans,presence,70,6,COMPLETE
161,0.15356101969887284,2024-12-18 23:40:37.763500,2024-12-18 23:40:38.290067,0 days 00:00:00.526567,kmeans,presence,85,6,COMPLETE
162,0.20450519573883152,2024-12-18 23:40:38.291344,2024-12-18 23:40:38.806042,0 days 00:00:00.514698,kmeans,presence,95,5,COMPLETE
163,0.21040209641995242,2024-12-18 23:40:38.807439,2024-12-18 23:40:39.337291,0 days 00:00:00.529852,kmeans,presence,90,6,COMPLETE
164,0.2028496195147058,2024-12-18 23:40:39.338628,2024-12-18 23:40:39.859550,0 days 00:00:00.520922,kmeans,presence,85,8,COMPLETE
165,0.2481132730077952,2024-12-18 23:40:39.860935,2024-12-18 23:40:40.451528,0 days 00:00:00.590593,kmeans,presence,30,5,COMPLETE
