number,value,datetime_start,datetime_complete,duration,params_algorithm,params_filter_criteria,params_filter_threshold,params_k,state
498,0.21943944250164424,2024-12-18 23:43:39.742007,2024-12-18 23:43:40.235093,0 days 00:00:00.493086,kmeans,presence,115,10,COMPLETE
499,0.18328401976163575,2024-12-18 23:43:40.236601,2024-12-18 23:43:40.725945,0 days 00:00:00.489344,kmeans,presence,110,10,COMPLETE
500,0.18906328376188442,2024-12-18 23:43:40.727448,2024-12-18 23:43:41.181018,0 days 00:00:00.453570,kmeans,presence,120,10,COMPLETE
501,0.12472933732138773,2024-12-18 23:43:41.182719,2024-12-18 23:43:41.621520,0 days 00:00:00.438801,kmeans,presence,120,10,COMPLETE
502,0.23682017515614448,2024-12-18 23:43:41.622976,2024-12-18 23:43:42.120595,0 days 00:00:00.497619,kmeans,presence,110,10,COMPLETE
503,0.16398962880834408,2024-12-18 23:43:42.122074,2024-12-18 23:43:42.618356,0 days 00:00:00.496282,kmeans,presence,115,10,COMPLETE
504,0.19101461409791587,2024-12-18 23:43:42.619933,2024-12-18 23:43:43.131402,0 days 00:00:00.511469,kmeans,presence,105,10,COMPLETE
505,0.19659348552329783,2024-12-18 23:43:43.132778,2024-12-18 23:43:43.608600,0 days 00:00:00.475822,kmeans,presence,115,10,COMPLETE
506,0.14196454104601025,2024-12-18 23:43:43.610087,2024-12-18 23:43:44.258775,0 days 00:00:00.648688,kmeans,presence,15,10,COMPLETE
507,0.10123210608861381,2024-12-18 23:43:44.259927,2024-12-18 23:43:45.088192,0 days 00:00:00.828265,kmeans,presence,0,8,COMPLETE
508,0.16449704770680748,2024-12-18 23:43:45.089684,2024-12-18 23:43:45.709319,0 days 00:00:00.619635,kmeans,presence,30,7,COMPLETE
509,0.1789344668370171,2024-12-18 23:43:45.710723,2024-12-18 23:43:46.151629,0 days 00:00:00.440906,kmeans,presence,120,10,COMPLETE
510,0.188889896699597,2024-12-18 23:43:46.153080,2024-12-18 23:43:46.638809,0 days 00:00:00.485729,kmeans,presence,110,7,COMPLETE
511,0.19799984307195662,2024-12-18 23:43:46.640315,2024-12-18 23:43:47.124591,0 days 00:00:00.484276,kmeans,presence,115,6,COMPLETE
512,0.3283558821280748,2024-12-18 23:43:47.126099,2024-12-18 23:43:47.559223,0 days 00:00:00.433124,kmeans,presence,120,10,COMPLETE
513,0.14584361434759055,2024-12-18 23:43:47.560465,2024-12-18 23:43:48.009213,0 days 00:00:00.448748,kmeans,presence,120,10,COMPLETE
514,0.19964273755946627,2024-12-18 23:43:48.010499,2024-12-18 23:43:48.462900,0 days 00:00:00.452401,kmeans,presence,120,10,COMPLETE
515,0.27313182899679733,2024-12-18 23:43:48.464562,2024-12-18 23:43:48.912846,0 days 00:00:00.448284,kmeans,presence,120,10,COMPLETE
516,0.19093583120707738,2024-12-18 23:43:48.914212,2024-12-18 23:43:49.360512,0 days 00:00:00.446300,kmeans,presence,120,10,COMPLETE
517,0.16375949270828416,2024-12-18 23:43:49.361641,2024-12-18 23:43:49.805293,0 days 00:00:00.443652,kmeans,presence,120,10,COMPLETE
518,0.16539172533200408,2024-12-18 23:43:49.806795,2024-12-18 23:43:50.252927,0 days 00:00:00.446132,kmeans,presence,120,10,COMPLETE
519,0.16378694627814058,2024-12-18 23:43:50.254162,2024-12-18 23:43:50.687131,0 days 00:00:00.432969,kmeans,presence,120,10,COMPLETE
520,0.22437133947039242,2024-12-18 23:43:50.688611,2024-12-18 23:43:51.134524,0 days 00:00:00.445913,kmeans,presence,120,10,COMPLETE
521,0.15218264279267638,2024-12-18 23:43:51.136155,2024-12-18 23:43:51.576231,0 days 00:00:00.440076,kmeans,presence,120,10,COMPLETE
522,0.3271910576282601,2024-12-18 23:43:51.577408,2024-12-18 23:43:52.055463,0 days 00:00:00.478055,kmeans,presence,115,10,COMPLETE
523,0.18726709463362443,2024-12-18 23:43:52.056977,2024-12-18 23:43:52.520815,0 days 00:00:00.463838,kmeans,presence,115,10,COMPLETE
524,0.1908688141555387,2024-12-18 23:43:52.522333,2024-12-18 23:43:52.980359,0 days 00:00:00.458026,kmeans,presence,115,10,COMPLETE
525,0.22525400805572626,2024-12-18 23:43:52.981471,2024-12-18 23:43:53.453814,0 days 00:00:00.472343,kmeans,presence,115,10,COMPLETE
526,0.2387262135456074,2024-12-18 23:43:53.455321,2024-12-18 23:43:53.884044,0 days 00:00:00.428723,kmeans,presence,120,10,COMPLETE
527,0.21528047579427648,2024-12-18 23:43:53.885571,2024-12-18 23:43:54.349986,0 days 00:00:00.464415,kmeans,presence,115,10,COMPLETE
528,0.16124257570448583,2024-12-18 23:43:54.351630,2024-12-18 23:43:54.846195,0 days 00:00:00.494565,kmeans,presence,115,10,COMPLETE
529,0.1667454437929884,2024-12-18 23:43:54.847525,2024-12-18 23:43:55.287219,0 days 00:00:00.439694,kmeans,presence,120,10,COMPLETE
530,0.20627601398607473,2024-12-18 23:43:55.288727,2024-12-18 23:43:55.899970,0 days 00:00:00.611243,kmeans,presence,20,10,COMPLETE
531,0.2019081941615867,2024-12-18 23:43:55.901468,2024-12-18 23:43:56.349378,0 days 00:00:00.447910,kmeans,presence,120,10,COMPLETE
532,0.1923035896208758,2024-12-18 23:43:56.350870,2024-12-18 23:43:56.970883,0 days 00:00:00.620013,kmeans,presence,25,10,COMPLETE
533,0.13375738936165404,2024-12-18 23:43:56.972510,2024-12-18 23:43:57.409623,0 days 00:00:00.437113,kmeans,presence,120,10,COMPLETE
534,0.21057446622081147,2024-12-18 23:43:57.411149,2024-12-18 23:43:57.893625,0 days 00:00:00.482476,kmeans,presence,110,10,COMPLETE
535,0.20346349963494773,2024-12-18 23:43:57.895142,2024-12-18 23:43:58.350195,0 days 00:00:00.455053,kmeans,presence,115,10,COMPLETE
536,0.1912862331707986,2024-12-18 23:43:58.351366,2024-12-18 23:43:58.807156,0 days 00:00:00.455790,kmeans,presence,115,10,COMPLETE
537,0.19715412714962474,2024-12-18 23:43:58.808612,2024-12-18 23:43:59.404464,0 days 00:00:00.595852,kmeans,presence,35,10,COMPLETE
538,0.1150300728174543,2024-12-18 23:43:59.405818,2024-12-18 23:43:59.851100,0 days 00:00:00.445282,kmeans,presence,120,10,COMPLETE
539,0.19500107668347377,2024-12-18 23:43:59.852616,2024-12-18 23:44:00.347603,0 days 00:00:00.494987,kmeans,presence,110,10,COMPLETE
540,0.15092111515883475,2024-12-18 23:44:00.349051,2024-12-18 23:44:00.989639,0 days 00:00:00.640588,kmeans,presence,30,7,COMPLETE
541,0.15290099892146813,2024-12-18 23:44:00.990811,2024-12-18 23:44:01.476130,0 days 00:00:00.485319,kmeans,presence,115,10,COMPLETE
542,0.2843303823133653,2024-12-18 23:44:01.477422,2024-12-18 23:44:01.954033,0 days 00:00:00.476611,kmeans,presence,115,10,COMPLETE
543,0.28631941357453883,2024-12-18 23:44:01.955567,2024-12-18 23:44:02.453604,0 days 00:00:00.498037,kmeans,presence,110,10,COMPLETE
544,0.13560993220164588,2024-12-18 23:44:02.455206,2024-12-18 23:44:02.944389,0 days 00:00:00.489183,kmeans,presence,110,10,COMPLETE
545,0.1505394978366601,2024-12-18 23:44:02.946176,2024-12-18 23:44:03.437875,0 days 00:00:00.491699,kmeans,presence,110,10,COMPLETE
546,0.11154144106092061,2024-12-18 23:44:03.439274,2024-12-18 23:44:03.930124,0 days 00:00:00.490850,kmeans,presence,110,10,COMPLETE
547,0.1421196039205196,2024-12-18 23:44:03.931627,2024-12-18 23:44:04.417427,0 days 00:00:00.485800,kmeans,presence,115,10,COMPLETE
548,0.1738570350423001,2024-12-18 23:44:04.418529,2024-12-18 23:44:04.926156,0 days 00:00:00.507627,kmeans,presence,110,10,COMPLETE
549,0.2815589001608549,2024-12-18 23:44:04.927548,2024-12-18 23:44:05.400717,0 days 00:00:00.473169,kmeans,presence,115,10,COMPLETE
550,0.14071630368988047,2024-12-18 23:44:05.402145,2024-12-18 23:44:05.876533,0 days 00:00:00.474388,kmeans,presence,115,10,COMPLETE
551,0.104637701194492,2024-12-18 23:44:05.878024,2024-12-18 23:44:06.481337,0 days 00:00:00.603313,kmeans,presence,50,10,COMPLETE
552,0.18798975925519512,2024-12-18 23:44:06.482851,2024-12-18 23:44:06.978659,0 days 00:00:00.495808,kmeans,presence,110,10,COMPLETE
553,0.2756177576183154,2024-12-18 23:44:06.980081,2024-12-18 23:44:07.458355,0 days 00:00:00.478274,kmeans,presence,115,10,COMPLETE
554,0.22673252868259963,2024-12-18 23:44:07.459846,2024-12-18 23:44:07.935121,0 days 00:00:00.475275,kmeans,presence,115,10,COMPLETE
555,0.15134673970320614,2024-12-18 23:44:07.936628,2024-12-18 23:44:08.439380,0 days 00:00:00.502752,kmeans,presence,110,10,COMPLETE
556,0.1828753718242755,2024-12-18 23:44:08.440780,2024-12-18 23:44:08.934605,0 days 00:00:00.493825,kmeans,presence,110,10,COMPLETE
557,0.22953364653140662,2024-12-18 23:44:08.936153,2024-12-18 23:44:09.450886,0 days 00:00:00.514733,kmeans,presence,105,10,COMPLETE
558,0.13272615530628637,2024-12-18 23:44:09.452059,2024-12-18 23:44:10.078295,0 days 00:00:00.626236,kmeans,presence,20,10,COMPLETE
559,0.14172359060114736,2024-12-18 23:44:10.079789,2024-12-18 23:44:10.549049,0 days 00:00:00.469260,kmeans,presence,115,10,COMPLETE
560,0.2844337347969575,2024-12-18 23:44:10.550247,2024-12-18 23:44:11.026071,0 days 00:00:00.475824,kmeans,presence,115,10,COMPLETE
561,0.18614092114545291,2024-12-18 23:44:11.027595,2024-12-18 23:44:11.506611,0 days 00:00:00.479016,kmeans,presence,115,10,COMPLETE
562,0.1440210539024108,2024-12-18 23:44:11.507804,2024-12-18 23:44:11.965615,0 days 00:00:00.457811,kmeans,presence,115,10,COMPLETE
563,0.22429376321039815,2024-12-18 23:44:11.966858,2024-12-18 23:44:12.449273,0 days 00:00:00.482415,kmeans,presence,115,10,COMPLETE
564,0.27013811551924166,2024-12-18 23:44:12.450791,2024-12-18 23:44:12.914252,0 days 00:00:00.463461,kmeans,presence,115,10,COMPLETE
565,0.1783794340184829,2024-12-18 23:44:12.915674,2024-12-18 23:44:13.379065,0 days 00:00:00.463391,kmeans,presence,115,10,COMPLETE
566,0.14679647717845257,2024-12-18 23:44:13.380357,2024-12-18 23:44:13.856450,0 days 00:00:00.476093,kmeans,presence,115,10,COMPLETE
567,0.22181224935208724,2024-12-18 23:44:13.857956,2024-12-18 23:44:14.325068,0 days 00:00:00.467112,kmeans,presence,115,10,COMPLETE
568,0.10995875519834447,2024-12-18 23:44:14.326584,2024-12-18 23:44:15.018211,0 days 00:00:00.691627,kmeans,presence,5,10,COMPLETE
569,0.18323161488156595,2024-12-18 23:44:15.019778,2024-12-18 23:44:15.525653,0 days 00:00:00.505875,kmeans,presence,110,10,COMPLETE
570,0.31307967081911414,2024-12-18 23:44:15.526955,2024-12-18 23:44:16.001110,0 days 00:00:00.474155,kmeans,presence,115,10,COMPLETE
571,0.12356124502742326,2024-12-18 23:44:16.002645,2024-12-18 23:44:16.486176,0 days 00:00:00.483531,kmeans,presence,110,10,COMPLETE
572,0.12635613760873618,2024-12-18 23:44:16.487622,2024-12-18 23:44:16.953870,0 days 00:00:00.466248,kmeans,presence,115,10,COMPLETE
573,0.17598171581430488,2024-12-18 23:44:16.955410,2024-12-18 23:44:17.435163,0 days 00:00:00.479753,kmeans,presence,115,10,COMPLETE
574,0.1352880837955845,2024-12-18 23:44:17.436581,2024-12-18 23:44:17.940082,0 days 00:00:00.503501,kmeans,presence,110,10,COMPLETE
575,0.16194395439004924,2024-12-18 23:44:17.941659,2024-12-18 23:44:18.430319,0 days 00:00:00.488660,kmeans,presence,110,10,COMPLETE
576,0.15715360954281,2024-12-18 23:44:18.431552,2024-12-18 23:44:19.068394,0 days 00:00:00.636842,kmeans,presence,15,10,COMPLETE
577,0.15086205177001044,2024-12-18 23:44:19.069917,2024-12-18 23:44:19.567357,0 days 00:00:00.497440,kmeans,presence,115,10,COMPLETE
578,0.15708448496094615,2024-12-18 23:44:19.568872,2024-12-18 23:44:20.041770,0 days 00:00:00.472898,kmeans,presence,115,10,COMPLETE
579,0.13298437058238277,2024-12-18 23:44:20.043273,2024-12-18 23:44:20.542211,0 days 00:00:00.498938,kmeans,presence,110,10,COMPLETE
580,0.11540389887062703,2024-12-18 23:44:20.543774,2024-12-18 23:44:21.008723,0 days 00:00:00.464949,kmeans,presence,115,10,COMPLETE
581,0.10878015346437891,2024-12-18 23:44:21.009929,2024-12-18 23:44:21.635007,0 days 00:00:00.625078,kmeans,presence,25,10,COMPLETE
582,0.176581338720188,2024-12-18 23:44:21.636495,2024-12-18 23:44:22.119663,0 days 00:00:00.483168,kmeans,presence,110,10,COMPLETE
583,0.19248584443436498,2024-12-18 23:44:22.121164,2024-12-18 23:44:22.741949,0 days 00:00:00.620785,kmeans,presence,20,10,COMPLETE
584,0.2596565970076559,2024-12-18 23:44:22.743471,2024-12-18 23:44:23.253689,0 days 00:00:00.510218,kmeans,presence,105,10,COMPLETE
585,0.17943943131804022,2024-12-18 23:44:23.255219,2024-12-18 23:44:23.728300,0 days 00:00:00.473081,kmeans,presence,115,10,COMPLETE
586,0.1920939477095481,2024-12-18 23:44:23.729847,2024-12-18 23:44:24.176768,0 days 00:00:00.446921,kmeans,presence,120,10,COMPLETE
587,0.17178840611454912,2024-12-18 23:44:24.178257,2024-12-18 23:44:24.706434,0 days 00:00:00.528177,kmeans,presence,105,5,COMPLETE
588,0.162619898091869,2024-12-18 23:44:24.707784,2024-12-18 23:44:25.221048,0 days 00:00:00.513264,kmeans,presence,110,10,COMPLETE
589,0.18311093906385853,2024-12-18 23:44:25.222570,2024-12-18 23:44:25.689154,0 days 00:00:00.466584,kmeans,presence,115,10,COMPLETE
590,0.14337016936394487,2024-12-18 23:44:25.690676,2024-12-18 23:44:26.154278,0 days 00:00:00.463602,kmeans,presence,115,10,COMPLETE
591,0.14454479186997518,2024-12-18 23:44:26.155759,2024-12-18 23:44:26.594564,0 days 00:00:00.438805,kmeans,presence,120,10,COMPLETE
592,0.15800612278549353,2024-12-18 23:44:26.596071,2024-12-18 23:44:27.153807,0 days 00:00:00.557736,kmeans,presence,55,6,COMPLETE
593,0.1384868480842724,2024-12-18 23:44:27.154980,2024-12-18 23:44:27.649236,0 days 00:00:00.494256,kmeans,presence,110,10,COMPLETE
594,0.22065294781708292,2024-12-18 23:44:27.650758,2024-12-18 23:44:28.308047,0 days 00:00:00.657289,kmeans,presence,20,10,COMPLETE
595,0.14956888373724256,2024-12-18 23:44:28.309482,2024-12-18 23:44:28.779137,0 days 00:00:00.469655,kmeans,presence,115,10,COMPLETE
596,0.2297422715906615,2024-12-18 23:44:28.780273,2024-12-18 23:44:29.203125,0 days 00:00:00.422852,kmeans,presence,120,10,COMPLETE
597,0.21120412844847655,2024-12-18 23:44:29.204536,2024-12-18 23:44:29.666476,0 days 00:00:00.461940,kmeans,presence,115,10,COMPLETE
598,0.15989327843920983,2024-12-18 23:44:29.668012,2024-12-18 23:44:30.310365,0 days 00:00:00.642353,kmeans,presence,10,10,COMPLETE
599,0.13248283960059395,2024-12-18 23:44:30.311805,2024-12-18 23:44:30.921584,0 days 00:00:00.609779,kmeans,presence,45,6,COMPLETE
600,0.14693884184082082,2024-12-18 23:44:30.922958,2024-12-18 23:44:31.370042,0 days 00:00:00.447084,kmeans,presence,120,5,COMPLETE
601,0.20023845507572302,2024-12-18 23:44:31.371198,2024-12-18 23:44:31.863406,0 days 00:00:00.492208,kmeans,presence,110,10,COMPLETE
602,0.18115680787344438,2024-12-18 23:44:31.864917,2024-12-18 23:44:32.328263,0 days 00:00:00.463346,kmeans,presence,115,10,COMPLETE
603,0.1472481786671113,2024-12-18 23:44:32.329689,2024-12-18 23:44:32.817385,0 days 00:00:00.487696,kmeans,presence,115,10,COMPLETE
604,0.2072219696089772,2024-12-18 23:44:32.818809,2024-12-18 23:44:33.326356,0 days 00:00:00.507547,kmeans,presence,110,6,COMPLETE
605,0.19619009957207498,2024-12-18 23:44:33.327865,2024-12-18 23:44:33.932095,0 days 00:00:00.604230,kmeans,presence,25,10,COMPLETE
606,0.18706683000589597,2024-12-18 23:44:33.933637,2024-12-18 23:44:34.362501,0 days 00:00:00.428864,kmeans,presence,120,10,COMPLETE
607,0.354572461773639,2024-12-18 23:44:34.363982,2024-12-18 23:44:34.830274,0 days 00:00:00.466292,kmeans,presence,115,5,COMPLETE
608,0.22188785053289284,2024-12-18 23:44:34.831706,2024-12-18 23:44:35.318670,0 days 00:00:00.486964,kmeans,presence,105,5,COMPLETE
609,0.20399040822926148,2024-12-18 23:44:35.320091,2024-12-18 23:44:35.785334,0 days 00:00:00.465243,kmeans,presence,115,5,COMPLETE
610,0.14118711989737684,2024-12-18 23:44:35.787024,2024-12-18 23:44:36.294401,0 days 00:00:00.507377,kmeans,presence,110,4,COMPLETE
611,0.1840817481846263,2024-12-18 23:44:36.295912,2024-12-18 23:44:36.772614,0 days 00:00:00.476702,kmeans,presence,115,5,COMPLETE
612,0.23230772015204593,2024-12-18 23:44:36.774127,2024-12-18 23:44:37.215599,0 days 00:00:00.441472,kmeans,presence,120,6,COMPLETE
613,0.2608019560163267,2024-12-18 23:44:37.217133,2024-12-18 23:44:37.691251,0 days 00:00:00.474118,kmeans,presence,115,5,COMPLETE
614,0.1446268520226369,2024-12-18 23:44:37.692799,2024-12-18 23:44:38.134002,0 days 00:00:00.441203,kmeans,presence,120,6,COMPLETE
615,0.13510810843396448,2024-12-18 23:44:38.135393,2024-12-18 23:44:38.713765,0 days 00:00:00.578372,kmeans,presence,50,4,COMPLETE
616,0.177886895623393,2024-12-18 23:44:38.715312,2024-12-18 23:44:39.213008,0 days 00:00:00.497696,kmeans,presence,110,4,COMPLETE
617,0.19129085035785645,2024-12-18 23:44:39.214552,2024-12-18 23:44:39.684268,0 days 00:00:00.469716,kmeans,presence,115,10,COMPLETE
618,0.1422454621387725,2024-12-18 23:44:39.685715,2024-12-18 23:44:40.356389,0 days 00:00:00.670674,kmeans,presence,5,5,COMPLETE
619,0.19780663398042264,2024-12-18 23:44:40.357921,2024-12-18 23:44:41.008342,0 days 00:00:00.650421,kmeans,presence,10,6,COMPLETE
620,0.1458840420402061,2024-12-18 23:44:41.009840,2024-12-18 23:44:41.448002,0 days 00:00:00.438162,kmeans,presence,120,10,COMPLETE
621,0.2990275998853142,2024-12-18 23:44:41.449428,2024-12-18 23:44:41.937088,0 days 00:00:00.487660,kmeans,presence,110,10,COMPLETE
622,0.20021179831176195,2024-12-18 23:44:41.938706,2024-12-18 23:44:42.414143,0 days 00:00:00.475437,kmeans,presence,115,10,COMPLETE
623,0.19700145587380594,2024-12-18 23:44:42.415415,2024-12-18 23:44:42.985146,0 days 00:00:00.569731,kmeans,presence,60,10,COMPLETE
624,0.22061810408070057,2024-12-18 23:44:42.986670,2024-12-18 23:44:43.464458,0 days 00:00:00.477788,kmeans,presence,115,10,COMPLETE
625,0.2525341219884221,2024-12-18 23:44:43.466018,2024-12-18 23:44:44.099702,0 days 00:00:00.633684,kmeans,presence,15,5,COMPLETE
626,0.19751363668292776,2024-12-18 23:44:44.101237,2024-12-18 23:44:44.598690,0 days 00:00:00.497453,kmeans,presence,105,6,COMPLETE
627,0.11801139353529148,2024-12-18 23:44:44.600250,2024-12-18 23:44:45.093869,0 days 00:00:00.493619,kmeans,presence,110,10,COMPLETE
628,0.21942882474183087,2024-12-18 23:44:45.095373,2024-12-18 23:44:45.530011,0 days 00:00:00.434638,kmeans,presence,120,10,COMPLETE
629,0.12563702022955167,2024-12-18 23:44:45.531538,2024-12-18 23:44:45.999808,0 days 00:00:00.468270,kmeans,presence,115,10,COMPLETE
630,0.10970237030214486,2024-12-18 23:44:46.001376,2024-12-18 23:44:46.430514,0 days 00:00:00.429138,kmeans,presence,120,6,COMPLETE
631,0.22597561120876306,2024-12-18 23:44:46.432075,2024-12-18 23:44:46.901321,0 days 00:00:00.469246,kmeans,presence,115,10,COMPLETE
632,0.19104216477108063,2024-12-18 23:44:46.902925,2024-12-18 23:44:47.398251,0 days 00:00:00.495326,kmeans,presence,110,4,COMPLETE
633,0.17959997528876762,2024-12-18 23:44:47.399639,2024-12-18 23:44:47.896274,0 days 00:00:00.496635,kmeans,presence,105,10,COMPLETE
634,0.13900510655069212,2024-12-18 23:44:47.897707,2024-12-18 23:44:48.361062,0 days 00:00:00.463355,kmeans,presence,115,5,COMPLETE
635,0.17229120937118117,2024-12-18 23:44:48.362490,2024-12-18 23:44:48.804084,0 days 00:00:00.441594,kmeans,presence,120,10,COMPLETE
636,0.1740132347002714,2024-12-18 23:44:48.805627,2024-12-18 23:44:49.284614,0 days 00:00:00.478987,kmeans,presence,110,10,COMPLETE
637,0.22190311124097137,2024-12-18 23:44:49.286023,2024-12-18 23:44:49.764255,0 days 00:00:00.478232,kmeans,presence,115,10,COMPLETE
638,0.21721910285612,2024-12-18 23:44:49.765796,2024-12-18 23:44:50.211998,0 days 00:00:00.446202,kmeans,presence,120,6,COMPLETE
639,0.1951374597791831,2024-12-18 23:44:50.213559,2024-12-18 23:44:50.697481,0 days 00:00:00.483922,kmeans,presence,115,10,COMPLETE
640,0.20463225465784596,2024-12-18 23:44:50.698928,2024-12-18 23:44:51.192628,0 days 00:00:00.493700,kmeans,presence,110,10,COMPLETE
641,0.22238436387365787,2024-12-18 23:44:51.193851,2024-12-18 23:44:51.624589,0 days 00:00:00.430738,kmeans,presence,120,6,COMPLETE
642,0.18036978389918012,2024-12-18 23:44:51.626125,2024-12-18 23:44:52.095843,0 days 00:00:00.469718,kmeans,presence,115,10,COMPLETE
643,0.16001391101090265,2024-12-18 23:44:52.097080,2024-12-18 23:44:52.584203,0 days 00:00:00.487123,kmeans,presence,115,5,COMPLETE
644,0.18059196414156883,2024-12-18 23:44:52.585637,2024-12-18 23:44:53.090427,0 days 00:00:00.504790,kmeans,presence,105,10,COMPLETE
645,0.1102470607872681,2024-12-18 23:44:53.091997,2024-12-18 23:44:53.538736,0 days 00:00:00.446739,kmeans,presence,120,4,COMPLETE
646,0.21537932537796176,2024-12-18 23:44:53.540312,2024-12-18 23:44:54.082589,0 days 00:00:00.542277,kmeans,presence,110,10,COMPLETE
647,0.14975889922546948,2024-12-18 23:44:54.084004,2024-12-18 23:44:54.562768,0 days 00:00:00.478764,kmeans,presence,115,10,COMPLETE
648,0.15781388945489175,2024-12-18 23:44:54.564232,2024-12-18 23:44:55.142511,0 days 00:00:00.578279,kmeans,presence,55,6,COMPLETE
649,0.2269206498140075,2024-12-18 23:44:55.143643,2024-12-18 23:44:55.578676,0 days 00:00:00.435033,kmeans,presence,120,10,COMPLETE
650,0.17302437689246633,2024-12-18 23:44:55.580185,2024-12-18 23:44:56.022066,0 days 00:00:00.441881,kmeans,presence,120,3,COMPLETE
651,0.22287095552318095,2024-12-18 23:44:56.023477,2024-12-18 23:44:56.509576,0 days 00:00:00.486099,kmeans,presence,110,10,COMPLETE
652,0.2440632187482912,2024-12-18 23:44:56.510965,2024-12-18 23:44:56.979236,0 days 00:00:00.468271,kmeans,presence,115,10,COMPLETE
653,0.17243964541271448,2024-12-18 23:44:56.980803,2024-12-18 23:44:57.478179,0 days 00:00:00.497376,kmeans,presence,110,10,COMPLETE
654,0.16016011591737436,2024-12-18 23:44:57.479593,2024-12-18 23:44:57.917857,0 days 00:00:00.438264,kmeans,presence,120,6,COMPLETE
655,0.16628302506524012,2024-12-18 23:44:57.919380,2024-12-18 23:44:58.401081,0 days 00:00:00.481701,kmeans,presence,115,5,COMPLETE
656,0.17456284860892315,2024-12-18 23:44:58.402616,2024-12-18 23:44:58.864727,0 days 00:00:00.462111,kmeans,presence,115,10,COMPLETE
657,0.1352835043752901,2024-12-18 23:44:58.866279,2024-12-18 23:44:59.354261,0 days 00:00:00.487982,kmeans,presence,110,10,COMPLETE
658,0.15757940445231014,2024-12-18 23:44:59.355705,2024-12-18 23:44:59.782348,0 days 00:00:00.426643,kmeans,presence,120,10,COMPLETE
659,0.19015092482056953,2024-12-18 23:44:59.783885,2024-12-18 23:45:00.267009,0 days 00:00:00.483124,kmeans,presence,115,7,COMPLETE
660,0.11449822203473707,2024-12-18 23:45:00.268560,2024-12-18 23:45:00.780497,0 days 00:00:00.511937,kmeans,presence,110,4,COMPLETE
661,0.226604206702018,2024-12-18 23:45:00.782034,2024-12-18 23:45:01.226841,0 days 00:00:00.444807,kmeans,presence,120,10,COMPLETE
662,0.1812009426108674,2024-12-18 23:45:01.228401,2024-12-18 23:45:01.739764,0 days 00:00:00.511363,kmeans,presence,105,10,COMPLETE
