number,value,datetime_start,datetime_complete,duration,params_algorithm,params_filter_criteria,params_filter_threshold,params_k,state
663,0.17916018778479872,2024-12-18 23:45:01.741304,2024-12-18 23:45:02.210459,0 days 00:00:00.469155,kmeans,presence,115,7,COMPLETE
664,0.1653192080209549,2024-12-18 23:45:02.212010,2024-12-18 23:45:02.678188,0 days 00:00:00.466178,kmeans,presence,115,10,COMPLETE
665,0.22279289780401346,2024-12-18 23:45:02.679743,2024-12-18 23:45:03.131206,0 days 00:00:00.451463,kmeans,presence,120,3,COMPLETE
666,0.1409790098260967,2024-12-18 23:45:03.132651,2024-12-18 23:45:03.613787,0 days 00:00:00.481136,kmeans,presence,115,10,COMPLETE
667,0.23038334553312087,2024-12-18 23:45:03.615357,2024-12-18 23:45:04.114906,0 days 00:00:00.499549,kmeans,presence,105,6,COMPLETE
668,0.16509028553049135,2024-12-18 23:45:04.116316,2024-12-18 23:45:04.711381,0 days 00:00:00.595065,kmeans,presence,50,4,COMPLETE
669,0.1699562986932067,2024-12-18 23:45:04.712868,2024-12-18 23:45:05.345105,0 days 00:00:00.632237,kmeans,presence,15,5,COMPLETE
670,0.21272396876737432,2024-12-18 23:45:05.346649,2024-12-18 23:45:05.812821,0 days 00:00:00.466172,kmeans,presence,120,10,COMPLETE
671,0.20424752408685762,2024-12-18 23:45:05.814379,2024-12-18 23:45:06.311222,0 days 00:00:00.496843,kmeans,presence,110,10,COMPLETE
672,0.18481851382596992,2024-12-18 23:45:06.312614,2024-12-18 23:45:06.761019,0 days 00:00:00.448405,kmeans,presence,115,10,COMPLETE
673,0.21277400507888447,2024-12-18 23:45:06.762557,2024-12-18 23:45:07.261561,0 days 00:00:00.499004,kmeans,presence,110,8,COMPLETE
674,0.16201606410805278,2024-12-18 23:45:07.263096,2024-12-18 23:45:07.741770,0 days 00:00:00.478674,kmeans,presence,115,10,COMPLETE
675,0.2890072678128282,2024-12-18 23:45:07.743425,2024-12-18 23:45:08.190173,0 days 00:00:00.446748,kmeans,presence,120,6,COMPLETE
676,0.22426002687529967,2024-12-18 23:45:08.191616,2024-12-18 23:45:08.628347,0 days 00:00:00.436731,kmeans,presence,120,6,COMPLETE
677,0.10426665895192072,2024-12-18 23:45:08.629846,2024-12-18 23:45:09.069689,0 days 00:00:00.439843,kmeans,presence,120,5,COMPLETE
678,0.13164881438883375,2024-12-18 23:45:09.071003,2024-12-18 23:45:09.509643,0 days 00:00:00.438640,kmeans,presence,120,6,COMPLETE
679,0.13816137899337586,2024-12-18 23:45:09.511302,2024-12-18 23:45:09.960087,0 days 00:00:00.448785,kmeans,presence,120,6,COMPLETE
680,0.162245990956379,2024-12-18 23:45:09.961628,2024-12-18 23:45:10.399489,0 days 00:00:00.437861,kmeans,presence,120,7,COMPLETE
681,0.1603510944311218,2024-12-18 23:45:10.401007,2024-12-18 23:45:10.854002,0 days 00:00:00.452995,kmeans,presence,120,7,COMPLETE
682,0.18841118294145187,2024-12-18 23:45:10.855552,2024-12-18 23:45:11.528218,0 days 00:00:00.672666,kmeans,presence,5,6,COMPLETE
683,0.2630686929472239,2024-12-18 23:45:11.529761,2024-12-18 23:45:12.007136,0 days 00:00:00.477375,kmeans,presence,115,5,COMPLETE
684,0.19551264784451708,2024-12-18 23:45:12.008680,2024-12-18 23:45:12.443540,0 days 00:00:00.434860,kmeans,presence,120,6,COMPLETE
685,0.11149642315538962,2024-12-18 23:45:12.445066,2024-12-18 23:45:13.074086,0 days 00:00:00.629020,kmeans,presence,10,5,COMPLETE
686,0.1862743868591393,2024-12-18 23:45:13.075447,2024-12-18 23:45:13.531500,0 days 00:00:00.456053,kmeans,presence,120,7,COMPLETE
687,0.22310549510520264,2024-12-18 23:45:13.533051,2024-12-18 23:45:14.010253,0 days 00:00:00.477202,kmeans,presence,115,6,COMPLETE
688,0.1136584683257174,2024-12-18 23:45:14.011792,2024-12-18 23:45:14.509621,0 days 00:00:00.497829,kmeans,presence,110,4,COMPLETE
689,0.17105271309906755,2024-12-18 23:45:14.511071,2024-12-18 23:45:14.969178,0 days 00:00:00.458107,kmeans,presence,120,8,COMPLETE
690,0.14381140058064304,2024-12-18 23:45:14.970710,2024-12-18 23:45:15.448610,0 days 00:00:00.477900,kmeans,presence,115,7,COMPLETE
691,0.15828508943935418,2024-12-18 23:45:15.450097,2024-12-18 23:45:15.963136,0 days 00:00:00.513039,kmeans,presence,105,6,COMPLETE
692,0.10123387377705062,2024-12-18 23:45:15.964643,2024-12-18 23:45:16.530836,0 days 00:00:00.566193,kmeans,presence,65,5,COMPLETE
693,0.2680610560293939,2024-12-18 23:45:16.532448,2024-12-18 23:45:16.978008,0 days 00:00:00.445560,kmeans,presence,120,4,COMPLETE
694,0.15835668779140524,2024-12-18 23:45:16.979410,2024-12-18 23:45:17.475778,0 days 00:00:00.496368,kmeans,presence,110,7,COMPLETE
695,0.16872963165899468,2024-12-18 23:45:17.477050,2024-12-18 23:45:18.044703,0 days 00:00:00.567653,kmeans,presence,75,8,COMPLETE
696,0.17239606804643826,2024-12-18 23:45:18.045839,2024-12-18 23:45:18.516049,0 days 00:00:00.470210,kmeans,presence,115,7,COMPLETE
697,0.15689910030664228,2024-12-18 23:45:18.517608,2024-12-18 23:45:18.971213,0 days 00:00:00.453605,kmeans,presence,120,3,COMPLETE
698,0.16668113776788926,2024-12-18 23:45:18.972420,2024-12-18 23:45:19.607995,0 days 00:00:00.635575,kmeans,presence,20,6,COMPLETE
699,0.18380816949694298,2024-12-18 23:45:19.609463,2024-12-18 23:45:20.095778,0 days 00:00:00.486315,kmeans,presence,115,4,COMPLETE
700,0.26969808278790897,2024-12-18 23:45:20.097327,2024-12-18 23:45:20.597152,0 days 00:00:00.499825,kmeans,presence,110,10,COMPLETE
701,0.26837375757538134,2024-12-18 23:45:20.598725,2024-12-18 23:45:21.076507,0 days 00:00:00.477782,kmeans,presence,115,5,COMPLETE
702,0.16166390978279968,2024-12-18 23:45:21.077926,2024-12-18 23:45:21.622931,0 days 00:00:00.545005,kmeans,presence,85,8,COMPLETE
703,0.14436079120908948,2024-12-18 23:45:21.624347,2024-12-18 23:45:22.072810,0 days 00:00:00.448463,kmeans,presence,120,5,COMPLETE
704,0.1743265429345883,2024-12-18 23:45:22.074397,2024-12-18 23:45:22.645487,0 days 00:00:00.571090,kmeans,presence,45,10,COMPLETE
705,0.1320314978485073,2024-12-18 23:45:22.647040,2024-12-18 23:45:23.249155,0 days 00:00:00.602115,kmeans,presence,55,6,COMPLETE
706,0.15018277586147827,2024-12-18 23:45:23.250597,2024-12-18 23:45:23.735437,0 days 00:00:00.484840,kmeans,presence,115,7,COMPLETE
707,0.2114273823554185,2024-12-18 23:45:23.736884,2024-12-18 23:45:24.192605,0 days 00:00:00.455721,kmeans,presence,120,10,COMPLETE
708,0.17117115467094401,2024-12-18 23:45:24.194235,2024-12-18 23:45:24.687064,0 days 00:00:00.492829,kmeans,presence,105,3,COMPLETE
709,0.15611965124519034,2024-12-18 23:45:24.688630,2024-12-18 23:45:25.169295,0 days 00:00:00.480665,kmeans,presence,110,6,COMPLETE
710,0.21408682733831366,2024-12-18 23:45:25.170861,2024-12-18 23:45:25.637599,0 days 00:00:00.466738,kmeans,presence,115,10,COMPLETE
711,0.17515556934311452,2024-12-18 23:45:25.639144,2024-12-18 23:45:26.084268,0 days 00:00:00.445124,kmeans,presence,120,10,COMPLETE
712,0.224188294250228,2024-12-18 23:45:26.085818,2024-12-18 23:45:26.557366,0 days 00:00:00.471548,kmeans,presence,115,10,COMPLETE
713,0.20920545157133882,2024-12-18 23:45:26.558873,2024-12-18 23:45:27.012419,0 days 00:00:00.453546,kmeans,presence,120,8,COMPLETE
714,0.17703697227962312,2024-12-18 23:45:27.013973,2024-12-18 23:45:27.507972,0 days 00:00:00.493999,kmeans,presence,110,7,COMPLETE
715,0.27319525824259605,2024-12-18 23:45:27.509558,2024-12-18 23:45:28.017667,0 days 00:00:00.508109,kmeans,presence,110,5,COMPLETE
716,0.21277423285931177,2024-12-18 23:45:28.019202,2024-12-18 23:45:28.590665,0 days 00:00:00.571463,kmeans,presence,80,10,COMPLETE
717,0.1124541480745031,2024-12-18 23:45:28.591948,2024-12-18 23:45:29.181088,0 days 00:00:00.589140,kmeans,presence,60,10,COMPLETE
718,0.1749409844426817,2024-12-18 23:45:29.182756,2024-12-18 23:45:29.820262,0 days 00:00:00.637506,kmeans,presence,20,6,COMPLETE
719,0.11440314553267439,2024-12-18 23:45:29.821791,2024-12-18 23:45:30.341631,0 days 00:00:00.519840,kmeans,presence,105,7,COMPLETE
720,0.15381587524195425,2024-12-18 23:45:30.343234,2024-12-18 23:45:30.832143,0 days 00:00:00.488909,kmeans,presence,115,4,COMPLETE
721,0.20436038731773265,2024-12-18 23:45:30.833702,2024-12-18 23:45:31.316814,0 days 00:00:00.483112,kmeans,presence,115,10,COMPLETE
722,0.17262093346671814,2024-12-18 23:45:31.318368,2024-12-18 23:45:31.766470,0 days 00:00:00.448102,kmeans,presence,120,5,COMPLETE
723,0.13998425642901993,2024-12-18 23:45:31.767999,2024-12-18 23:45:32.248404,0 days 00:00:00.480405,kmeans,presence,115,10,COMPLETE
724,0.13899159256424112,2024-12-18 23:45:32.249851,2024-12-18 23:45:32.704777,0 days 00:00:00.454926,kmeans,presence,120,10,COMPLETE
725,0.17307771870787914,2024-12-18 23:45:32.706237,2024-12-18 23:45:33.251963,0 days 00:00:00.545726,kmeans,presence,90,6,COMPLETE
726,0.15202027680674482,2024-12-18 23:45:33.253437,2024-12-18 23:45:33.716832,0 days 00:00:00.463395,kmeans,presence,115,10,COMPLETE
727,0.16315732299446772,2024-12-18 23:45:33.718321,2024-12-18 23:45:34.213566,0 days 00:00:00.495245,kmeans,presence,110,10,COMPLETE
728,0.17394924190829256,2024-12-18 23:45:34.215020,2024-12-18 23:45:34.668722,0 days 00:00:00.453702,kmeans,presence,120,10,COMPLETE
729,0.1566140747209673,2024-12-18 23:45:34.670133,2024-12-18 23:45:35.321589,0 days 00:00:00.651456,kmeans,presence,15,8,COMPLETE
730,0.22923067059235905,2024-12-18 23:45:35.323119,2024-12-18 23:45:35.853410,0 days 00:00:00.530291,kmeans,presence,105,7,COMPLETE
731,0.1413289163775626,2024-12-18 23:45:35.854799,2024-12-18 23:45:36.386251,0 days 00:00:00.531452,kmeans,presence,100,6,COMPLETE
732,0.20729700305408572,2024-12-18 23:45:36.387814,2024-12-18 23:45:36.860972,0 days 00:00:00.473158,kmeans,presence,115,10,COMPLETE
733,0.22679224377706628,2024-12-18 23:45:36.862544,2024-12-18 23:45:37.370148,0 days 00:00:00.507604,kmeans,presence,110,10,COMPLETE
734,0.14618984598089577,2024-12-18 23:45:37.371611,2024-12-18 23:45:37.828278,0 days 00:00:00.456667,kmeans,presence,120,3,COMPLETE
735,0.19189476235163286,2024-12-18 23:45:37.829713,2024-12-18 23:45:38.302905,0 days 00:00:00.473192,kmeans,presence,115,5,COMPLETE
736,0.24476578822753903,2024-12-18 23:45:38.304371,2024-12-18 23:45:38.788315,0 days 00:00:00.483944,kmeans,presence,115,10,COMPLETE
737,0.19690752139572187,2024-12-18 23:45:38.789899,2024-12-18 23:45:39.289062,0 days 00:00:00.499163,kmeans,presence,110,10,COMPLETE
738,0.22896740911535374,2024-12-18 23:45:39.290573,2024-12-18 23:45:39.736806,0 days 00:00:00.446233,kmeans,presence,120,6,COMPLETE
739,0.19983086857112498,2024-12-18 23:45:39.738398,2024-12-18 23:45:40.381028,0 days 00:00:00.642630,kmeans,presence,15,7,COMPLETE
740,0.14821066429586713,2024-12-18 23:45:40.382611,2024-12-18 23:45:40.883213,0 days 00:00:00.500602,kmeans,presence,115,10,COMPLETE
741,0.1937942399568056,2024-12-18 23:45:40.884773,2024-12-18 23:45:41.348384,0 days 00:00:00.463611,kmeans,presence,120,4,COMPLETE
742,0.22123808202508952,2024-12-18 23:45:41.349927,2024-12-18 23:45:41.835367,0 days 00:00:00.485440,kmeans,presence,115,10,COMPLETE
743,0.23512491025788376,2024-12-18 23:45:41.836904,2024-12-18 23:45:42.321085,0 days 00:00:00.484181,kmeans,presence,110,7,COMPLETE
744,0.24213231369023855,2024-12-18 23:45:42.322642,2024-12-18 23:45:42.769183,0 days 00:00:00.446541,kmeans,presence,120,10,COMPLETE
745,0.24237292600454152,2024-12-18 23:45:42.770757,2024-12-18 23:45:43.249123,0 days 00:00:00.478366,kmeans,presence,115,6,COMPLETE
746,0.20539520305732006,2024-12-18 23:45:43.250590,2024-12-18 23:45:43.745714,0 days 00:00:00.495124,kmeans,presence,105,8,COMPLETE
747,0.1888292607273151,2024-12-18 23:45:43.747329,2024-12-18 23:45:44.280551,0 days 00:00:00.533222,kmeans,presence,100,4,COMPLETE
748,0.16474836160711873,2024-12-18 23:45:44.282260,2024-12-18 23:45:44.768769,0 days 00:00:00.486509,kmeans,presence,110,10,COMPLETE
749,0.1654618591615211,2024-12-18 23:45:44.770374,2024-12-18 23:45:45.223729,0 days 00:00:00.453355,kmeans,presence,120,10,COMPLETE
750,0.23713781521912022,2024-12-18 23:45:45.225315,2024-12-18 23:45:45.763748,0 days 00:00:00.538433,kmeans,presence,95,6,COMPLETE
751,0.168141532694749,2024-12-18 23:45:45.765341,2024-12-18 23:45:46.407365,0 days 00:00:00.642024,kmeans,presence,10,5,COMPLETE
752,0.17521202716787476,2024-12-18 23:45:46.408913,2024-12-18 23:45:46.882866,0 days 00:00:00.473953,kmeans,presence,115,10,COMPLETE
753,0.1955503203623871,2024-12-18 23:45:46.884359,2024-12-18 23:45:47.437401,0 days 00:00:00.553042,kmeans,presence,85,5,COMPLETE
754,0.22720656127580188,2024-12-18 23:45:47.439001,2024-12-18 23:45:47.881952,0 days 00:00:00.442951,kmeans,presence,120,9,COMPLETE
755,0.2495197499708882,2024-12-18 23:45:47.883534,2024-12-18 23:45:48.384686,0 days 00:00:00.501152,kmeans,presence,110,10,COMPLETE
756,0.1644748053365839,2024-12-18 23:45:48.386129,2024-12-18 23:45:48.873412,0 days 00:00:00.487283,kmeans,presence,115,9,COMPLETE
757,0.13094583495116208,2024-12-18 23:45:48.874515,2024-12-18 23:45:49.534564,0 days 00:00:00.660049,kmeans,presence,20,10,COMPLETE
758,0.13433396064927172,2024-12-18 23:45:49.536121,2024-12-18 23:45:49.976517,0 days 00:00:00.440396,kmeans,presence,120,7,COMPLETE
759,0.2402483477582801,2024-12-18 23:45:49.977770,2024-12-18 23:45:50.471042,0 days 00:00:00.493272,kmeans,presence,115,8,COMPLETE
760,0.147841826033856,2024-12-18 23:45:50.472241,2024-12-18 23:45:51.031305,0 days 00:00:00.559064,kmeans,presence,90,3,COMPLETE
761,0.1757742694642078,2024-12-18 23:45:51.032574,2024-12-18 23:45:51.512420,0 days 00:00:00.479846,kmeans,presence,115,10,COMPLETE
762,0.13151441726794857,2024-12-18 23:45:51.514004,2024-12-18 23:45:52.012694,0 days 00:00:00.498690,kmeans,presence,110,4,COMPLETE
763,0.1412449555847525,2024-12-18 23:45:52.014322,2024-12-18 23:45:52.610944,0 days 00:00:00.596622,kmeans,presence,50,10,COMPLETE
764,0.15824945534595053,2024-12-18 23:45:52.612392,2024-12-18 23:45:53.133516,0 days 00:00:00.521124,kmeans,presence,105,9,COMPLETE
765,0.12589568050814157,2024-12-18 23:45:53.135134,2024-12-18 23:45:53.576672,0 days 00:00:00.441538,kmeans,presence,120,6,COMPLETE
766,0.31000106773647124,2024-12-18 23:45:53.577951,2024-12-18 23:45:54.060226,0 days 00:00:00.482275,kmeans,presence,115,7,COMPLETE
767,0.17245636566890055,2024-12-18 23:45:54.061685,2024-12-18 23:45:54.507666,0 days 00:00:00.445981,kmeans,presence,120,7,COMPLETE
768,0.2997351176274535,2024-12-18 23:45:54.509121,2024-12-18 23:45:54.967162,0 days 00:00:00.458041,kmeans,presence,115,7,COMPLETE
769,0.14232460605945396,2024-12-18 23:45:54.968354,2024-12-18 23:45:55.426312,0 days 00:00:00.457958,kmeans,presence,120,7,COMPLETE
770,0.15949064901083024,2024-12-18 23:45:55.427868,2024-12-18 23:45:56.030665,0 days 00:00:00.602797,kmeans,presence,45,7,COMPLETE
771,0.1605589367428023,2024-12-18 23:45:56.032273,2024-12-18 23:45:56.493980,0 days 00:00:00.461707,kmeans,presence,115,7,COMPLETE
772,0.2767557568088359,2024-12-18 23:45:56.495585,2024-12-18 23:45:56.985784,0 days 00:00:00.490199,kmeans,presence,115,7,COMPLETE
773,0.28532445619569397,2024-12-18 23:45:56.987072,2024-12-18 23:45:57.552182,0 days 00:00:00.565110,kmeans,presence,60,7,COMPLETE
774,0.09986161516311465,2024-12-18 23:45:57.553423,2024-12-18 23:45:58.125837,0 days 00:00:00.572414,kmeans,presence,50,7,COMPLETE
775,0.11922270688757047,2024-12-18 23:45:58.127431,2024-12-18 23:45:58.724487,0 days 00:00:00.597056,kmeans,presence,55,7,COMPLETE
776,0.17179121191763666,2024-12-18 23:45:58.726076,2024-12-18 23:45:59.169482,0 days 00:00:00.443406,kmeans,presence,120,7,COMPLETE
777,0.14676298771098406,2024-12-18 23:45:59.171068,2024-12-18 23:45:59.609654,0 days 00:00:00.438586,kmeans,presence,120,7,COMPLETE
778,0.24447463472304812,2024-12-18 23:45:59.611304,2024-12-18 23:46:00.204380,0 days 00:00:00.593076,kmeans,presence,60,7,COMPLETE
779,0.3178736131884386,2024-12-18 23:46:00.205912,2024-12-18 23:46:00.681337,0 days 00:00:00.475425,kmeans,presence,115,7,COMPLETE
780,0.24701526469617288,2024-12-18 23:46:00.682862,2024-12-18 23:46:01.287845,0 days 00:00:00.604983,kmeans,presence,45,7,COMPLETE
781,0.15628022924444376,2024-12-18 23:46:01.289426,2024-12-18 23:46:01.906328,0 days 00:00:00.616902,kmeans,presence,25,7,COMPLETE
782,0.2477313468771644,2024-12-18 23:46:01.907901,2024-12-18 23:46:02.375284,0 days 00:00:00.467383,kmeans,presence,120,7,COMPLETE
783,0.16096508353248276,2024-12-18 23:46:02.376874,2024-12-18 23:46:02.871849,0 days 00:00:00.494975,kmeans,presence,115,7,COMPLETE
784,0.23132497292780027,2024-12-18 23:46:02.873111,2024-12-18 23:46:03.371462,0 days 00:00:00.498351,kmeans,presence,115,7,COMPLETE
785,0.16870605300105965,2024-12-18 23:46:03.372976,2024-12-18 23:46:04.075143,0 days 00:00:00.702167,kmeans,presence,15,7,COMPLETE
786,0.16632112474312896,2024-12-18 23:46:04.076696,2024-12-18 23:46:04.512351,0 days 00:00:00.435655,kmeans,presence,120,7,COMPLETE
787,0.2067268886927837,2024-12-18 23:46:04.513937,2024-12-18 23:46:05.139858,0 days 00:00:00.625921,kmeans,presence,20,7,COMPLETE
788,0.12808060932306964,2024-12-18 23:46:05.141527,2024-12-18 23:46:05.609838,0 days 00:00:00.468311,kmeans,presence,115,7,COMPLETE
789,0.19778032283347566,2024-12-18 23:46:05.611273,2024-12-18 23:46:06.046911,0 days 00:00:00.435638,kmeans,presence,120,7,COMPLETE
790,0.19656025167725658,2024-12-18 23:46:06.048521,2024-12-18 23:46:06.534917,0 days 00:00:00.486396,kmeans,presence,115,7,COMPLETE
791,0.1664939950717832,2024-12-18 23:46:06.536494,2024-12-18 23:46:07.024508,0 days 00:00:00.488014,kmeans,presence,115,7,COMPLETE
792,0.19598206806636498,2024-12-18 23:46:07.026125,2024-12-18 23:46:07.477905,0 days 00:00:00.451780,kmeans,presence,120,7,COMPLETE
793,0.19096376560813275,2024-12-18 23:46:07.479516,2024-12-18 23:46:07.974710,0 days 00:00:00.495194,kmeans,presence,110,7,COMPLETE
794,0.1833370526229634,2024-12-18 23:46:07.976245,2024-12-18 23:46:08.451562,0 days 00:00:00.475317,kmeans,presence,115,7,COMPLETE
795,0.19131096234049472,2024-12-18 23:46:08.453131,2024-12-18 23:46:08.910499,0 days 00:00:00.457368,kmeans,presence,120,7,COMPLETE
796,0.21165383215753245,2024-12-18 23:46:08.912020,2024-12-18 23:46:09.732781,0 days 00:00:00.820761,kmeans,presence,0,7,COMPLETE
797,0.12893117445398672,2024-12-18 23:46:09.734375,2024-12-18 23:46:10.214378,0 days 00:00:00.480003,kmeans,presence,120,7,COMPLETE
798,0.21348444809322142,2024-12-18 23:46:10.215990,2024-12-18 23:46:10.697069,0 days 00:00:00.481079,kmeans,presence,115,7,COMPLETE
799,0.14010092147970568,2024-12-18 23:46:10.698662,2024-12-18 23:46:11.204721,0 days 00:00:00.506059,kmeans,presence,110,7,COMPLETE
800,0.2220928642050044,2024-12-18 23:46:11.206323,2024-12-18 23:46:11.855553,0 days 00:00:00.649230,kmeans,presence,25,7,COMPLETE
801,0.14843282136660385,2024-12-18 23:46:11.857117,2024-12-18 23:46:12.347311,0 days 00:00:00.490194,kmeans,presence,115,7,COMPLETE
802,0.14076656512919253,2024-12-18 23:46:12.348937,2024-12-18 23:46:12.817965,0 days 00:00:00.469028,kmeans,presence,120,7,COMPLETE
803,0.16737209693716112,2024-12-18 23:46:12.819230,2024-12-18 23:46:13.343165,0 days 00:00:00.523935,kmeans,presence,110,7,COMPLETE
804,0.244024605179378,2024-12-18 23:46:13.344766,2024-12-18 23:46:13.841404,0 days 00:00:00.496638,kmeans,presence,115,7,COMPLETE
805,0.28133425986587807,2024-12-18 23:46:13.842958,2024-12-18 23:46:14.282767,0 days 00:00:00.439809,kmeans,presence,120,7,COMPLETE
806,0.1616794772819726,2024-12-18 23:46:14.284369,2024-12-18 23:46:14.929940,0 days 00:00:00.645571,kmeans,presence,40,7,COMPLETE
807,0.18309701313152474,2024-12-18 23:46:14.931598,2024-12-18 23:46:15.477382,0 days 00:00:00.545784,kmeans,presence,95,7,COMPLETE
808,0.20335004341151783,2024-12-18 23:46:15.478923,2024-12-18 23:46:15.960485,0 days 00:00:00.481562,kmeans,presence,115,7,COMPLETE
809,0.22386466445206668,2024-12-18 23:46:15.962007,2024-12-18 23:46:16.459752,0 days 00:00:00.497745,kmeans,presence,110,7,COMPLETE
810,0.202985528435265,2024-12-18 23:46:16.461310,2024-12-18 23:46:16.913277,0 days 00:00:00.451967,kmeans,presence,120,8,COMPLETE
811,0.14468482950147885,2024-12-18 23:46:16.914576,2024-12-18 23:46:17.409156,0 days 00:00:00.494580,kmeans,presence,115,7,COMPLETE
812,0.20522188660892426,2024-12-18 23:46:17.410783,2024-12-18 23:46:17.904614,0 days 00:00:00.493831,kmeans,presence,115,7,COMPLETE
813,0.20759201461981838,2024-12-18 23:46:17.906123,2024-12-18 23:46:18.360467,0 days 00:00:00.454344,kmeans,presence,120,7,COMPLETE
814,0.10959067212467566,2024-12-18 23:46:18.361962,2024-12-18 23:46:18.995557,0 days 00:00:00.633595,kmeans,presence,45,8,COMPLETE
815,0.17471649676309134,2024-12-18 23:46:18.997110,2024-12-18 23:46:19.493723,0 days 00:00:00.496613,kmeans,presence,110,7,COMPLETE
816,0.16938171297746063,2024-12-18 23:46:19.495348,2024-12-18 23:46:20.031175,0 days 00:00:00.535827,kmeans,presence,100,7,COMPLETE
817,0.12614201156403285,2024-12-18 23:46:20.032749,2024-12-18 23:46:20.622086,0 days 00:00:00.589337,kmeans,presence,55,8,COMPLETE
818,0.15251961474827974,2024-12-18 23:46:20.623708,2024-12-18 23:46:21.096240,0 days 00:00:00.472532,kmeans,presence,115,7,COMPLETE
819,0.21020220683888458,2024-12-18 23:46:21.097820,2024-12-18 23:46:21.544556,0 days 00:00:00.446736,kmeans,presence,120,7,COMPLETE
820,0.16791463900362172,2024-12-18 23:46:21.546161,2024-12-18 23:46:22.033874,0 days 00:00:00.487713,kmeans,presence,115,7,COMPLETE
821,0.1636986408186745,2024-12-18 23:46:22.035333,2024-12-18 23:46:22.539729,0 days 00:00:00.504396,kmeans,presence,115,8,COMPLETE
822,0.1891732263467857,2024-12-18 23:46:22.541361,2024-12-18 23:46:23.021348,0 days 00:00:00.479987,kmeans,presence,120,7,COMPLETE
823,0.15327844003877397,2024-12-18 23:46:23.023018,2024-12-18 23:46:23.594201,0 days 00:00:00.571183,kmeans,presence,50,2,COMPLETE
824,0.12676041265144525,2024-12-18 23:46:23.595792,2024-12-18 23:46:24.231902,0 days 00:00:00.636110,kmeans,presence,20,7,COMPLETE
825,0.17597400290606546,2024-12-18 23:46:24.233506,2024-12-18 23:46:24.713049,0 days 00:00:00.479543,kmeans,presence,110,8,COMPLETE
826,0.17595834625370563,2024-12-18 23:46:24.714551,2024-12-18 23:46:25.153597,0 days 00:00:00.439046,kmeans,presence,120,4,COMPLETE
827,0.2042063047305046,2024-12-18 23:46:25.154814,2024-12-18 23:46:25.638766,0 days 00:00:00.483952,kmeans,presence,115,7,COMPLETE
828,0.24963539688912875,2024-12-18 23:46:25.640399,2024-12-18 23:46:26.167828,0 days 00:00:00.527429,kmeans,presence,110,7,COMPLETE
