number,value,datetime_start,datetime_complete,duration,params_algorithm,params_filter_criteria,params_filter_threshold,params_k,state
995,0.14730412286036976,2024-12-18 23:47:48.691802,2024-12-18 23:47:49.312391,0 days 00:00:00.620589,kmeans,presence,20,6,COMPLETE
996,0.13375574684703725,2024-12-18 23:47:49.314051,2024-12-18 23:47:49.785066,0 days 00:00:00.471015,kmeans,presence,115,8,COMPLETE
997,0.2418842835420849,2024-12-18 23:47:49.786682,2024-12-18 23:47:50.251396,0 days 00:00:00.464714,kmeans,presence,120,3,COMPLETE
998,0.1439814779969464,2024-12-18 23:47:50.253061,2024-12-18 23:47:50.728448,0 days 00:00:00.475387,kmeans,presence,115,9,COMPLETE
999,0.19040727259911763,2024-12-18 23:47:50.730001,2024-12-18 23:47:51.224722,0 days 00:00:00.494721,kmeans,presence,115,9,COMPLETE
